[2023-05-27T10:53:09.273-0500] {taskinstance.py:1103} INFO - Dependencies all met for dep_context=non-requeueable deps ti=<TaskInstance: stock_etf_analysis_dag_v_06.stage1_stocks_transform_task manual__2023-05-27T15:52:50.414540+00:00 [queued]>
[2023-05-27T10:53:09.291-0500] {taskinstance.py:1103} INFO - Dependencies all met for dep_context=requeueable deps ti=<TaskInstance: stock_etf_analysis_dag_v_06.stage1_stocks_transform_task manual__2023-05-27T15:52:50.414540+00:00 [queued]>
[2023-05-27T10:53:09.309-0500] {taskinstance.py:1308} INFO - Starting attempt 1 of 2
[2023-05-27T10:53:09.377-0500] {taskinstance.py:1327} INFO - Executing <Task(SparkSubmitOperator): stage1_stocks_transform_task> on 2023-05-27 15:52:50.414540+00:00
[2023-05-27T10:53:09.380-0500] {standard_task_runner.py:57} INFO - Started process 7335 to run task
[2023-05-27T10:53:09.386-0500] {standard_task_runner.py:84} INFO - Running: ['airflow', 'tasks', 'run', 'stock_etf_analysis_dag_v_06', 'stage1_stocks_transform_task', 'manual__2023-05-27T15:52:50.414540+00:00', '--job-id', '61', '--raw', '--subdir', 'DAGS_FOLDER/assignment/stock-analysis.py', '--cfg-path', '/var/folders/rj/4j_wg7hj631gk16sz5z2gtzc0000gn/T/tmptq3e3ql8']
[2023-05-27T10:53:09.402-0500] {standard_task_runner.py:85} INFO - Job 61: Subtask stage1_stocks_transform_task
[2023-05-27T10:53:09.499-0500] {task_command.py:410} INFO - Running <TaskInstance: stock_etf_analysis_dag_v_06.stage1_stocks_transform_task manual__2023-05-27T15:52:50.414540+00:00 [running]> on host sujatas-mbp-2
[2023-05-27T10:53:09.588-0500] {taskinstance.py:1545} INFO - Exporting env vars: AIRFLOW_CTX_DAG_OWNER='sb' AIRFLOW_CTX_DAG_ID='stock_etf_analysis_dag_v_06' AIRFLOW_CTX_TASK_ID='stage1_stocks_transform_task' AIRFLOW_CTX_EXECUTION_DATE='2023-05-27T15:52:50.414540+00:00' AIRFLOW_CTX_TRY_NUMBER='1' AIRFLOW_CTX_DAG_RUN_ID='manual__2023-05-27T15:52:50.414540+00:00'
[2023-05-27T10:53:09.592-0500] {base.py:73} INFO - Using connection ID 'spark_stand_alone' for task execution.
[2023-05-27T10:53:09.593-0500] {spark_submit.py:339} INFO - Spark-Submit cmd: spark-submit --master local[*] --name arrow-spark --queue root.default ./airflow/dags/assignment/transform_stocks_stage1.py
[2023-05-27T10:53:11.261-0500] {spark_submit.py:490} INFO - 23/05/27 10:53:11 INFO SparkContext: Running Spark version 3.4.0
[2023-05-27T10:53:11.307-0500] {spark_submit.py:490} INFO - 23/05/27 10:53:11 WARN NativeCodeLoader: Unable to load native-hadoop library for your platform... using builtin-java classes where applicable
[2023-05-27T10:53:11.376-0500] {spark_submit.py:490} INFO - 23/05/27 10:53:11 INFO ResourceUtils: ==============================================================
[2023-05-27T10:53:11.377-0500] {spark_submit.py:490} INFO - 23/05/27 10:53:11 INFO ResourceUtils: No custom resources configured for spark.driver.
[2023-05-27T10:53:11.377-0500] {spark_submit.py:490} INFO - 23/05/27 10:53:11 INFO ResourceUtils: ==============================================================
[2023-05-27T10:53:11.377-0500] {spark_submit.py:490} INFO - 23/05/27 10:53:11 INFO SparkContext: Submitted application: stock data analysis
[2023-05-27T10:53:11.393-0500] {spark_submit.py:490} INFO - 23/05/27 10:53:11 INFO ResourceProfile: Default ResourceProfile created, executor resources: Map(cores -> name: cores, amount: 1, script: , vendor: , memory -> name: memory, amount: 1024, script: , vendor: , offHeap -> name: offHeap, amount: 0, script: , vendor: ), task resources: Map(cpus -> name: cpus, amount: 1.0)
[2023-05-27T10:53:11.400-0500] {spark_submit.py:490} INFO - 23/05/27 10:53:11 INFO ResourceProfile: Limiting resource is cpu
[2023-05-27T10:53:11.402-0500] {spark_submit.py:490} INFO - 23/05/27 10:53:11 INFO ResourceProfileManager: Added ResourceProfile id: 0
[2023-05-27T10:53:11.441-0500] {spark_submit.py:490} INFO - 23/05/27 10:53:11 INFO SecurityManager: Changing view acls to: sujatabaral
[2023-05-27T10:53:11.442-0500] {spark_submit.py:490} INFO - 23/05/27 10:53:11 INFO SecurityManager: Changing modify acls to: sujatabaral
[2023-05-27T10:53:11.442-0500] {spark_submit.py:490} INFO - 23/05/27 10:53:11 INFO SecurityManager: Changing view acls groups to:
[2023-05-27T10:53:11.442-0500] {spark_submit.py:490} INFO - 23/05/27 10:53:11 INFO SecurityManager: Changing modify acls groups to:
[2023-05-27T10:53:11.443-0500] {spark_submit.py:490} INFO - 23/05/27 10:53:11 INFO SecurityManager: SecurityManager: authentication disabled; ui acls disabled; users with view permissions: sujatabaral; groups with view permissions: EMPTY; users with modify permissions: sujatabaral; groups with modify permissions: EMPTY
[2023-05-27T10:53:11.605-0500] {spark_submit.py:490} INFO - 23/05/27 10:53:11 INFO Utils: Successfully started service 'sparkDriver' on port 59940.
[2023-05-27T10:53:11.624-0500] {spark_submit.py:490} INFO - 23/05/27 10:53:11 INFO SparkEnv: Registering MapOutputTracker
[2023-05-27T10:53:11.650-0500] {spark_submit.py:490} INFO - 23/05/27 10:53:11 INFO SparkEnv: Registering BlockManagerMaster
[2023-05-27T10:53:11.662-0500] {spark_submit.py:490} INFO - 23/05/27 10:53:11 INFO BlockManagerMasterEndpoint: Using org.apache.spark.storage.DefaultTopologyMapper for getting topology information
[2023-05-27T10:53:11.662-0500] {spark_submit.py:490} INFO - 23/05/27 10:53:11 INFO BlockManagerMasterEndpoint: BlockManagerMasterEndpoint up
[2023-05-27T10:53:11.665-0500] {spark_submit.py:490} INFO - 23/05/27 10:53:11 INFO SparkEnv: Registering BlockManagerMasterHeartbeat
[2023-05-27T10:53:11.680-0500] {spark_submit.py:490} INFO - 23/05/27 10:53:11 INFO DiskBlockManager: Created local directory at /private/var/folders/rj/4j_wg7hj631gk16sz5z2gtzc0000gn/T/blockmgr-f3411bba-60f5-4181-a6e1-ffb4c6a29345
[2023-05-27T10:53:11.692-0500] {spark_submit.py:490} INFO - 23/05/27 10:53:11 INFO MemoryStore: MemoryStore started with capacity 434.4 MiB
[2023-05-27T10:53:11.703-0500] {spark_submit.py:490} INFO - 23/05/27 10:53:11 INFO SparkEnv: Registering OutputCommitCoordinator
[2023-05-27T10:53:11.796-0500] {spark_submit.py:490} INFO - 23/05/27 10:53:11 INFO JettyUtils: Start Jetty 0.0.0.0:4040 for SparkUI
[2023-05-27T10:53:11.839-0500] {spark_submit.py:490} INFO - 23/05/27 10:53:11 WARN Utils: Service 'SparkUI' could not bind on port 4040. Attempting port 4041.
[2023-05-27T10:53:11.844-0500] {spark_submit.py:490} INFO - 23/05/27 10:53:11 INFO Utils: Successfully started service 'SparkUI' on port 4041.
[2023-05-27T10:53:11.917-0500] {spark_submit.py:490} INFO - 23/05/27 10:53:11 INFO Executor: Starting executor ID driver on host sujatas-mbp-2
[2023-05-27T10:53:11.922-0500] {spark_submit.py:490} INFO - 23/05/27 10:53:11 INFO Executor: Starting executor with user classpath (userClassPathFirst = false): ''
[2023-05-27T10:53:11.935-0500] {spark_submit.py:490} INFO - 23/05/27 10:53:11 INFO Utils: Successfully started service 'org.apache.spark.network.netty.NettyBlockTransferService' on port 59941.
[2023-05-27T10:53:11.936-0500] {spark_submit.py:490} INFO - 23/05/27 10:53:11 INFO NettyBlockTransferService: Server created on sujatas-mbp-2:59941
[2023-05-27T10:53:11.937-0500] {spark_submit.py:490} INFO - 23/05/27 10:53:11 INFO BlockManager: Using org.apache.spark.storage.RandomBlockReplicationPolicy for block replication policy
[2023-05-27T10:53:11.941-0500] {spark_submit.py:490} INFO - 23/05/27 10:53:11 INFO BlockManagerMaster: Registering BlockManager BlockManagerId(driver, sujatas-mbp-2, 59941, None)
[2023-05-27T10:53:11.944-0500] {spark_submit.py:490} INFO - 23/05/27 10:53:11 INFO BlockManagerMasterEndpoint: Registering block manager sujatas-mbp-2:59941 with 434.4 MiB RAM, BlockManagerId(driver, sujatas-mbp-2, 59941, None)
[2023-05-27T10:53:11.946-0500] {spark_submit.py:490} INFO - 23/05/27 10:53:11 INFO BlockManagerMaster: Registered BlockManager BlockManagerId(driver, sujatas-mbp-2, 59941, None)
[2023-05-27T10:53:11.947-0500] {spark_submit.py:490} INFO - 23/05/27 10:53:11 INFO BlockManager: Initialized BlockManager: BlockManagerId(driver, sujatas-mbp-2, 59941, None)
[2023-05-27T10:53:12.257-0500] {spark_submit.py:490} INFO - 23/05/27 10:53:12 INFO SharedState: Setting hive.metastore.warehouse.dir ('null') to the value of spark.sql.warehouse.dir.
[2023-05-27T10:53:12.262-0500] {spark_submit.py:490} INFO - 23/05/27 10:53:12 INFO SharedState: Warehouse path is 'file:/Users/sujatabaral/spark-warehouse'.
[2023-05-27T10:53:12.758-0500] {spark_submit.py:490} INFO - 23/05/27 10:53:12 INFO InMemoryFileIndex: It took 23 ms to list leaf files for 1 paths.
[2023-05-27T10:53:12.802-0500] {spark_submit.py:490} INFO - 23/05/27 10:53:12 INFO InMemoryFileIndex: It took 1 ms to list leaf files for 1 paths.
[2023-05-27T10:53:14.147-0500] {spark_submit.py:490} INFO - 23/05/27 10:53:14 INFO FileSourceStrategy: Pushed Filters:
[2023-05-27T10:53:14.148-0500] {spark_submit.py:490} INFO - 23/05/27 10:53:14 INFO FileSourceStrategy: Post-Scan Filters: (length(trim(value#0, None)) > 0)
[2023-05-27T10:53:14.488-0500] {spark_submit.py:490} INFO - 23/05/27 10:53:14 INFO CodeGenerator: Code generated in 124.780686 ms
[2023-05-27T10:53:14.525-0500] {spark_submit.py:490} INFO - 23/05/27 10:53:14 INFO MemoryStore: Block broadcast_0 stored as values in memory (estimated size 199.3 KiB, free 434.2 MiB)
[2023-05-27T10:53:14.638-0500] {spark_submit.py:490} INFO - 23/05/27 10:53:14 INFO MemoryStore: Block broadcast_0_piece0 stored as bytes in memory (estimated size 34.2 KiB, free 434.2 MiB)
[2023-05-27T10:53:14.640-0500] {spark_submit.py:490} INFO - 23/05/27 10:53:14 INFO BlockManagerInfo: Added broadcast_0_piece0 in memory on sujatas-mbp-2:59941 (size: 34.2 KiB, free: 434.4 MiB)
[2023-05-27T10:53:14.642-0500] {spark_submit.py:490} INFO - 23/05/27 10:53:14 INFO SparkContext: Created broadcast 0 from csv at NativeMethodAccessorImpl.java:0
[2023-05-27T10:53:14.648-0500] {spark_submit.py:490} INFO - 23/05/27 10:53:14 INFO FileSourceScanExec: Planning scan with bin packing, max size: 4194304 bytes, open cost is considered as scanning 4194304 bytes.
[2023-05-27T10:53:14.724-0500] {spark_submit.py:490} INFO - 23/05/27 10:53:14 INFO SparkContext: Starting job: csv at NativeMethodAccessorImpl.java:0
[2023-05-27T10:53:14.731-0500] {spark_submit.py:490} INFO - 23/05/27 10:53:14 INFO DAGScheduler: Got job 0 (csv at NativeMethodAccessorImpl.java:0) with 1 output partitions
[2023-05-27T10:53:14.732-0500] {spark_submit.py:490} INFO - 23/05/27 10:53:14 INFO DAGScheduler: Final stage: ResultStage 0 (csv at NativeMethodAccessorImpl.java:0)
[2023-05-27T10:53:14.732-0500] {spark_submit.py:490} INFO - 23/05/27 10:53:14 INFO DAGScheduler: Parents of final stage: List()
[2023-05-27T10:53:14.732-0500] {spark_submit.py:490} INFO - 23/05/27 10:53:14 INFO DAGScheduler: Missing parents: List()
[2023-05-27T10:53:14.734-0500] {spark_submit.py:490} INFO - 23/05/27 10:53:14 INFO DAGScheduler: Submitting ResultStage 0 (MapPartitionsRDD[3] at csv at NativeMethodAccessorImpl.java:0), which has no missing parents
[2023-05-27T10:53:14.772-0500] {spark_submit.py:490} INFO - 23/05/27 10:53:14 INFO MemoryStore: Block broadcast_1 stored as values in memory (estimated size 12.1 KiB, free 434.2 MiB)
[2023-05-27T10:53:14.777-0500] {spark_submit.py:490} INFO - 23/05/27 10:53:14 INFO MemoryStore: Block broadcast_1_piece0 stored as bytes in memory (estimated size 6.0 KiB, free 434.2 MiB)
[2023-05-27T10:53:14.777-0500] {spark_submit.py:490} INFO - 23/05/27 10:53:14 INFO BlockManagerInfo: Added broadcast_1_piece0 in memory on sujatas-mbp-2:59941 (size: 6.0 KiB, free: 434.4 MiB)
[2023-05-27T10:53:14.778-0500] {spark_submit.py:490} INFO - 23/05/27 10:53:14 INFO SparkContext: Created broadcast 1 from broadcast at DAGScheduler.scala:1535
[2023-05-27T10:53:14.787-0500] {spark_submit.py:490} INFO - 23/05/27 10:53:14 INFO DAGScheduler: Submitting 1 missing tasks from ResultStage 0 (MapPartitionsRDD[3] at csv at NativeMethodAccessorImpl.java:0) (first 15 tasks are for partitions Vector(0))
[2023-05-27T10:53:14.788-0500] {spark_submit.py:490} INFO - 23/05/27 10:53:14 INFO TaskSchedulerImpl: Adding task set 0.0 with 1 tasks resource profile 0
[2023-05-27T10:53:14.822-0500] {spark_submit.py:490} INFO - 23/05/27 10:53:14 INFO TaskSetManager: Starting task 0.0 in stage 0.0 (TID 0) (sujatas-mbp-2, executor driver, partition 0, PROCESS_LOCAL, 7947 bytes)
[2023-05-27T10:53:14.830-0500] {spark_submit.py:490} INFO - 23/05/27 10:53:14 INFO Executor: Running task 0.0 in stage 0.0 (TID 0)
[2023-05-27T10:53:14.889-0500] {spark_submit.py:490} INFO - 23/05/27 10:53:14 INFO FileScanRDD: Reading File path: file:///Users/sujatabaral/airflow/stock-data/symbols_valid_meta.csv, range: 0-611626, partition values: [empty row]
[2023-05-27T10:53:14.900-0500] {spark_submit.py:490} INFO - 23/05/27 10:53:14 INFO CodeGenerator: Code generated in 7.959357 ms
[2023-05-27T10:53:14.936-0500] {spark_submit.py:490} INFO - 23/05/27 10:53:14 INFO Executor: Finished task 0.0 in stage 0.0 (TID 0). 1798 bytes result sent to driver
[2023-05-27T10:53:14.944-0500] {spark_submit.py:490} INFO - 23/05/27 10:53:14 INFO TaskSetManager: Finished task 0.0 in stage 0.0 (TID 0) in 128 ms on sujatas-mbp-2 (executor driver) (1/1)
[2023-05-27T10:53:14.945-0500] {spark_submit.py:490} INFO - 23/05/27 10:53:14 INFO TaskSchedulerImpl: Removed TaskSet 0.0, whose tasks have all completed, from pool
[2023-05-27T10:53:14.949-0500] {spark_submit.py:490} INFO - 23/05/27 10:53:14 INFO DAGScheduler: ResultStage 0 (csv at NativeMethodAccessorImpl.java:0) finished in 0.208 s
[2023-05-27T10:53:14.951-0500] {spark_submit.py:490} INFO - 23/05/27 10:53:14 INFO DAGScheduler: Job 0 is finished. Cancelling potential speculative or zombie tasks for this job
[2023-05-27T10:53:14.951-0500] {spark_submit.py:490} INFO - 23/05/27 10:53:14 INFO TaskSchedulerImpl: Killing all running tasks in stage 0: Stage finished
[2023-05-27T10:53:14.952-0500] {spark_submit.py:490} INFO - 23/05/27 10:53:14 INFO DAGScheduler: Job 0 finished: csv at NativeMethodAccessorImpl.java:0, took 0.228229 s
[2023-05-27T10:53:14.965-0500] {spark_submit.py:490} INFO - 23/05/27 10:53:14 INFO CodeGenerator: Code generated in 6.390154 ms
[2023-05-27T10:53:14.994-0500] {spark_submit.py:490} INFO - 23/05/27 10:53:14 INFO BlockManagerInfo: Removed broadcast_1_piece0 on sujatas-mbp-2:59941 in memory (size: 6.0 KiB, free: 434.4 MiB)
[2023-05-27T10:53:15.001-0500] {spark_submit.py:490} INFO - 23/05/27 10:53:15 INFO FileSourceStrategy: Pushed Filters:
[2023-05-27T10:53:15.002-0500] {spark_submit.py:490} INFO - 23/05/27 10:53:15 INFO FileSourceStrategy: Post-Scan Filters:
[2023-05-27T10:53:15.008-0500] {spark_submit.py:490} INFO - 23/05/27 10:53:15 INFO MemoryStore: Block broadcast_2 stored as values in memory (estimated size 199.3 KiB, free 434.0 MiB)
[2023-05-27T10:53:15.028-0500] {spark_submit.py:490} INFO - 23/05/27 10:53:15 INFO MemoryStore: Block broadcast_2_piece0 stored as bytes in memory (estimated size 34.2 KiB, free 433.9 MiB)
[2023-05-27T10:53:15.028-0500] {spark_submit.py:490} INFO - 23/05/27 10:53:15 INFO BlockManagerInfo: Added broadcast_2_piece0 in memory on sujatas-mbp-2:59941 (size: 34.2 KiB, free: 434.3 MiB)
[2023-05-27T10:53:15.029-0500] {spark_submit.py:490} INFO - 23/05/27 10:53:15 INFO SparkContext: Created broadcast 2 from csv at NativeMethodAccessorImpl.java:0
[2023-05-27T10:53:15.030-0500] {spark_submit.py:490} INFO - 23/05/27 10:53:15 INFO FileSourceScanExec: Planning scan with bin packing, max size: 4194304 bytes, open cost is considered as scanning 4194304 bytes.
[2023-05-27T10:53:15.036-0500] {spark_submit.py:490} INFO - 23/05/27 10:53:15 INFO BlockManagerInfo: Removed broadcast_0_piece0 on sujatas-mbp-2:59941 in memory (size: 34.2 KiB, free: 434.4 MiB)
[2023-05-27T10:53:15.111-0500] {spark_submit.py:490} INFO - 23/05/27 10:53:15 INFO InMemoryFileIndex: It took 4 ms to list leaf files for 1 paths.
[2023-05-27T10:53:15.281-0500] {spark_submit.py:490} INFO - 23/05/27 10:53:15 INFO FileSourceStrategy: Pushed Filters:
[2023-05-27T10:53:15.281-0500] {spark_submit.py:490} INFO - 23/05/27 10:53:15 INFO FileSourceStrategy: Post-Scan Filters:
[2023-05-27T10:53:15.283-0500] {spark_submit.py:490} INFO - 23/05/27 10:53:15 INFO FileSourceStrategy: Pushed Filters: IsNotNull(Symbol)
[2023-05-27T10:53:15.283-0500] {spark_submit.py:490} INFO - 23/05/27 10:53:15 INFO FileSourceStrategy: Post-Scan Filters: isnotnull(Symbol#18)
[2023-05-27T10:53:15.349-0500] {spark_submit.py:490} INFO - 23/05/27 10:53:15 INFO CodeGenerator: Code generated in 7.609934 ms
[2023-05-27T10:53:15.352-0500] {spark_submit.py:490} INFO - 23/05/27 10:53:15 INFO MemoryStore: Block broadcast_3 stored as values in memory (estimated size 199.2 KiB, free 434.0 MiB)
[2023-05-27T10:53:15.374-0500] {spark_submit.py:490} INFO - 23/05/27 10:53:15 INFO MemoryStore: Block broadcast_3_piece0 stored as bytes in memory (estimated size 34.2 KiB, free 433.9 MiB)
[2023-05-27T10:53:15.374-0500] {spark_submit.py:490} INFO - 23/05/27 10:53:15 INFO BlockManagerInfo: Added broadcast_3_piece0 in memory on sujatas-mbp-2:59941 (size: 34.2 KiB, free: 434.3 MiB)
[2023-05-27T10:53:15.375-0500] {spark_submit.py:490} INFO - 23/05/27 10:53:15 INFO SparkContext: Created broadcast 3 from $anonfun$withThreadLocalCaptured$1 at FutureTask.java:264
[2023-05-27T10:53:15.380-0500] {spark_submit.py:490} INFO - 23/05/27 10:53:15 INFO FileSourceScanExec: Planning scan with bin packing, max size: 4194304 bytes, open cost is considered as scanning 4194304 bytes.
[2023-05-27T10:53:15.401-0500] {spark_submit.py:490} INFO - 23/05/27 10:53:15 INFO SparkContext: Starting job: $anonfun$withThreadLocalCaptured$1 at FutureTask.java:264
[2023-05-27T10:53:15.402-0500] {spark_submit.py:490} INFO - 23/05/27 10:53:15 INFO DAGScheduler: Got job 1 ($anonfun$withThreadLocalCaptured$1 at FutureTask.java:264) with 1 output partitions
[2023-05-27T10:53:15.402-0500] {spark_submit.py:490} INFO - 23/05/27 10:53:15 INFO DAGScheduler: Final stage: ResultStage 1 ($anonfun$withThreadLocalCaptured$1 at FutureTask.java:264)
[2023-05-27T10:53:15.403-0500] {spark_submit.py:490} INFO - 23/05/27 10:53:15 INFO DAGScheduler: Parents of final stage: List()
[2023-05-27T10:53:15.403-0500] {spark_submit.py:490} INFO - 23/05/27 10:53:15 INFO DAGScheduler: Missing parents: List()
[2023-05-27T10:53:15.403-0500] {spark_submit.py:490} INFO - 23/05/27 10:53:15 INFO DAGScheduler: Submitting ResultStage 1 (MapPartitionsRDD[13] at $anonfun$withThreadLocalCaptured$1 at FutureTask.java:264), which has no missing parents
[2023-05-27T10:53:15.405-0500] {spark_submit.py:490} INFO - 23/05/27 10:53:15 INFO MemoryStore: Block broadcast_4 stored as values in memory (estimated size 14.4 KiB, free 433.9 MiB)
[2023-05-27T10:53:15.408-0500] {spark_submit.py:490} INFO - 23/05/27 10:53:15 INFO MemoryStore: Block broadcast_4_piece0 stored as bytes in memory (estimated size 7.4 KiB, free 433.9 MiB)
[2023-05-27T10:53:15.409-0500] {spark_submit.py:490} INFO - 23/05/27 10:53:15 INFO BlockManagerInfo: Added broadcast_4_piece0 in memory on sujatas-mbp-2:59941 (size: 7.4 KiB, free: 434.3 MiB)
[2023-05-27T10:53:15.409-0500] {spark_submit.py:490} INFO - 23/05/27 10:53:15 INFO SparkContext: Created broadcast 4 from broadcast at DAGScheduler.scala:1535
[2023-05-27T10:53:15.410-0500] {spark_submit.py:490} INFO - 23/05/27 10:53:15 INFO DAGScheduler: Submitting 1 missing tasks from ResultStage 1 (MapPartitionsRDD[13] at $anonfun$withThreadLocalCaptured$1 at FutureTask.java:264) (first 15 tasks are for partitions Vector(0))
[2023-05-27T10:53:15.410-0500] {spark_submit.py:490} INFO - 23/05/27 10:53:15 INFO TaskSchedulerImpl: Adding task set 1.0 with 1 tasks resource profile 0
[2023-05-27T10:53:15.411-0500] {spark_submit.py:490} INFO - 23/05/27 10:53:15 INFO TaskSetManager: Starting task 0.0 in stage 1.0 (TID 1) (sujatas-mbp-2, executor driver, partition 0, PROCESS_LOCAL, 7947 bytes)
[2023-05-27T10:53:15.412-0500] {spark_submit.py:490} INFO - 23/05/27 10:53:15 INFO Executor: Running task 0.0 in stage 1.0 (TID 1)
[2023-05-27T10:53:15.421-0500] {spark_submit.py:490} INFO - 23/05/27 10:53:15 INFO FileScanRDD: Reading File path: file:///Users/sujatabaral/airflow/stock-data/symbols_valid_meta.csv, range: 0-611626, partition values: [empty row]
[2023-05-27T10:53:15.432-0500] {spark_submit.py:490} INFO - 23/05/27 10:53:15 INFO CodeGenerator: Code generated in 6.602939 ms
[2023-05-27T10:53:15.451-0500] {spark_submit.py:490} INFO - 23/05/27 10:53:15 INFO CodeGenerator: Code generated in 3.921463 ms
[2023-05-27T10:53:15.556-0500] {spark_submit.py:490} INFO - 23/05/27 10:53:15 INFO Executor: Finished task 0.0 in stage 1.0 (TID 1). 272662 bytes result sent to driver
[2023-05-27T10:53:15.558-0500] {spark_submit.py:490} INFO - 23/05/27 10:53:15 INFO TaskSetManager: Finished task 0.0 in stage 1.0 (TID 1) in 147 ms on sujatas-mbp-2 (executor driver) (1/1)
[2023-05-27T10:53:15.559-0500] {spark_submit.py:490} INFO - 23/05/27 10:53:15 INFO TaskSchedulerImpl: Removed TaskSet 1.0, whose tasks have all completed, from pool
[2023-05-27T10:53:15.559-0500] {spark_submit.py:490} INFO - 23/05/27 10:53:15 INFO DAGScheduler: ResultStage 1 ($anonfun$withThreadLocalCaptured$1 at FutureTask.java:264) finished in 0.156 s
[2023-05-27T10:53:15.560-0500] {spark_submit.py:490} INFO - 23/05/27 10:53:15 INFO DAGScheduler: Job 1 is finished. Cancelling potential speculative or zombie tasks for this job
[2023-05-27T10:53:15.560-0500] {spark_submit.py:490} INFO - 23/05/27 10:53:15 INFO TaskSchedulerImpl: Killing all running tasks in stage 1: Stage finished
[2023-05-27T10:53:15.561-0500] {spark_submit.py:490} INFO - 23/05/27 10:53:15 INFO DAGScheduler: Job 1 finished: $anonfun$withThreadLocalCaptured$1 at FutureTask.java:264, took 0.158304 s
[2023-05-27T10:53:15.575-0500] {spark_submit.py:490} INFO - 23/05/27 10:53:15 INFO BlockManagerInfo: Removed broadcast_2_piece0 on sujatas-mbp-2:59941 in memory (size: 34.2 KiB, free: 434.4 MiB)
[2023-05-27T10:53:15.578-0500] {spark_submit.py:490} INFO - 23/05/27 10:53:15 INFO CodeGenerator: Code generated in 7.95872 ms
[2023-05-27T10:53:15.595-0500] {spark_submit.py:490} INFO - 23/05/27 10:53:15 INFO MemoryStore: Block broadcast_5 stored as values in memory (estimated size 2.3 MiB, free 431.9 MiB)
[2023-05-27T10:53:15.601-0500] {spark_submit.py:490} INFO - 23/05/27 10:53:15 INFO BlockManagerInfo: Removed broadcast_4_piece0 on sujatas-mbp-2:59941 in memory (size: 7.4 KiB, free: 434.4 MiB)
[2023-05-27T10:53:15.607-0500] {spark_submit.py:490} INFO - 23/05/27 10:53:15 INFO MemoryStore: Block broadcast_5_piece0 stored as bytes in memory (estimated size 364.4 KiB, free 431.6 MiB)
[2023-05-27T10:53:15.608-0500] {spark_submit.py:490} INFO - 23/05/27 10:53:15 INFO BlockManagerInfo: Added broadcast_5_piece0 in memory on sujatas-mbp-2:59941 (size: 364.4 KiB, free: 434.0 MiB)
[2023-05-27T10:53:15.608-0500] {spark_submit.py:490} INFO - 23/05/27 10:53:15 INFO SparkContext: Created broadcast 5 from $anonfun$withThreadLocalCaptured$1 at FutureTask.java:264
[2023-05-27T10:53:15.622-0500] {spark_submit.py:490} INFO - 23/05/27 10:53:15 INFO FileSourceStrategy: Pushed Filters:
[2023-05-27T10:53:15.622-0500] {spark_submit.py:490} INFO - 23/05/27 10:53:15 INFO FileSourceStrategy: Post-Scan Filters:
[2023-05-27T10:53:15.655-0500] {spark_submit.py:490} INFO - 23/05/27 10:53:15 INFO ParquetUtils: Using default output committer for Parquet: org.apache.parquet.hadoop.ParquetOutputCommitter
[2023-05-27T10:53:15.664-0500] {spark_submit.py:490} INFO - 23/05/27 10:53:15 INFO FileOutputCommitter: File Output Committer Algorithm version is 1
[2023-05-27T10:53:15.664-0500] {spark_submit.py:490} INFO - 23/05/27 10:53:15 INFO FileOutputCommitter: FileOutputCommitter skip cleanup _temporary folders under output directory:false, ignore cleanup failures: false
[2023-05-27T10:53:15.664-0500] {spark_submit.py:490} INFO - 23/05/27 10:53:15 INFO SQLHadoopMapReduceCommitProtocol: Using user defined output committer class org.apache.parquet.hadoop.ParquetOutputCommitter
[2023-05-27T10:53:15.665-0500] {spark_submit.py:490} INFO - 23/05/27 10:53:15 INFO FileOutputCommitter: File Output Committer Algorithm version is 1
[2023-05-27T10:53:15.665-0500] {spark_submit.py:490} INFO - 23/05/27 10:53:15 INFO FileOutputCommitter: FileOutputCommitter skip cleanup _temporary folders under output directory:false, ignore cleanup failures: false
[2023-05-27T10:53:15.665-0500] {spark_submit.py:490} INFO - 23/05/27 10:53:15 INFO SQLHadoopMapReduceCommitProtocol: Using output committer class org.apache.parquet.hadoop.ParquetOutputCommitter
[2023-05-27T10:53:15.726-0500] {spark_submit.py:490} INFO - 23/05/27 10:53:15 INFO CodeGenerator: Code generated in 26.840015 ms
[2023-05-27T10:53:15.729-0500] {spark_submit.py:490} INFO - 23/05/27 10:53:15 INFO MemoryStore: Block broadcast_6 stored as values in memory (estimated size 199.2 KiB, free 431.4 MiB)
[2023-05-27T10:53:15.747-0500] {spark_submit.py:490} INFO - 23/05/27 10:53:15 INFO MemoryStore: Block broadcast_6_piece0 stored as bytes in memory (estimated size 34.2 KiB, free 431.3 MiB)
[2023-05-27T10:53:15.748-0500] {spark_submit.py:490} INFO - 23/05/27 10:53:15 INFO BlockManagerInfo: Added broadcast_6_piece0 in memory on sujatas-mbp-2:59941 (size: 34.2 KiB, free: 434.0 MiB)
[2023-05-27T10:53:15.749-0500] {spark_submit.py:490} INFO - 23/05/27 10:53:15 INFO SparkContext: Created broadcast 6 from save at NativeMethodAccessorImpl.java:0
[2023-05-27T10:53:15.750-0500] {spark_submit.py:490} INFO - 23/05/27 10:53:15 INFO FileSourceScanExec: Planning scan with bin packing, max size: 4194304 bytes, open cost is considered as scanning 4194304 bytes.
[2023-05-27T10:53:15.763-0500] {spark_submit.py:490} INFO - 23/05/27 10:53:15 INFO SparkContext: Starting job: save at NativeMethodAccessorImpl.java:0
[2023-05-27T10:53:15.763-0500] {spark_submit.py:490} INFO - 23/05/27 10:53:15 INFO DAGScheduler: Got job 2 (save at NativeMethodAccessorImpl.java:0) with 3 output partitions
[2023-05-27T10:53:15.764-0500] {spark_submit.py:490} INFO - 23/05/27 10:53:15 INFO DAGScheduler: Final stage: ResultStage 2 (save at NativeMethodAccessorImpl.java:0)
[2023-05-27T10:53:15.764-0500] {spark_submit.py:490} INFO - 23/05/27 10:53:15 INFO DAGScheduler: Parents of final stage: List()
[2023-05-27T10:53:15.765-0500] {spark_submit.py:490} INFO - 23/05/27 10:53:15 INFO DAGScheduler: Missing parents: List()
[2023-05-27T10:53:15.765-0500] {spark_submit.py:490} INFO - 23/05/27 10:53:15 INFO DAGScheduler: Submitting ResultStage 2 (MapPartitionsRDD[17] at save at NativeMethodAccessorImpl.java:0), which has no missing parents
[2023-05-27T10:53:15.799-0500] {spark_submit.py:490} INFO - 23/05/27 10:53:15 INFO MemoryStore: Block broadcast_7 stored as values in memory (estimated size 221.2 KiB, free 431.1 MiB)
[2023-05-27T10:53:15.803-0500] {spark_submit.py:490} INFO - 23/05/27 10:53:15 INFO MemoryStore: Block broadcast_7_piece0 stored as bytes in memory (estimated size 79.7 KiB, free 431.0 MiB)
[2023-05-27T10:53:15.803-0500] {spark_submit.py:490} INFO - 23/05/27 10:53:15 INFO BlockManagerInfo: Added broadcast_7_piece0 in memory on sujatas-mbp-2:59941 (size: 79.7 KiB, free: 433.9 MiB)
[2023-05-27T10:53:15.804-0500] {spark_submit.py:490} INFO - 23/05/27 10:53:15 INFO SparkContext: Created broadcast 7 from broadcast at DAGScheduler.scala:1535
[2023-05-27T10:53:15.804-0500] {spark_submit.py:490} INFO - 23/05/27 10:53:15 INFO DAGScheduler: Submitting 3 missing tasks from ResultStage 2 (MapPartitionsRDD[17] at save at NativeMethodAccessorImpl.java:0) (first 15 tasks are for partitions Vector(0, 1, 2))
[2023-05-27T10:53:15.805-0500] {spark_submit.py:490} INFO - 23/05/27 10:53:15 INFO TaskSchedulerImpl: Adding task set 2.0 with 3 tasks resource profile 0
[2023-05-27T10:53:15.805-0500] {spark_submit.py:490} INFO - 23/05/27 10:53:15 INFO TaskSetManager: Starting task 0.0 in stage 2.0 (TID 2) (sujatas-mbp-2, executor driver, partition 0, PROCESS_LOCAL, 7938 bytes)
[2023-05-27T10:53:15.806-0500] {spark_submit.py:490} INFO - 23/05/27 10:53:15 INFO TaskSetManager: Starting task 1.0 in stage 2.0 (TID 3) (sujatas-mbp-2, executor driver, partition 1, PROCESS_LOCAL, 7937 bytes)
[2023-05-27T10:53:15.806-0500] {spark_submit.py:490} INFO - 23/05/27 10:53:15 INFO TaskSetManager: Starting task 2.0 in stage 2.0 (TID 4) (sujatas-mbp-2, executor driver, partition 2, PROCESS_LOCAL, 7940 bytes)
[2023-05-27T10:53:15.806-0500] {spark_submit.py:490} INFO - 23/05/27 10:53:15 INFO Executor: Running task 0.0 in stage 2.0 (TID 2)
[2023-05-27T10:53:15.807-0500] {spark_submit.py:490} INFO - 23/05/27 10:53:15 INFO Executor: Running task 1.0 in stage 2.0 (TID 3)
[2023-05-27T10:53:15.807-0500] {spark_submit.py:490} INFO - 23/05/27 10:53:15 INFO Executor: Running task 2.0 in stage 2.0 (TID 4)
[2023-05-27T10:53:15.849-0500] {spark_submit.py:490} INFO - 23/05/27 10:53:15 INFO FileOutputCommitter: File Output Committer Algorithm version is 1
[2023-05-27T10:53:15.850-0500] {spark_submit.py:490} INFO - 23/05/27 10:53:15 INFO FileOutputCommitter: File Output Committer Algorithm version is 1
[2023-05-27T10:53:15.850-0500] {spark_submit.py:490} INFO - 23/05/27 10:53:15 INFO FileOutputCommitter: FileOutputCommitter skip cleanup _temporary folders under output directory:false, ignore cleanup failures: false
[2023-05-27T10:53:15.850-0500] {spark_submit.py:490} INFO - 23/05/27 10:53:15 INFO FileOutputCommitter: File Output Committer Algorithm version is 1
[2023-05-27T10:53:15.851-0500] {spark_submit.py:490} INFO - 23/05/27 10:53:15 INFO FileOutputCommitter: FileOutputCommitter skip cleanup _temporary folders under output directory:false, ignore cleanup failures: false
[2023-05-27T10:53:15.851-0500] {spark_submit.py:490} INFO - 23/05/27 10:53:15 INFO FileOutputCommitter: FileOutputCommitter skip cleanup _temporary folders under output directory:false, ignore cleanup failures: false
[2023-05-27T10:53:15.851-0500] {spark_submit.py:490} INFO - 23/05/27 10:53:15 INFO SQLHadoopMapReduceCommitProtocol: Using user defined output committer class org.apache.parquet.hadoop.ParquetOutputCommitter
[2023-05-27T10:53:15.852-0500] {spark_submit.py:490} INFO - 23/05/27 10:53:15 INFO SQLHadoopMapReduceCommitProtocol: Using user defined output committer class org.apache.parquet.hadoop.ParquetOutputCommitter
[2023-05-27T10:53:15.852-0500] {spark_submit.py:490} INFO - 23/05/27 10:53:15 INFO SQLHadoopMapReduceCommitProtocol: Using user defined output committer class org.apache.parquet.hadoop.ParquetOutputCommitter
[2023-05-27T10:53:15.852-0500] {spark_submit.py:490} INFO - 23/05/27 10:53:15 INFO FileOutputCommitter: File Output Committer Algorithm version is 1
[2023-05-27T10:53:15.853-0500] {spark_submit.py:490} INFO - 23/05/27 10:53:15 INFO FileOutputCommitter: File Output Committer Algorithm version is 1
[2023-05-27T10:53:15.853-0500] {spark_submit.py:490} INFO - 23/05/27 10:53:15 INFO FileOutputCommitter: File Output Committer Algorithm version is 1
[2023-05-27T10:53:15.853-0500] {spark_submit.py:490} INFO - 23/05/27 10:53:15 INFO FileOutputCommitter: FileOutputCommitter skip cleanup _temporary folders under output directory:false, ignore cleanup failures: false
[2023-05-27T10:53:15.853-0500] {spark_submit.py:490} INFO - 23/05/27 10:53:15 INFO FileOutputCommitter: FileOutputCommitter skip cleanup _temporary folders under output directory:false, ignore cleanup failures: false
[2023-05-27T10:53:15.854-0500] {spark_submit.py:490} INFO - 23/05/27 10:53:15 INFO FileOutputCommitter: FileOutputCommitter skip cleanup _temporary folders under output directory:false, ignore cleanup failures: false
[2023-05-27T10:53:15.854-0500] {spark_submit.py:490} INFO - 23/05/27 10:53:15 INFO SQLHadoopMapReduceCommitProtocol: Using output committer class org.apache.parquet.hadoop.ParquetOutputCommitter
[2023-05-27T10:53:15.854-0500] {spark_submit.py:490} INFO - 23/05/27 10:53:15 INFO SQLHadoopMapReduceCommitProtocol: Using output committer class org.apache.parquet.hadoop.ParquetOutputCommitter
[2023-05-27T10:53:15.854-0500] {spark_submit.py:490} INFO - 23/05/27 10:53:15 INFO SQLHadoopMapReduceCommitProtocol: Using output committer class org.apache.parquet.hadoop.ParquetOutputCommitter
[2023-05-27T10:53:15.855-0500] {spark_submit.py:490} INFO - 23/05/27 10:53:15 INFO FileScanRDD: Reading File path: file:///Users/sujatabaral/airflow/stock-data/stocks/AACG.csv, range: 0-27489, partition values: [empty row]
[2023-05-27T10:53:15.855-0500] {spark_submit.py:490} INFO - 23/05/27 10:53:15 INFO FileScanRDD: Reading File path: file:///Users/sujatabaral/airflow/stock-data/stocks/A.csv, range: 0-564842, partition values: [empty row]
[2023-05-27T10:53:15.855-0500] {spark_submit.py:490} INFO - 23/05/27 10:53:15 INFO CodecConfig: Compression: SNAPPY
[2023-05-27T10:53:15.856-0500] {spark_submit.py:490} INFO - 23/05/27 10:53:15 INFO CodecConfig: Compression: SNAPPY
[2023-05-27T10:53:15.866-0500] {spark_submit.py:490} INFO - 23/05/27 10:53:15 INFO CodeGenerator: Code generated in 7.888861 ms
[2023-05-27T10:53:15.867-0500] {spark_submit.py:490} INFO - 23/05/27 10:53:15 INFO ParquetOutputFormat: ParquetRecordWriter [block size: 134217728b, row group padding size: 8388608b, validating: false]
[2023-05-27T10:53:15.878-0500] {spark_submit.py:490} INFO - 23/05/27 10:53:15 INFO CodecConfig: Compression: SNAPPY
[2023-05-27T10:53:15.879-0500] {spark_submit.py:490} INFO - 23/05/27 10:53:15 INFO CodecConfig: Compression: SNAPPY
[2023-05-27T10:53:15.879-0500] {spark_submit.py:490} INFO - 23/05/27 10:53:15 INFO CodecConfig: Compression: SNAPPY
[2023-05-27T10:53:15.880-0500] {spark_submit.py:490} INFO - 23/05/27 10:53:15 INFO CodecConfig: Compression: SNAPPY
[2023-05-27T10:53:15.880-0500] {spark_submit.py:490} INFO - 23/05/27 10:53:15 INFO ParquetOutputFormat: ParquetRecordWriter [block size: 134217728b, row group padding size: 8388608b, validating: false]
[2023-05-27T10:53:15.881-0500] {spark_submit.py:490} INFO - 23/05/27 10:53:15 INFO ParquetOutputFormat: ParquetRecordWriter [block size: 134217728b, row group padding size: 8388608b, validating: false]
[2023-05-27T10:53:15.889-0500] {spark_submit.py:490} INFO - 23/05/27 10:53:15 INFO ParquetWriteSupport: Initialized Parquet WriteSupport with Catalyst schema:
[2023-05-27T10:53:15.889-0500] {spark_submit.py:490} INFO - {
[2023-05-27T10:53:15.890-0500] {spark_submit.py:490} INFO - "type" : "struct",
[2023-05-27T10:53:15.890-0500] {spark_submit.py:490} INFO - "fields" : [ {
[2023-05-27T10:53:15.890-0500] {spark_submit.py:490} INFO - "name" : "Date",
[2023-05-27T10:53:15.891-0500] {spark_submit.py:490} INFO - "type" : "string",
[2023-05-27T10:53:15.891-0500] {spark_submit.py:490} INFO - "nullable" : true,
[2023-05-27T10:53:15.891-0500] {spark_submit.py:490} INFO - "metadata" : { }
[2023-05-27T10:53:15.892-0500] {spark_submit.py:490} INFO - }, {
[2023-05-27T10:53:15.892-0500] {spark_submit.py:490} INFO - "name" : "Open",
[2023-05-27T10:53:15.892-0500] {spark_submit.py:490} INFO - "type" : "float",
[2023-05-27T10:53:15.892-0500] {spark_submit.py:490} INFO - "nullable" : true,
[2023-05-27T10:53:15.893-0500] {spark_submit.py:490} INFO - "metadata" : { }
[2023-05-27T10:53:15.893-0500] {spark_submit.py:490} INFO - }, {
[2023-05-27T10:53:15.893-0500] {spark_submit.py:490} INFO - "name" : "High",
[2023-05-27T10:53:15.894-0500] {spark_submit.py:490} INFO - "type" : "float",
[2023-05-27T10:53:15.894-0500] {spark_submit.py:490} INFO - "nullable" : true,
[2023-05-27T10:53:15.894-0500] {spark_submit.py:490} INFO - "metadata" : { }
[2023-05-27T10:53:15.894-0500] {spark_submit.py:490} INFO - }, {
[2023-05-27T10:53:15.895-0500] {spark_submit.py:490} INFO - "name" : "Low",
[2023-05-27T10:53:15.895-0500] {spark_submit.py:490} INFO - "type" : "float",
[2023-05-27T10:53:15.895-0500] {spark_submit.py:490} INFO - "nullable" : true,
[2023-05-27T10:53:15.896-0500] {spark_submit.py:490} INFO - "metadata" : { }
[2023-05-27T10:53:15.896-0500] {spark_submit.py:490} INFO - }, {
[2023-05-27T10:53:15.896-0500] {spark_submit.py:490} INFO - "name" : "Close",
[2023-05-27T10:53:15.896-0500] {spark_submit.py:490} INFO - "type" : "float",
[2023-05-27T10:53:15.897-0500] {spark_submit.py:490} INFO - "nullable" : true,
[2023-05-27T10:53:15.897-0500] {spark_submit.py:490} INFO - "metadata" : { }
[2023-05-27T10:53:15.897-0500] {spark_submit.py:490} INFO - }, {
[2023-05-27T10:53:15.898-0500] {spark_submit.py:490} INFO - "name" : "AdjClose",
[2023-05-27T10:53:15.898-0500] {spark_submit.py:490} INFO - "type" : "float",
[2023-05-27T10:53:15.898-0500] {spark_submit.py:490} INFO - "nullable" : true,
[2023-05-27T10:53:15.898-0500] {spark_submit.py:490} INFO - "metadata" : { }
[2023-05-27T10:53:15.899-0500] {spark_submit.py:490} INFO - }, {
[2023-05-27T10:53:15.899-0500] {spark_submit.py:490} INFO - "name" : "Volume",
[2023-05-27T10:53:15.899-0500] {spark_submit.py:490} INFO - "type" : "integer",
[2023-05-27T10:53:15.900-0500] {spark_submit.py:490} INFO - "nullable" : true,
[2023-05-27T10:53:15.900-0500] {spark_submit.py:490} INFO - "metadata" : { }
[2023-05-27T10:53:15.900-0500] {spark_submit.py:490} INFO - }, {
[2023-05-27T10:53:15.901-0500] {spark_submit.py:490} INFO - "name" : "Symbol",
[2023-05-27T10:53:15.902-0500] {spark_submit.py:490} INFO - "type" : "string",
[2023-05-27T10:53:15.902-0500] {spark_submit.py:490} INFO - "nullable" : true,
[2023-05-27T10:53:15.902-0500] {spark_submit.py:490} INFO - "metadata" : { }
[2023-05-27T10:53:15.902-0500] {spark_submit.py:490} INFO - }, {
[2023-05-27T10:53:15.903-0500] {spark_submit.py:490} INFO - "name" : "Security Name",
[2023-05-27T10:53:15.903-0500] {spark_submit.py:490} INFO - "type" : "string",
[2023-05-27T10:53:15.903-0500] {spark_submit.py:490} INFO - "nullable" : true,
[2023-05-27T10:53:15.904-0500] {spark_submit.py:490} INFO - "metadata" : { }
[2023-05-27T10:53:15.904-0500] {spark_submit.py:490} INFO - } ]
[2023-05-27T10:53:15.904-0500] {spark_submit.py:490} INFO - }
[2023-05-27T10:53:15.905-0500] {spark_submit.py:490} INFO - and corresponding Parquet message type:
[2023-05-27T10:53:15.905-0500] {spark_submit.py:490} INFO - message spark_schema {
[2023-05-27T10:53:15.905-0500] {spark_submit.py:490} INFO - optional binary Date (STRING);
[2023-05-27T10:53:15.906-0500] {spark_submit.py:490} INFO - optional float Open;
[2023-05-27T10:53:15.906-0500] {spark_submit.py:490} INFO - optional float High;
[2023-05-27T10:53:15.906-0500] {spark_submit.py:490} INFO - optional float Low;
[2023-05-27T10:53:15.907-0500] {spark_submit.py:490} INFO - optional float Close;
[2023-05-27T10:53:15.907-0500] {spark_submit.py:490} INFO - optional float AdjClose;
[2023-05-27T10:53:15.907-0500] {spark_submit.py:490} INFO - optional int32 Volume;
[2023-05-27T10:53:15.908-0500] {spark_submit.py:490} INFO - optional binary Symbol (STRING);
[2023-05-27T10:53:15.908-0500] {spark_submit.py:490} INFO - optional binary Security Name (STRING);
[2023-05-27T10:53:15.908-0500] {spark_submit.py:490} INFO - }
[2023-05-27T10:53:15.909-0500] {spark_submit.py:490} INFO - 
[2023-05-27T10:53:15.909-0500] {spark_submit.py:490} INFO - 
[2023-05-27T10:53:15.909-0500] {spark_submit.py:490} INFO - 23/05/27 10:53:15 INFO ParquetWriteSupport: Initialized Parquet WriteSupport with Catalyst schema:
[2023-05-27T10:53:15.909-0500] {spark_submit.py:490} INFO - {
[2023-05-27T10:53:15.910-0500] {spark_submit.py:490} INFO - "type" : "struct",
[2023-05-27T10:53:15.910-0500] {spark_submit.py:490} INFO - "fields" : [ {
[2023-05-27T10:53:15.910-0500] {spark_submit.py:490} INFO - "name" : "Date",
[2023-05-27T10:53:15.911-0500] {spark_submit.py:490} INFO - "type" : "string",
[2023-05-27T10:53:15.911-0500] {spark_submit.py:490} INFO - "nullable" : true,
[2023-05-27T10:53:15.911-0500] {spark_submit.py:490} INFO - "metadata" : { }
[2023-05-27T10:53:15.912-0500] {spark_submit.py:490} INFO - }, {
[2023-05-27T10:53:15.912-0500] {spark_submit.py:490} INFO - "name" : "Open",
[2023-05-27T10:53:15.912-0500] {spark_submit.py:490} INFO - "type" : "float",
[2023-05-27T10:53:15.913-0500] {spark_submit.py:490} INFO - "nullable" : true,
[2023-05-27T10:53:15.913-0500] {spark_submit.py:490} INFO - "metadata" : { }
[2023-05-27T10:53:15.913-0500] {spark_submit.py:490} INFO - }, {
[2023-05-27T10:53:15.913-0500] {spark_submit.py:490} INFO - "name" : "High",
[2023-05-27T10:53:15.914-0500] {spark_submit.py:490} INFO - "type" : "float",
[2023-05-27T10:53:15.914-0500] {spark_submit.py:490} INFO - "nullable" : true,
[2023-05-27T10:53:15.914-0500] {spark_submit.py:490} INFO - "metadata" : { }
[2023-05-27T10:53:15.915-0500] {spark_submit.py:490} INFO - }, {
[2023-05-27T10:53:15.915-0500] {spark_submit.py:490} INFO - "name" : "Low",
[2023-05-27T10:53:15.938-0500] {spark_submit.py:490} INFO - "type" : "float",
[2023-05-27T10:53:15.938-0500] {spark_submit.py:490} INFO - "nullable" : true,
[2023-05-27T10:53:15.939-0500] {spark_submit.py:490} INFO - "metadata" : { }
[2023-05-27T10:53:15.939-0500] {spark_submit.py:490} INFO - }, {
[2023-05-27T10:53:15.939-0500] {spark_submit.py:490} INFO - "name" : "Close",
[2023-05-27T10:53:15.939-0500] {spark_submit.py:490} INFO - "type" : "float",
[2023-05-27T10:53:15.940-0500] {spark_submit.py:490} INFO - "nullable" : true,
[2023-05-27T10:53:15.940-0500] {spark_submit.py:490} INFO - "metadata" : { }
[2023-05-27T10:53:15.940-0500] {spark_submit.py:490} INFO - }, {
[2023-05-27T10:53:15.941-0500] {spark_submit.py:490} INFO - "name" : "AdjClose",
[2023-05-27T10:53:15.941-0500] {spark_submit.py:490} INFO - "type" : "float",
[2023-05-27T10:53:15.941-0500] {spark_submit.py:490} INFO - "nullable" : true,
[2023-05-27T10:53:15.942-0500] {spark_submit.py:490} INFO - "metadata" : { }
[2023-05-27T10:53:15.942-0500] {spark_submit.py:490} INFO - }, {
[2023-05-27T10:53:15.942-0500] {spark_submit.py:490} INFO - "name" : "Volume",
[2023-05-27T10:53:15.942-0500] {spark_submit.py:490} INFO - "type" : "integer",
[2023-05-27T10:53:15.943-0500] {spark_submit.py:490} INFO - "nullable" : true,
[2023-05-27T10:53:15.943-0500] {spark_submit.py:490} INFO - "metadata" : { }
[2023-05-27T10:53:15.943-0500] {spark_submit.py:490} INFO - }, {
[2023-05-27T10:53:15.944-0500] {spark_submit.py:490} INFO - "name" : "Symbol",
[2023-05-27T10:53:15.944-0500] {spark_submit.py:490} INFO - "type" : "string",
[2023-05-27T10:53:15.944-0500] {spark_submit.py:490} INFO - "nullable" : true,
[2023-05-27T10:53:15.944-0500] {spark_submit.py:490} INFO - "metadata" : { }
[2023-05-27T10:53:15.945-0500] {spark_submit.py:490} INFO - }, {
[2023-05-27T10:53:15.945-0500] {spark_submit.py:490} INFO - "name" : "Security Name",
[2023-05-27T10:53:15.945-0500] {spark_submit.py:490} INFO - "type" : "string",
[2023-05-27T10:53:15.945-0500] {spark_submit.py:490} INFO - "nullable" : true,
[2023-05-27T10:53:15.946-0500] {spark_submit.py:490} INFO - "metadata" : { }
[2023-05-27T10:53:15.946-0500] {spark_submit.py:490} INFO - } ]
[2023-05-27T10:53:15.946-0500] {spark_submit.py:490} INFO - }
[2023-05-27T10:53:15.947-0500] {spark_submit.py:490} INFO - and corresponding Parquet message type:
[2023-05-27T10:53:15.947-0500] {spark_submit.py:490} INFO - message spark_schema {
[2023-05-27T10:53:15.947-0500] {spark_submit.py:490} INFO - optional binary Date (STRING);
[2023-05-27T10:53:15.947-0500] {spark_submit.py:490} INFO - optional float Open;
[2023-05-27T10:53:15.948-0500] {spark_submit.py:490} INFO - optional float High;
[2023-05-27T10:53:15.948-0500] {spark_submit.py:490} INFO - optional float Low;
[2023-05-27T10:53:15.948-0500] {spark_submit.py:490} INFO - optional float Close;
[2023-05-27T10:53:15.949-0500] {spark_submit.py:490} INFO - optional float AdjClose;
[2023-05-27T10:53:15.949-0500] {spark_submit.py:490} INFO - optional int32 Volume;
[2023-05-27T10:53:15.949-0500] {spark_submit.py:490} INFO - optional binary Symbol (STRING);
[2023-05-27T10:53:15.949-0500] {spark_submit.py:490} INFO - optional binary Security Name (STRING);
[2023-05-27T10:53:15.950-0500] {spark_submit.py:490} INFO - }
[2023-05-27T10:53:15.950-0500] {spark_submit.py:490} INFO - 
[2023-05-27T10:53:15.950-0500] {spark_submit.py:490} INFO - 
[2023-05-27T10:53:15.951-0500] {spark_submit.py:490} INFO - 23/05/27 10:53:15 INFO ParquetWriteSupport: Initialized Parquet WriteSupport with Catalyst schema:
[2023-05-27T10:53:15.951-0500] {spark_submit.py:490} INFO - {
[2023-05-27T10:53:15.952-0500] {spark_submit.py:490} INFO - "type" : "struct",
[2023-05-27T10:53:15.952-0500] {spark_submit.py:490} INFO - "fields" : [ {
[2023-05-27T10:53:15.952-0500] {spark_submit.py:490} INFO - "name" : "Date",
[2023-05-27T10:53:15.953-0500] {spark_submit.py:490} INFO - "type" : "string",
[2023-05-27T10:53:15.953-0500] {spark_submit.py:490} INFO - "nullable" : true,
[2023-05-27T10:53:15.953-0500] {spark_submit.py:490} INFO - "metadata" : { }
[2023-05-27T10:53:15.954-0500] {spark_submit.py:490} INFO - }, {
[2023-05-27T10:53:15.954-0500] {spark_submit.py:490} INFO - "name" : "Open",
[2023-05-27T10:53:15.954-0500] {spark_submit.py:490} INFO - "type" : "float",
[2023-05-27T10:53:15.954-0500] {spark_submit.py:490} INFO - "nullable" : true,
[2023-05-27T10:53:15.955-0500] {spark_submit.py:490} INFO - "metadata" : { }
[2023-05-27T10:53:15.955-0500] {spark_submit.py:490} INFO - }, {
[2023-05-27T10:53:15.955-0500] {spark_submit.py:490} INFO - "name" : "High",
[2023-05-27T10:53:15.956-0500] {spark_submit.py:490} INFO - "type" : "float",
[2023-05-27T10:53:15.956-0500] {spark_submit.py:490} INFO - "nullable" : true,
[2023-05-27T10:53:15.956-0500] {spark_submit.py:490} INFO - "metadata" : { }
[2023-05-27T10:53:15.957-0500] {spark_submit.py:490} INFO - }, {
[2023-05-27T10:53:15.957-0500] {spark_submit.py:490} INFO - "name" : "Low",
[2023-05-27T10:53:15.957-0500] {spark_submit.py:490} INFO - "type" : "float",
[2023-05-27T10:53:15.957-0500] {spark_submit.py:490} INFO - "nullable" : true,
[2023-05-27T10:53:15.958-0500] {spark_submit.py:490} INFO - "metadata" : { }
[2023-05-27T10:53:15.958-0500] {spark_submit.py:490} INFO - }, {
[2023-05-27T10:53:15.958-0500] {spark_submit.py:490} INFO - "name" : "Close",
[2023-05-27T10:53:15.959-0500] {spark_submit.py:490} INFO - "type" : "float",
[2023-05-27T10:53:15.959-0500] {spark_submit.py:490} INFO - "nullable" : true,
[2023-05-27T10:53:15.959-0500] {spark_submit.py:490} INFO - "metadata" : { }
[2023-05-27T10:53:15.960-0500] {spark_submit.py:490} INFO - }, {
[2023-05-27T10:53:15.960-0500] {spark_submit.py:490} INFO - "name" : "AdjClose",
[2023-05-27T10:53:15.960-0500] {spark_submit.py:490} INFO - "type" : "float",
[2023-05-27T10:53:15.961-0500] {spark_submit.py:490} INFO - "nullable" : true,
[2023-05-27T10:53:15.961-0500] {spark_submit.py:490} INFO - "metadata" : { }
[2023-05-27T10:53:15.961-0500] {spark_submit.py:490} INFO - }, {
[2023-05-27T10:53:15.961-0500] {spark_submit.py:490} INFO - "name" : "Volume",
[2023-05-27T10:53:15.962-0500] {spark_submit.py:490} INFO - "type" : "integer",
[2023-05-27T10:53:15.962-0500] {spark_submit.py:490} INFO - "nullable" : true,
[2023-05-27T10:53:15.962-0500] {spark_submit.py:490} INFO - "metadata" : { }
[2023-05-27T10:53:15.963-0500] {spark_submit.py:490} INFO - }, {
[2023-05-27T10:53:15.963-0500] {spark_submit.py:490} INFO - "name" : "Symbol",
[2023-05-27T10:53:15.963-0500] {spark_submit.py:490} INFO - "type" : "string",
[2023-05-27T10:53:15.963-0500] {spark_submit.py:490} INFO - "nullable" : true,
[2023-05-27T10:53:15.964-0500] {spark_submit.py:490} INFO - "metadata" : { }
[2023-05-27T10:53:15.964-0500] {spark_submit.py:490} INFO - }, {
[2023-05-27T10:53:15.964-0500] {spark_submit.py:490} INFO - "name" : "Security Name",
[2023-05-27T10:53:15.965-0500] {spark_submit.py:490} INFO - "type" : "string",
[2023-05-27T10:53:15.965-0500] {spark_submit.py:490} INFO - "nullable" : true,
[2023-05-27T10:53:15.965-0500] {spark_submit.py:490} INFO - "metadata" : { }
[2023-05-27T10:53:15.965-0500] {spark_submit.py:490} INFO - } ]
[2023-05-27T10:53:15.966-0500] {spark_submit.py:490} INFO - }
[2023-05-27T10:53:15.966-0500] {spark_submit.py:490} INFO - and corresponding Parquet message type:
[2023-05-27T10:53:15.966-0500] {spark_submit.py:490} INFO - message spark_schema {
[2023-05-27T10:53:15.967-0500] {spark_submit.py:490} INFO - optional binary Date (STRING);
[2023-05-27T10:53:15.967-0500] {spark_submit.py:490} INFO - optional float Open;
[2023-05-27T10:53:15.967-0500] {spark_submit.py:490} INFO - optional float High;
[2023-05-27T10:53:15.967-0500] {spark_submit.py:490} INFO - optional float Low;
[2023-05-27T10:53:15.968-0500] {spark_submit.py:490} INFO - optional float Close;
[2023-05-27T10:53:15.968-0500] {spark_submit.py:490} INFO - optional float AdjClose;
[2023-05-27T10:53:15.968-0500] {spark_submit.py:490} INFO - optional int32 Volume;
[2023-05-27T10:53:15.969-0500] {spark_submit.py:490} INFO - optional binary Symbol (STRING);
[2023-05-27T10:53:15.969-0500] {spark_submit.py:490} INFO - optional binary Security Name (STRING);
[2023-05-27T10:53:15.969-0500] {spark_submit.py:490} INFO - }
[2023-05-27T10:53:15.969-0500] {spark_submit.py:490} INFO - 
[2023-05-27T10:53:15.970-0500] {spark_submit.py:490} INFO - 
[2023-05-27T10:53:15.970-0500] {spark_submit.py:490} INFO - 23/05/27 10:53:15 INFO CodecPool: Got brand-new compressor [.snappy]
[2023-05-27T10:53:15.970-0500] {spark_submit.py:490} INFO - 23/05/27 10:53:15 INFO CodecPool: Got brand-new compressor [.snappy]
[2023-05-27T10:53:15.971-0500] {spark_submit.py:490} INFO - 23/05/27 10:53:15 INFO CodecPool: Got brand-new compressor [.snappy]
[2023-05-27T10:53:16.075-0500] {spark_submit.py:490} INFO - 23/05/27 10:53:16 INFO FileScanRDD: Reading File path: file:///Users/sujatabaral/airflow/stock-data/stocks/AA.csv, range: 0-1606023, partition values: [empty row]
[2023-05-27T10:53:16.376-0500] {spark_submit.py:490} INFO - 23/05/27 10:53:16 INFO FileOutputCommitter: Saved output of task 'attempt_202305271053157890965813333695879_0002_m_000002_4' to file:/Users/sujatabaral/airflow/stock-data-out/landing_stocks.parquet/_temporary/0/task_202305271053157890965813333695879_0002_m_000002
[2023-05-27T10:53:16.377-0500] {spark_submit.py:490} INFO - 23/05/27 10:53:16 INFO FileOutputCommitter: Saved output of task 'attempt_202305271053157890965813333695879_0002_m_000001_3' to file:/Users/sujatabaral/airflow/stock-data-out/landing_stocks.parquet/_temporary/0/task_202305271053157890965813333695879_0002_m_000001
[2023-05-27T10:53:16.377-0500] {spark_submit.py:490} INFO - 23/05/27 10:53:16 INFO SparkHadoopMapRedUtil: attempt_202305271053157890965813333695879_0002_m_000002_4: Committed. Elapsed time: 1 ms.
[2023-05-27T10:53:16.377-0500] {spark_submit.py:490} INFO - 23/05/27 10:53:16 INFO SparkHadoopMapRedUtil: attempt_202305271053157890965813333695879_0002_m_000001_3: Committed. Elapsed time: 1 ms.
[2023-05-27T10:53:16.392-0500] {spark_submit.py:490} INFO - 23/05/27 10:53:16 INFO Executor: Finished task 2.0 in stage 2.0 (TID 4). 2712 bytes result sent to driver
[2023-05-27T10:53:16.393-0500] {spark_submit.py:490} INFO - 23/05/27 10:53:16 INFO Executor: Finished task 1.0 in stage 2.0 (TID 3). 2712 bytes result sent to driver
[2023-05-27T10:53:16.394-0500] {spark_submit.py:490} INFO - 23/05/27 10:53:16 INFO TaskSetManager: Finished task 2.0 in stage 2.0 (TID 4) in 588 ms on sujatas-mbp-2 (executor driver) (1/3)
[2023-05-27T10:53:16.395-0500] {spark_submit.py:490} INFO - 23/05/27 10:53:16 INFO TaskSetManager: Finished task 1.0 in stage 2.0 (TID 3) in 588 ms on sujatas-mbp-2 (executor driver) (2/3)
[2023-05-27T10:53:16.427-0500] {spark_submit.py:490} INFO - 23/05/27 10:53:16 INFO FileOutputCommitter: Saved output of task 'attempt_202305271053157890965813333695879_0002_m_000000_2' to file:/Users/sujatabaral/airflow/stock-data-out/landing_stocks.parquet/_temporary/0/task_202305271053157890965813333695879_0002_m_000000
[2023-05-27T10:53:16.427-0500] {spark_submit.py:490} INFO - 23/05/27 10:53:16 INFO SparkHadoopMapRedUtil: attempt_202305271053157890965813333695879_0002_m_000000_2: Committed. Elapsed time: 0 ms.
[2023-05-27T10:53:16.430-0500] {spark_submit.py:490} INFO - 23/05/27 10:53:16 INFO Executor: Finished task 0.0 in stage 2.0 (TID 2). 2712 bytes result sent to driver
[2023-05-27T10:53:16.431-0500] {spark_submit.py:490} INFO - 23/05/27 10:53:16 INFO TaskSetManager: Finished task 0.0 in stage 2.0 (TID 2) in 626 ms on sujatas-mbp-2 (executor driver) (3/3)
[2023-05-27T10:53:16.431-0500] {spark_submit.py:490} INFO - 23/05/27 10:53:16 INFO TaskSchedulerImpl: Removed TaskSet 2.0, whose tasks have all completed, from pool
[2023-05-27T10:53:16.432-0500] {spark_submit.py:490} INFO - 23/05/27 10:53:16 INFO DAGScheduler: ResultStage 2 (save at NativeMethodAccessorImpl.java:0) finished in 0.667 s
[2023-05-27T10:53:16.433-0500] {spark_submit.py:490} INFO - 23/05/27 10:53:16 INFO DAGScheduler: Job 2 is finished. Cancelling potential speculative or zombie tasks for this job
[2023-05-27T10:53:16.433-0500] {spark_submit.py:490} INFO - 23/05/27 10:53:16 INFO TaskSchedulerImpl: Killing all running tasks in stage 2: Stage finished
[2023-05-27T10:53:16.434-0500] {spark_submit.py:490} INFO - 23/05/27 10:53:16 INFO DAGScheduler: Job 2 finished: save at NativeMethodAccessorImpl.java:0, took 0.669936 s
[2023-05-27T10:53:16.434-0500] {spark_submit.py:490} INFO - 23/05/27 10:53:16 INFO FileFormatWriter: Start to commit write Job 704e80f7-7159-4e29-97b2-89572bb89c1a.
[2023-05-27T10:53:16.453-0500] {spark_submit.py:490} INFO - 23/05/27 10:53:16 INFO FileFormatWriter: Write Job 704e80f7-7159-4e29-97b2-89572bb89c1a committed. Elapsed time: 18 ms.
[2023-05-27T10:53:16.455-0500] {spark_submit.py:490} INFO - 23/05/27 10:53:16 INFO FileFormatWriter: Finished processing stats for write job 704e80f7-7159-4e29-97b2-89572bb89c1a.
[2023-05-27T10:53:16.458-0500] {spark_submit.py:490} INFO - ./airflow/stock-data-out/landing_stocks.parquet filw written
[2023-05-27T10:53:16.499-0500] {spark_submit.py:490} INFO - 23/05/27 10:53:16 INFO SparkContext: Invoking stop() from shutdown hook
[2023-05-27T10:53:16.499-0500] {spark_submit.py:490} INFO - 23/05/27 10:53:16 INFO SparkContext: SparkContext is stopping with exitCode 0.
[2023-05-27T10:53:16.506-0500] {spark_submit.py:490} INFO - 23/05/27 10:53:16 INFO SparkUI: Stopped Spark web UI at http://sujatas-mbp-2:4041
[2023-05-27T10:53:16.514-0500] {spark_submit.py:490} INFO - 23/05/27 10:53:16 INFO MapOutputTrackerMasterEndpoint: MapOutputTrackerMasterEndpoint stopped!
[2023-05-27T10:53:16.524-0500] {spark_submit.py:490} INFO - 23/05/27 10:53:16 INFO MemoryStore: MemoryStore cleared
[2023-05-27T10:53:16.525-0500] {spark_submit.py:490} INFO - 23/05/27 10:53:16 INFO BlockManager: BlockManager stopped
[2023-05-27T10:53:16.526-0500] {spark_submit.py:490} INFO - 23/05/27 10:53:16 INFO BlockManagerMaster: BlockManagerMaster stopped
[2023-05-27T10:53:16.528-0500] {spark_submit.py:490} INFO - 23/05/27 10:53:16 INFO OutputCommitCoordinator$OutputCommitCoordinatorEndpoint: OutputCommitCoordinator stopped!
[2023-05-27T10:53:16.535-0500] {spark_submit.py:490} INFO - 23/05/27 10:53:16 INFO SparkContext: Successfully stopped SparkContext
[2023-05-27T10:53:16.535-0500] {spark_submit.py:490} INFO - 23/05/27 10:53:16 INFO ShutdownHookManager: Shutdown hook called
[2023-05-27T10:53:16.536-0500] {spark_submit.py:490} INFO - 23/05/27 10:53:16 INFO ShutdownHookManager: Deleting directory /private/var/folders/rj/4j_wg7hj631gk16sz5z2gtzc0000gn/T/spark-0d57badc-c964-4e56-a728-41e2bfe4e137
[2023-05-27T10:53:16.540-0500] {spark_submit.py:490} INFO - 23/05/27 10:53:16 INFO ShutdownHookManager: Deleting directory /private/var/folders/rj/4j_wg7hj631gk16sz5z2gtzc0000gn/T/spark-44137611-67f1-410d-8ebc-e388ac32b0b3
[2023-05-27T10:53:16.544-0500] {spark_submit.py:490} INFO - 23/05/27 10:53:16 INFO ShutdownHookManager: Deleting directory /private/var/folders/rj/4j_wg7hj631gk16sz5z2gtzc0000gn/T/spark-0d57badc-c964-4e56-a728-41e2bfe4e137/pyspark-5772a26a-ef73-42d5-bf61-7b1993570eda
[2023-05-27T10:53:16.606-0500] {taskinstance.py:1345} INFO - Marking task as SUCCESS. dag_id=stock_etf_analysis_dag_v_06, task_id=stage1_stocks_transform_task, execution_date=20230527T155250, start_date=20230527T155309, end_date=20230527T155316
[2023-05-27T10:53:16.665-0500] {local_task_job_runner.py:225} INFO - Task exited with return code 0
[2023-05-27T10:53:16.704-0500] {taskinstance.py:2651} INFO - 1 downstream tasks scheduled from follow-on schedule check
