[2023-05-27T10:53:58.727-0500] {taskinstance.py:1103} INFO - Dependencies all met for dep_context=non-requeueable deps ti=<TaskInstance: stock_etf_analysis_dag_v_06.stage2_etfs_transform_task manual__2023-05-27T15:52:50.414540+00:00 [queued]>
[2023-05-27T10:53:58.733-0500] {taskinstance.py:1103} INFO - Dependencies all met for dep_context=requeueable deps ti=<TaskInstance: stock_etf_analysis_dag_v_06.stage2_etfs_transform_task manual__2023-05-27T15:52:50.414540+00:00 [queued]>
[2023-05-27T10:53:58.733-0500] {taskinstance.py:1308} INFO - Starting attempt 1 of 2
[2023-05-27T10:53:58.742-0500] {taskinstance.py:1327} INFO - Executing <Task(SparkSubmitOperator): stage2_etfs_transform_task> on 2023-05-27 15:52:50.414540+00:00
[2023-05-27T10:53:58.745-0500] {standard_task_runner.py:57} INFO - Started process 7477 to run task
[2023-05-27T10:53:58.751-0500] {standard_task_runner.py:84} INFO - Running: ['airflow', 'tasks', 'run', 'stock_etf_analysis_dag_v_06', 'stage2_etfs_transform_task', 'manual__2023-05-27T15:52:50.414540+00:00', '--job-id', '66', '--raw', '--subdir', 'DAGS_FOLDER/assignment/stock-analysis.py', '--cfg-path', '/var/folders/rj/4j_wg7hj631gk16sz5z2gtzc0000gn/T/tmp71pxoqvv']
[2023-05-27T10:53:58.753-0500] {standard_task_runner.py:85} INFO - Job 66: Subtask stage2_etfs_transform_task
[2023-05-27T10:53:58.785-0500] {task_command.py:410} INFO - Running <TaskInstance: stock_etf_analysis_dag_v_06.stage2_etfs_transform_task manual__2023-05-27T15:52:50.414540+00:00 [running]> on host sujatas-mbp-2
[2023-05-27T10:53:58.823-0500] {taskinstance.py:1545} INFO - Exporting env vars: AIRFLOW_CTX_DAG_OWNER='sb' AIRFLOW_CTX_DAG_ID='stock_etf_analysis_dag_v_06' AIRFLOW_CTX_TASK_ID='stage2_etfs_transform_task' AIRFLOW_CTX_EXECUTION_DATE='2023-05-27T15:52:50.414540+00:00' AIRFLOW_CTX_TRY_NUMBER='1' AIRFLOW_CTX_DAG_RUN_ID='manual__2023-05-27T15:52:50.414540+00:00'
[2023-05-27T10:53:58.827-0500] {base.py:73} INFO - Using connection ID 'spark_stand_alone' for task execution.
[2023-05-27T10:53:58.828-0500] {spark_submit.py:339} INFO - Spark-Submit cmd: spark-submit --master local[*] --name arrow-spark --queue root.default ./airflow/dags/assignment/transform_etfs_stage2.py
[2023-05-27T10:54:00.470-0500] {spark_submit.py:490} INFO - 23/05/27 10:54:00 INFO SparkContext: Running Spark version 3.4.0
[2023-05-27T10:54:00.515-0500] {spark_submit.py:490} INFO - 23/05/27 10:54:00 WARN NativeCodeLoader: Unable to load native-hadoop library for your platform... using builtin-java classes where applicable
[2023-05-27T10:54:00.586-0500] {spark_submit.py:490} INFO - 23/05/27 10:54:00 INFO ResourceUtils: ==============================================================
[2023-05-27T10:54:00.587-0500] {spark_submit.py:490} INFO - 23/05/27 10:54:00 INFO ResourceUtils: No custom resources configured for spark.driver.
[2023-05-27T10:54:00.587-0500] {spark_submit.py:490} INFO - 23/05/27 10:54:00 INFO ResourceUtils: ==============================================================
[2023-05-27T10:54:00.587-0500] {spark_submit.py:490} INFO - 23/05/27 10:54:00 INFO SparkContext: Submitted application: stock data analysis
[2023-05-27T10:54:00.601-0500] {spark_submit.py:490} INFO - 23/05/27 10:54:00 INFO ResourceProfile: Default ResourceProfile created, executor resources: Map(cores -> name: cores, amount: 1, script: , vendor: , memory -> name: memory, amount: 1024, script: , vendor: , offHeap -> name: offHeap, amount: 0, script: , vendor: ), task resources: Map(cpus -> name: cpus, amount: 1.0)
[2023-05-27T10:54:00.609-0500] {spark_submit.py:490} INFO - 23/05/27 10:54:00 INFO ResourceProfile: Limiting resource is cpu
[2023-05-27T10:54:00.610-0500] {spark_submit.py:490} INFO - 23/05/27 10:54:00 INFO ResourceProfileManager: Added ResourceProfile id: 0
[2023-05-27T10:54:00.650-0500] {spark_submit.py:490} INFO - 23/05/27 10:54:00 INFO SecurityManager: Changing view acls to: sujatabaral
[2023-05-27T10:54:00.650-0500] {spark_submit.py:490} INFO - 23/05/27 10:54:00 INFO SecurityManager: Changing modify acls to: sujatabaral
[2023-05-27T10:54:00.650-0500] {spark_submit.py:490} INFO - 23/05/27 10:54:00 INFO SecurityManager: Changing view acls groups to:
[2023-05-27T10:54:00.651-0500] {spark_submit.py:490} INFO - 23/05/27 10:54:00 INFO SecurityManager: Changing modify acls groups to:
[2023-05-27T10:54:00.651-0500] {spark_submit.py:490} INFO - 23/05/27 10:54:00 INFO SecurityManager: SecurityManager: authentication disabled; ui acls disabled; users with view permissions: sujatabaral; groups with view permissions: EMPTY; users with modify permissions: sujatabaral; groups with modify permissions: EMPTY
[2023-05-27T10:54:00.810-0500] {spark_submit.py:490} INFO - 23/05/27 10:54:00 INFO Utils: Successfully started service 'sparkDriver' on port 60021.
[2023-05-27T10:54:00.828-0500] {spark_submit.py:490} INFO - 23/05/27 10:54:00 INFO SparkEnv: Registering MapOutputTracker
[2023-05-27T10:54:00.853-0500] {spark_submit.py:490} INFO - 23/05/27 10:54:00 INFO SparkEnv: Registering BlockManagerMaster
[2023-05-27T10:54:00.866-0500] {spark_submit.py:490} INFO - 23/05/27 10:54:00 INFO BlockManagerMasterEndpoint: Using org.apache.spark.storage.DefaultTopologyMapper for getting topology information
[2023-05-27T10:54:00.866-0500] {spark_submit.py:490} INFO - 23/05/27 10:54:00 INFO BlockManagerMasterEndpoint: BlockManagerMasterEndpoint up
[2023-05-27T10:54:00.869-0500] {spark_submit.py:490} INFO - 23/05/27 10:54:00 INFO SparkEnv: Registering BlockManagerMasterHeartbeat
[2023-05-27T10:54:00.886-0500] {spark_submit.py:490} INFO - 23/05/27 10:54:00 INFO DiskBlockManager: Created local directory at /private/var/folders/rj/4j_wg7hj631gk16sz5z2gtzc0000gn/T/blockmgr-dc2f1029-b738-4921-9b87-ac289648f2a5
[2023-05-27T10:54:00.899-0500] {spark_submit.py:490} INFO - 23/05/27 10:54:00 INFO MemoryStore: MemoryStore started with capacity 434.4 MiB
[2023-05-27T10:54:00.916-0500] {spark_submit.py:490} INFO - 23/05/27 10:54:00 INFO SparkEnv: Registering OutputCommitCoordinator
[2023-05-27T10:54:01.018-0500] {spark_submit.py:490} INFO - 23/05/27 10:54:01 INFO JettyUtils: Start Jetty 0.0.0.0:4040 for SparkUI
[2023-05-27T10:54:01.063-0500] {spark_submit.py:490} INFO - 23/05/27 10:54:01 WARN Utils: Service 'SparkUI' could not bind on port 4040. Attempting port 4041.
[2023-05-27T10:54:01.069-0500] {spark_submit.py:490} INFO - 23/05/27 10:54:01 INFO Utils: Successfully started service 'SparkUI' on port 4041.
[2023-05-27T10:54:01.170-0500] {spark_submit.py:490} INFO - 23/05/27 10:54:01 INFO Executor: Starting executor ID driver on host sujatas-mbp-2
[2023-05-27T10:54:01.178-0500] {spark_submit.py:490} INFO - 23/05/27 10:54:01 INFO Executor: Starting executor with user classpath (userClassPathFirst = false): ''
[2023-05-27T10:54:01.195-0500] {spark_submit.py:490} INFO - 23/05/27 10:54:01 INFO Utils: Successfully started service 'org.apache.spark.network.netty.NettyBlockTransferService' on port 60024.
[2023-05-27T10:54:01.196-0500] {spark_submit.py:490} INFO - 23/05/27 10:54:01 INFO NettyBlockTransferService: Server created on sujatas-mbp-2:60024
[2023-05-27T10:54:01.197-0500] {spark_submit.py:490} INFO - 23/05/27 10:54:01 INFO BlockManager: Using org.apache.spark.storage.RandomBlockReplicationPolicy for block replication policy
[2023-05-27T10:54:01.201-0500] {spark_submit.py:490} INFO - 23/05/27 10:54:01 INFO BlockManagerMaster: Registering BlockManager BlockManagerId(driver, sujatas-mbp-2, 60024, None)
[2023-05-27T10:54:01.205-0500] {spark_submit.py:490} INFO - 23/05/27 10:54:01 INFO BlockManagerMasterEndpoint: Registering block manager sujatas-mbp-2:60024 with 434.4 MiB RAM, BlockManagerId(driver, sujatas-mbp-2, 60024, None)
[2023-05-27T10:54:01.207-0500] {spark_submit.py:490} INFO - 23/05/27 10:54:01 INFO BlockManagerMaster: Registered BlockManager BlockManagerId(driver, sujatas-mbp-2, 60024, None)
[2023-05-27T10:54:01.208-0500] {spark_submit.py:490} INFO - 23/05/27 10:54:01 INFO BlockManager: Initialized BlockManager: BlockManagerId(driver, sujatas-mbp-2, 60024, None)
[2023-05-27T10:54:01.550-0500] {spark_submit.py:490} INFO - 23/05/27 10:54:01 INFO SharedState: Setting hive.metastore.warehouse.dir ('null') to the value of spark.sql.warehouse.dir.
[2023-05-27T10:54:01.556-0500] {spark_submit.py:490} INFO - 23/05/27 10:54:01 INFO SharedState: Warehouse path is 'file:/Users/sujatabaral/spark-warehouse'.
[2023-05-27T10:54:02.219-0500] {spark_submit.py:490} INFO - 23/05/27 10:54:02 INFO InMemoryFileIndex: It took 31 ms to list leaf files for 1 paths.
[2023-05-27T10:54:02.540-0500] {spark_submit.py:490} INFO - 23/05/27 10:54:02 INFO SparkContext: Starting job: parquet at NativeMethodAccessorImpl.java:0
[2023-05-27T10:54:02.549-0500] {spark_submit.py:490} INFO - 23/05/27 10:54:02 INFO DAGScheduler: Got job 0 (parquet at NativeMethodAccessorImpl.java:0) with 1 output partitions
[2023-05-27T10:54:02.550-0500] {spark_submit.py:490} INFO - 23/05/27 10:54:02 INFO DAGScheduler: Final stage: ResultStage 0 (parquet at NativeMethodAccessorImpl.java:0)
[2023-05-27T10:54:02.550-0500] {spark_submit.py:490} INFO - 23/05/27 10:54:02 INFO DAGScheduler: Parents of final stage: List()
[2023-05-27T10:54:02.551-0500] {spark_submit.py:490} INFO - 23/05/27 10:54:02 INFO DAGScheduler: Missing parents: List()
[2023-05-27T10:54:02.553-0500] {spark_submit.py:490} INFO - 23/05/27 10:54:02 INFO DAGScheduler: Submitting ResultStage 0 (MapPartitionsRDD[1] at parquet at NativeMethodAccessorImpl.java:0), which has no missing parents
[2023-05-27T10:54:02.609-0500] {spark_submit.py:490} INFO - 23/05/27 10:54:02 INFO MemoryStore: Block broadcast_0 stored as values in memory (estimated size 103.1 KiB, free 434.3 MiB)
[2023-05-27T10:54:02.704-0500] {spark_submit.py:490} INFO - 23/05/27 10:54:02 INFO MemoryStore: Block broadcast_0_piece0 stored as bytes in memory (estimated size 37.1 KiB, free 434.3 MiB)
[2023-05-27T10:54:02.706-0500] {spark_submit.py:490} INFO - 23/05/27 10:54:02 INFO BlockManagerInfo: Added broadcast_0_piece0 in memory on sujatas-mbp-2:60024 (size: 37.1 KiB, free: 434.4 MiB)
[2023-05-27T10:54:02.708-0500] {spark_submit.py:490} INFO - 23/05/27 10:54:02 INFO SparkContext: Created broadcast 0 from broadcast at DAGScheduler.scala:1535
[2023-05-27T10:54:02.720-0500] {spark_submit.py:490} INFO - 23/05/27 10:54:02 INFO DAGScheduler: Submitting 1 missing tasks from ResultStage 0 (MapPartitionsRDD[1] at parquet at NativeMethodAccessorImpl.java:0) (first 15 tasks are for partitions Vector(0))
[2023-05-27T10:54:02.720-0500] {spark_submit.py:490} INFO - 23/05/27 10:54:02 INFO TaskSchedulerImpl: Adding task set 0.0 with 1 tasks resource profile 0
[2023-05-27T10:54:02.765-0500] {spark_submit.py:490} INFO - 23/05/27 10:54:02 INFO TaskSetManager: Starting task 0.0 in stage 0.0 (TID 0) (sujatas-mbp-2, executor driver, partition 0, PROCESS_LOCAL, 7591 bytes)
[2023-05-27T10:54:02.775-0500] {spark_submit.py:490} INFO - 23/05/27 10:54:02 INFO Executor: Running task 0.0 in stage 0.0 (TID 0)
[2023-05-27T10:54:03.024-0500] {spark_submit.py:490} INFO - 23/05/27 10:54:03 INFO Executor: Finished task 0.0 in stage 0.0 (TID 0). 2174 bytes result sent to driver
[2023-05-27T10:54:03.031-0500] {spark_submit.py:490} INFO - 23/05/27 10:54:03 INFO TaskSetManager: Finished task 0.0 in stage 0.0 (TID 0) in 279 ms on sujatas-mbp-2 (executor driver) (1/1)
[2023-05-27T10:54:03.032-0500] {spark_submit.py:490} INFO - 23/05/27 10:54:03 INFO TaskSchedulerImpl: Removed TaskSet 0.0, whose tasks have all completed, from pool
[2023-05-27T10:54:03.035-0500] {spark_submit.py:490} INFO - 23/05/27 10:54:03 INFO DAGScheduler: ResultStage 0 (parquet at NativeMethodAccessorImpl.java:0) finished in 0.473 s
[2023-05-27T10:54:03.037-0500] {spark_submit.py:490} INFO - 23/05/27 10:54:03 INFO DAGScheduler: Job 0 is finished. Cancelling potential speculative or zombie tasks for this job
[2023-05-27T10:54:03.037-0500] {spark_submit.py:490} INFO - 23/05/27 10:54:03 INFO TaskSchedulerImpl: Killing all running tasks in stage 0: Stage finished
[2023-05-27T10:54:03.038-0500] {spark_submit.py:490} INFO - 23/05/27 10:54:03 INFO DAGScheduler: Job 0 finished: parquet at NativeMethodAccessorImpl.java:0, took 0.497601 s
[2023-05-27T10:54:03.070-0500] {spark_submit.py:490} INFO - 23/05/27 10:54:03 INFO BlockManagerInfo: Removed broadcast_0_piece0 on sujatas-mbp-2:60024 in memory (size: 37.1 KiB, free: 434.4 MiB)
[2023-05-27T10:54:04.009-0500] {spark_submit.py:490} INFO - print scema after parquet conversion =====================
[2023-05-27T10:54:04.019-0500] {spark_submit.py:490} INFO - root
[2023-05-27T10:54:04.019-0500] {spark_submit.py:490} INFO - |-- Date: string (nullable = true)
[2023-05-27T10:54:04.020-0500] {spark_submit.py:490} INFO - |-- Open: float (nullable = true)
[2023-05-27T10:54:04.020-0500] {spark_submit.py:490} INFO - |-- High: float (nullable = true)
[2023-05-27T10:54:04.020-0500] {spark_submit.py:490} INFO - |-- Low: float (nullable = true)
[2023-05-27T10:54:04.020-0500] {spark_submit.py:490} INFO - |-- Close: float (nullable = true)
[2023-05-27T10:54:04.021-0500] {spark_submit.py:490} INFO - |-- AdjClose: float (nullable = true)
[2023-05-27T10:54:04.021-0500] {spark_submit.py:490} INFO - |-- Volume: integer (nullable = true)
[2023-05-27T10:54:04.021-0500] {spark_submit.py:490} INFO - |-- Symbol: string (nullable = true)
[2023-05-27T10:54:04.022-0500] {spark_submit.py:490} INFO - |-- Security Name: string (nullable = true)
[2023-05-27T10:54:04.022-0500] {spark_submit.py:490} INFO - 
[2023-05-27T10:54:04.409-0500] {spark_submit.py:490} INFO - final_df =====================
[2023-05-27T10:54:04.483-0500] {spark_submit.py:490} INFO - 23/05/27 10:54:04 INFO FileSourceStrategy: Pushed Filters:
[2023-05-27T10:54:04.485-0500] {spark_submit.py:490} INFO - 23/05/27 10:54:04 INFO FileSourceStrategy: Post-Scan Filters:
[2023-05-27T10:54:04.818-0500] {spark_submit.py:490} INFO - 23/05/27 10:54:04 INFO CodeGenerator: Code generated in 172.097475 ms
[2023-05-27T10:54:04.836-0500] {spark_submit.py:490} INFO - 23/05/27 10:54:04 INFO MemoryStore: Block broadcast_1 stored as values in memory (estimated size 201.8 KiB, free 434.2 MiB)
[2023-05-27T10:54:04.857-0500] {spark_submit.py:490} INFO - 23/05/27 10:54:04 INFO MemoryStore: Block broadcast_1_piece0 stored as bytes in memory (estimated size 35.1 KiB, free 434.2 MiB)
[2023-05-27T10:54:04.858-0500] {spark_submit.py:490} INFO - 23/05/27 10:54:04 INFO BlockManagerInfo: Added broadcast_1_piece0 in memory on sujatas-mbp-2:60024 (size: 35.1 KiB, free: 434.4 MiB)
[2023-05-27T10:54:04.859-0500] {spark_submit.py:490} INFO - 23/05/27 10:54:04 INFO SparkContext: Created broadcast 1 from save at NativeMethodAccessorImpl.java:0
[2023-05-27T10:54:04.869-0500] {spark_submit.py:490} INFO - 23/05/27 10:54:04 INFO FileSourceScanExec: Planning scan with bin packing, max size: 4194304 bytes, open cost is considered as scanning 4194304 bytes.
[2023-05-27T10:54:04.906-0500] {spark_submit.py:490} INFO - 23/05/27 10:54:04 INFO DAGScheduler: Registering RDD 5 (save at NativeMethodAccessorImpl.java:0) as input to shuffle 0
[2023-05-27T10:54:04.909-0500] {spark_submit.py:490} INFO - 23/05/27 10:54:04 INFO DAGScheduler: Got map stage job 1 (save at NativeMethodAccessorImpl.java:0) with 3 output partitions
[2023-05-27T10:54:04.909-0500] {spark_submit.py:490} INFO - 23/05/27 10:54:04 INFO DAGScheduler: Final stage: ShuffleMapStage 1 (save at NativeMethodAccessorImpl.java:0)
[2023-05-27T10:54:04.910-0500] {spark_submit.py:490} INFO - 23/05/27 10:54:04 INFO DAGScheduler: Parents of final stage: List()
[2023-05-27T10:54:04.910-0500] {spark_submit.py:490} INFO - 23/05/27 10:54:04 INFO DAGScheduler: Missing parents: List()
[2023-05-27T10:54:04.911-0500] {spark_submit.py:490} INFO - 23/05/27 10:54:04 INFO DAGScheduler: Submitting ShuffleMapStage 1 (MapPartitionsRDD[5] at save at NativeMethodAccessorImpl.java:0), which has no missing parents
[2023-05-27T10:54:04.933-0500] {spark_submit.py:490} INFO - 23/05/27 10:54:04 INFO MemoryStore: Block broadcast_2 stored as values in memory (estimated size 20.9 KiB, free 434.1 MiB)
[2023-05-27T10:54:04.938-0500] {spark_submit.py:490} INFO - 23/05/27 10:54:04 INFO MemoryStore: Block broadcast_2_piece0 stored as bytes in memory (estimated size 8.3 KiB, free 434.1 MiB)
[2023-05-27T10:54:04.939-0500] {spark_submit.py:490} INFO - 23/05/27 10:54:04 INFO BlockManagerInfo: Added broadcast_2_piece0 in memory on sujatas-mbp-2:60024 (size: 8.3 KiB, free: 434.4 MiB)
[2023-05-27T10:54:04.939-0500] {spark_submit.py:490} INFO - 23/05/27 10:54:04 INFO SparkContext: Created broadcast 2 from broadcast at DAGScheduler.scala:1535
[2023-05-27T10:54:04.941-0500] {spark_submit.py:490} INFO - 23/05/27 10:54:04 INFO DAGScheduler: Submitting 3 missing tasks from ShuffleMapStage 1 (MapPartitionsRDD[5] at save at NativeMethodAccessorImpl.java:0) (first 15 tasks are for partitions Vector(0, 1, 2))
[2023-05-27T10:54:04.942-0500] {spark_submit.py:490} INFO - 23/05/27 10:54:04 INFO TaskSchedulerImpl: Adding task set 1.0 with 3 tasks resource profile 0
[2023-05-27T10:54:04.945-0500] {spark_submit.py:490} INFO - 23/05/27 10:54:04 INFO TaskSetManager: Starting task 0.0 in stage 1.0 (TID 1) (sujatas-mbp-2, executor driver, partition 0, PROCESS_LOCAL, 8004 bytes)
[2023-05-27T10:54:04.946-0500] {spark_submit.py:490} INFO - 23/05/27 10:54:04 INFO TaskSetManager: Starting task 1.0 in stage 1.0 (TID 2) (sujatas-mbp-2, executor driver, partition 1, PROCESS_LOCAL, 8004 bytes)
[2023-05-27T10:54:04.947-0500] {spark_submit.py:490} INFO - 23/05/27 10:54:04 INFO TaskSetManager: Starting task 2.0 in stage 1.0 (TID 3) (sujatas-mbp-2, executor driver, partition 2, PROCESS_LOCAL, 8004 bytes)
[2023-05-27T10:54:04.947-0500] {spark_submit.py:490} INFO - 23/05/27 10:54:04 INFO Executor: Running task 0.0 in stage 1.0 (TID 1)
[2023-05-27T10:54:04.948-0500] {spark_submit.py:490} INFO - 23/05/27 10:54:04 INFO Executor: Running task 1.0 in stage 1.0 (TID 2)
[2023-05-27T10:54:04.948-0500] {spark_submit.py:490} INFO - 23/05/27 10:54:04 INFO Executor: Running task 2.0 in stage 1.0 (TID 3)
[2023-05-27T10:54:05.015-0500] {spark_submit.py:490} INFO - 23/05/27 10:54:05 INFO CodeGenerator: Code generated in 13.274241 ms
[2023-05-27T10:54:05.024-0500] {spark_submit.py:490} INFO - 23/05/27 10:54:05 INFO FileScanRDD: Reading File path: file:///Users/sujatabaral/airflow/etf-data-out/landing_etfs.parquet/part-00002-8232456a-b06c-429a-81c9-e89a955728e9-c000.snappy.parquet, range: 0-13107, partition values: [empty row]
[2023-05-27T10:54:05.025-0500] {spark_submit.py:490} INFO - 23/05/27 10:54:05 INFO FileScanRDD: Reading File path: file:///Users/sujatabaral/airflow/etf-data-out/landing_etfs.parquet/part-00000-8232456a-b06c-429a-81c9-e89a955728e9-c000.snappy.parquet, range: 0-84513, partition values: [empty row]
[2023-05-27T10:54:05.025-0500] {spark_submit.py:490} INFO - 23/05/27 10:54:05 INFO FileScanRDD: Reading File path: file:///Users/sujatabaral/airflow/etf-data-out/landing_etfs.parquet/part-00001-8232456a-b06c-429a-81c9-e89a955728e9-c000.snappy.parquet, range: 0-63582, partition values: [empty row]
[2023-05-27T10:54:05.113-0500] {spark_submit.py:490} INFO - 23/05/27 10:54:05 INFO CodecPool: Got brand-new decompressor [.snappy]
[2023-05-27T10:54:05.114-0500] {spark_submit.py:490} INFO - 23/05/27 10:54:05 INFO CodecPool: Got brand-new decompressor [.snappy]
[2023-05-27T10:54:05.114-0500] {spark_submit.py:490} INFO - 23/05/27 10:54:05 INFO CodecPool: Got brand-new decompressor [.snappy]
[2023-05-27T10:54:05.349-0500] {spark_submit.py:490} INFO - 23/05/27 10:54:05 INFO Executor: Finished task 2.0 in stage 1.0 (TID 3). 2284 bytes result sent to driver
[2023-05-27T10:54:05.351-0500] {spark_submit.py:490} INFO - 23/05/27 10:54:05 INFO Executor: Finished task 1.0 in stage 1.0 (TID 2). 2241 bytes result sent to driver
[2023-05-27T10:54:05.352-0500] {spark_submit.py:490} INFO - 23/05/27 10:54:05 INFO TaskSetManager: Finished task 2.0 in stage 1.0 (TID 3) in 405 ms on sujatas-mbp-2 (executor driver) (1/3)
[2023-05-27T10:54:05.352-0500] {spark_submit.py:490} INFO - 23/05/27 10:54:05 INFO Executor: Finished task 0.0 in stage 1.0 (TID 1). 2241 bytes result sent to driver
[2023-05-27T10:54:05.353-0500] {spark_submit.py:490} INFO - 23/05/27 10:54:05 INFO TaskSetManager: Finished task 1.0 in stage 1.0 (TID 2) in 407 ms on sujatas-mbp-2 (executor driver) (2/3)
[2023-05-27T10:54:05.354-0500] {spark_submit.py:490} INFO - 23/05/27 10:54:05 INFO TaskSetManager: Finished task 0.0 in stage 1.0 (TID 1) in 411 ms on sujatas-mbp-2 (executor driver) (3/3)
[2023-05-27T10:54:05.355-0500] {spark_submit.py:490} INFO - 23/05/27 10:54:05 INFO TaskSchedulerImpl: Removed TaskSet 1.0, whose tasks have all completed, from pool
[2023-05-27T10:54:05.356-0500] {spark_submit.py:490} INFO - 23/05/27 10:54:05 INFO DAGScheduler: ShuffleMapStage 1 (save at NativeMethodAccessorImpl.java:0) finished in 0.441 s
[2023-05-27T10:54:05.357-0500] {spark_submit.py:490} INFO - 23/05/27 10:54:05 INFO DAGScheduler: looking for newly runnable stages
[2023-05-27T10:54:05.357-0500] {spark_submit.py:490} INFO - 23/05/27 10:54:05 INFO DAGScheduler: running: Set()
[2023-05-27T10:54:05.357-0500] {spark_submit.py:490} INFO - 23/05/27 10:54:05 INFO DAGScheduler: waiting: Set()
[2023-05-27T10:54:05.358-0500] {spark_submit.py:490} INFO - 23/05/27 10:54:05 INFO DAGScheduler: failed: Set()
[2023-05-27T10:54:05.376-0500] {spark_submit.py:490} INFO - 23/05/27 10:54:05 INFO ShufflePartitionsUtil: For shuffle(0), advisory target size: 67108864, actual target size 1048576, minimum partition size: 1048576
[2023-05-27T10:54:05.407-0500] {spark_submit.py:490} INFO - 23/05/27 10:54:05 INFO ParquetUtils: Using default output committer for Parquet: org.apache.parquet.hadoop.ParquetOutputCommitter
[2023-05-27T10:54:05.417-0500] {spark_submit.py:490} INFO - 23/05/27 10:54:05 INFO FileOutputCommitter: File Output Committer Algorithm version is 1
[2023-05-27T10:54:05.417-0500] {spark_submit.py:490} INFO - 23/05/27 10:54:05 INFO FileOutputCommitter: FileOutputCommitter skip cleanup _temporary folders under output directory:false, ignore cleanup failures: false
[2023-05-27T10:54:05.418-0500] {spark_submit.py:490} INFO - 23/05/27 10:54:05 INFO SQLHadoopMapReduceCommitProtocol: Using user defined output committer class org.apache.parquet.hadoop.ParquetOutputCommitter
[2023-05-27T10:54:05.418-0500] {spark_submit.py:490} INFO - 23/05/27 10:54:05 INFO FileOutputCommitter: File Output Committer Algorithm version is 1
[2023-05-27T10:54:05.418-0500] {spark_submit.py:490} INFO - 23/05/27 10:54:05 INFO FileOutputCommitter: FileOutputCommitter skip cleanup _temporary folders under output directory:false, ignore cleanup failures: false
[2023-05-27T10:54:05.419-0500] {spark_submit.py:490} INFO - 23/05/27 10:54:05 INFO SQLHadoopMapReduceCommitProtocol: Using output committer class org.apache.parquet.hadoop.ParquetOutputCommitter
[2023-05-27T10:54:05.451-0500] {spark_submit.py:490} INFO - 23/05/27 10:54:05 INFO CodeGenerator: Code generated in 11.452108 ms
[2023-05-27T10:54:05.498-0500] {spark_submit.py:490} INFO - 23/05/27 10:54:05 INFO SparkContext: Starting job: save at NativeMethodAccessorImpl.java:0
[2023-05-27T10:54:05.500-0500] {spark_submit.py:490} INFO - 23/05/27 10:54:05 INFO DAGScheduler: Got job 2 (save at NativeMethodAccessorImpl.java:0) with 1 output partitions
[2023-05-27T10:54:05.500-0500] {spark_submit.py:490} INFO - 23/05/27 10:54:05 INFO DAGScheduler: Final stage: ResultStage 3 (save at NativeMethodAccessorImpl.java:0)
[2023-05-27T10:54:05.500-0500] {spark_submit.py:490} INFO - 23/05/27 10:54:05 INFO DAGScheduler: Parents of final stage: List(ShuffleMapStage 2)
[2023-05-27T10:54:05.501-0500] {spark_submit.py:490} INFO - 23/05/27 10:54:05 INFO DAGScheduler: Missing parents: List()
[2023-05-27T10:54:05.501-0500] {spark_submit.py:490} INFO - 23/05/27 10:54:05 INFO DAGScheduler: Submitting ResultStage 3 (MapPartitionsRDD[9] at save at NativeMethodAccessorImpl.java:0), which has no missing parents
[2023-05-27T10:54:05.541-0500] {spark_submit.py:490} INFO - 23/05/27 10:54:05 INFO MemoryStore: Block broadcast_3 stored as values in memory (estimated size 235.1 KiB, free 433.9 MiB)
[2023-05-27T10:54:05.545-0500] {spark_submit.py:490} INFO - 23/05/27 10:54:05 INFO MemoryStore: Block broadcast_3_piece0 stored as bytes in memory (estimated size 86.6 KiB, free 433.8 MiB)
[2023-05-27T10:54:05.546-0500] {spark_submit.py:490} INFO - 23/05/27 10:54:05 INFO BlockManagerInfo: Added broadcast_3_piece0 in memory on sujatas-mbp-2:60024 (size: 86.6 KiB, free: 434.3 MiB)
[2023-05-27T10:54:05.546-0500] {spark_submit.py:490} INFO - 23/05/27 10:54:05 INFO SparkContext: Created broadcast 3 from broadcast at DAGScheduler.scala:1535
[2023-05-27T10:54:05.547-0500] {spark_submit.py:490} INFO - 23/05/27 10:54:05 INFO DAGScheduler: Submitting 1 missing tasks from ResultStage 3 (MapPartitionsRDD[9] at save at NativeMethodAccessorImpl.java:0) (first 15 tasks are for partitions Vector(0))
[2023-05-27T10:54:05.547-0500] {spark_submit.py:490} INFO - 23/05/27 10:54:05 INFO TaskSchedulerImpl: Adding task set 3.0 with 1 tasks resource profile 0
[2023-05-27T10:54:05.551-0500] {spark_submit.py:490} INFO - 23/05/27 10:54:05 INFO TaskSetManager: Starting task 0.0 in stage 3.0 (TID 4) (sujatas-mbp-2, executor driver, partition 0, NODE_LOCAL, 7363 bytes)
[2023-05-27T10:54:05.551-0500] {spark_submit.py:490} INFO - 23/05/27 10:54:05 INFO Executor: Running task 0.0 in stage 3.0 (TID 4)
[2023-05-27T10:54:05.605-0500] {spark_submit.py:490} INFO - 23/05/27 10:54:05 INFO ShuffleBlockFetcherIterator: Getting 3 (186.6 KiB) non-empty blocks including 3 (186.6 KiB) local and 0 (0.0 B) host-local and 0 (0.0 B) push-merged-local and 0 (0.0 B) remote blocks
[2023-05-27T10:54:05.607-0500] {spark_submit.py:490} INFO - 23/05/27 10:54:05 INFO ShuffleBlockFetcherIterator: Started 0 remote fetches in 7 ms
[2023-05-27T10:54:05.626-0500] {spark_submit.py:490} INFO - 23/05/27 10:54:05 INFO CodeGenerator: Code generated in 11.178573 ms
[2023-05-27T10:54:05.638-0500] {spark_submit.py:490} INFO - 23/05/27 10:54:05 INFO CodeGenerator: Code generated in 7.227351 ms
[2023-05-27T10:54:05.668-0500] {spark_submit.py:490} INFO - 23/05/27 10:54:05 INFO CodeGenerator: Code generated in 13.057386 ms
[2023-05-27T10:54:05.676-0500] {spark_submit.py:490} INFO - 23/05/27 10:54:05 INFO CodeGenerator: Code generated in 5.265681 ms
[2023-05-27T10:54:05.733-0500] {spark_submit.py:490} INFO - 23/05/27 10:54:05 INFO CodeGenerator: Code generated in 4.95705 ms
[2023-05-27T10:54:05.756-0500] {spark_submit.py:490} INFO - 23/05/27 10:54:05 INFO CodeGenerator: Code generated in 11.659712 ms
[2023-05-27T10:54:05.767-0500] {spark_submit.py:490} INFO - 23/05/27 10:54:05 INFO CodeGenerator: Code generated in 6.759852 ms
[2023-05-27T10:54:05.769-0500] {spark_submit.py:490} INFO - 23/05/27 10:54:05 INFO FileOutputCommitter: File Output Committer Algorithm version is 1
[2023-05-27T10:54:05.769-0500] {spark_submit.py:490} INFO - 23/05/27 10:54:05 INFO FileOutputCommitter: FileOutputCommitter skip cleanup _temporary folders under output directory:false, ignore cleanup failures: false
[2023-05-27T10:54:05.770-0500] {spark_submit.py:490} INFO - 23/05/27 10:54:05 INFO SQLHadoopMapReduceCommitProtocol: Using user defined output committer class org.apache.parquet.hadoop.ParquetOutputCommitter
[2023-05-27T10:54:05.770-0500] {spark_submit.py:490} INFO - 23/05/27 10:54:05 INFO FileOutputCommitter: File Output Committer Algorithm version is 1
[2023-05-27T10:54:05.770-0500] {spark_submit.py:490} INFO - 23/05/27 10:54:05 INFO FileOutputCommitter: FileOutputCommitter skip cleanup _temporary folders under output directory:false, ignore cleanup failures: false
[2023-05-27T10:54:05.771-0500] {spark_submit.py:490} INFO - 23/05/27 10:54:05 INFO SQLHadoopMapReduceCommitProtocol: Using output committer class org.apache.parquet.hadoop.ParquetOutputCommitter
[2023-05-27T10:54:05.774-0500] {spark_submit.py:490} INFO - 23/05/27 10:54:05 INFO CodecConfig: Compression: SNAPPY
[2023-05-27T10:54:05.775-0500] {spark_submit.py:490} INFO - 23/05/27 10:54:05 INFO CodecConfig: Compression: SNAPPY
[2023-05-27T10:54:05.787-0500] {spark_submit.py:490} INFO - 23/05/27 10:54:05 INFO ParquetOutputFormat: ParquetRecordWriter [block size: 134217728b, row group padding size: 8388608b, validating: false]
[2023-05-27T10:54:05.792-0500] {spark_submit.py:490} INFO - 23/05/27 10:54:05 INFO ParquetWriteSupport: Initialized Parquet WriteSupport with Catalyst schema:
[2023-05-27T10:54:05.792-0500] {spark_submit.py:490} INFO - {
[2023-05-27T10:54:05.793-0500] {spark_submit.py:490} INFO - "type" : "struct",
[2023-05-27T10:54:05.793-0500] {spark_submit.py:490} INFO - "fields" : [ {
[2023-05-27T10:54:05.793-0500] {spark_submit.py:490} INFO - "name" : "Date",
[2023-05-27T10:54:05.794-0500] {spark_submit.py:490} INFO - "type" : "string",
[2023-05-27T10:54:05.794-0500] {spark_submit.py:490} INFO - "nullable" : true,
[2023-05-27T10:54:05.794-0500] {spark_submit.py:490} INFO - "metadata" : { }
[2023-05-27T10:54:05.794-0500] {spark_submit.py:490} INFO - }, {
[2023-05-27T10:54:05.795-0500] {spark_submit.py:490} INFO - "name" : "Open",
[2023-05-27T10:54:05.795-0500] {spark_submit.py:490} INFO - "type" : "float",
[2023-05-27T10:54:05.795-0500] {spark_submit.py:490} INFO - "nullable" : true,
[2023-05-27T10:54:05.796-0500] {spark_submit.py:490} INFO - "metadata" : { }
[2023-05-27T10:54:05.796-0500] {spark_submit.py:490} INFO - }, {
[2023-05-27T10:54:05.796-0500] {spark_submit.py:490} INFO - "name" : "High",
[2023-05-27T10:54:05.797-0500] {spark_submit.py:490} INFO - "type" : "float",
[2023-05-27T10:54:05.797-0500] {spark_submit.py:490} INFO - "nullable" : true,
[2023-05-27T10:54:05.797-0500] {spark_submit.py:490} INFO - "metadata" : { }
[2023-05-27T10:54:05.798-0500] {spark_submit.py:490} INFO - }, {
[2023-05-27T10:54:05.798-0500] {spark_submit.py:490} INFO - "name" : "Low",
[2023-05-27T10:54:05.798-0500] {spark_submit.py:490} INFO - "type" : "float",
[2023-05-27T10:54:05.799-0500] {spark_submit.py:490} INFO - "nullable" : true,
[2023-05-27T10:54:05.799-0500] {spark_submit.py:490} INFO - "metadata" : { }
[2023-05-27T10:54:05.799-0500] {spark_submit.py:490} INFO - }, {
[2023-05-27T10:54:05.800-0500] {spark_submit.py:490} INFO - "name" : "Close",
[2023-05-27T10:54:05.800-0500] {spark_submit.py:490} INFO - "type" : "float",
[2023-05-27T10:54:05.800-0500] {spark_submit.py:490} INFO - "nullable" : true,
[2023-05-27T10:54:05.801-0500] {spark_submit.py:490} INFO - "metadata" : { }
[2023-05-27T10:54:05.801-0500] {spark_submit.py:490} INFO - }, {
[2023-05-27T10:54:05.801-0500] {spark_submit.py:490} INFO - "name" : "AdjClose",
[2023-05-27T10:54:05.801-0500] {spark_submit.py:490} INFO - "type" : "float",
[2023-05-27T10:54:05.802-0500] {spark_submit.py:490} INFO - "nullable" : true,
[2023-05-27T10:54:05.802-0500] {spark_submit.py:490} INFO - "metadata" : { }
[2023-05-27T10:54:05.802-0500] {spark_submit.py:490} INFO - }, {
[2023-05-27T10:54:05.803-0500] {spark_submit.py:490} INFO - "name" : "Volume",
[2023-05-27T10:54:05.803-0500] {spark_submit.py:490} INFO - "type" : "integer",
[2023-05-27T10:54:05.803-0500] {spark_submit.py:490} INFO - "nullable" : true,
[2023-05-27T10:54:05.804-0500] {spark_submit.py:490} INFO - "metadata" : { }
[2023-05-27T10:54:05.804-0500] {spark_submit.py:490} INFO - }, {
[2023-05-27T10:54:05.804-0500] {spark_submit.py:490} INFO - "name" : "Symbol",
[2023-05-27T10:54:05.805-0500] {spark_submit.py:490} INFO - "type" : "string",
[2023-05-27T10:54:05.805-0500] {spark_submit.py:490} INFO - "nullable" : true,
[2023-05-27T10:54:05.805-0500] {spark_submit.py:490} INFO - "metadata" : { }
[2023-05-27T10:54:05.805-0500] {spark_submit.py:490} INFO - }, {
[2023-05-27T10:54:05.806-0500] {spark_submit.py:490} INFO - "name" : "Security Name",
[2023-05-27T10:54:05.806-0500] {spark_submit.py:490} INFO - "type" : "string",
[2023-05-27T10:54:05.807-0500] {spark_submit.py:490} INFO - "nullable" : true,
[2023-05-27T10:54:05.807-0500] {spark_submit.py:490} INFO - "metadata" : { }
[2023-05-27T10:54:05.807-0500] {spark_submit.py:490} INFO - }, {
[2023-05-27T10:54:05.808-0500] {spark_submit.py:490} INFO - "name" : "vol_moving_avg",
[2023-05-27T10:54:05.808-0500] {spark_submit.py:490} INFO - "type" : "double",
[2023-05-27T10:54:05.808-0500] {spark_submit.py:490} INFO - "nullable" : true,
[2023-05-27T10:54:05.809-0500] {spark_submit.py:490} INFO - "metadata" : { }
[2023-05-27T10:54:05.809-0500] {spark_submit.py:490} INFO - }, {
[2023-05-27T10:54:05.809-0500] {spark_submit.py:490} INFO - "name" : "adj_close_rolling_med",
[2023-05-27T10:54:05.809-0500] {spark_submit.py:490} INFO - "type" : "double",
[2023-05-27T10:54:05.810-0500] {spark_submit.py:490} INFO - "nullable" : true,
[2023-05-27T10:54:05.810-0500] {spark_submit.py:490} INFO - "metadata" : { }
[2023-05-27T10:54:05.810-0500] {spark_submit.py:490} INFO - } ]
[2023-05-27T10:54:05.811-0500] {spark_submit.py:490} INFO - }
[2023-05-27T10:54:05.811-0500] {spark_submit.py:490} INFO - and corresponding Parquet message type:
[2023-05-27T10:54:05.812-0500] {spark_submit.py:490} INFO - message spark_schema {
[2023-05-27T10:54:05.812-0500] {spark_submit.py:490} INFO - optional binary Date (STRING);
[2023-05-27T10:54:05.812-0500] {spark_submit.py:490} INFO - optional float Open;
[2023-05-27T10:54:05.813-0500] {spark_submit.py:490} INFO - optional float High;
[2023-05-27T10:54:05.813-0500] {spark_submit.py:490} INFO - optional float Low;
[2023-05-27T10:54:05.813-0500] {spark_submit.py:490} INFO - optional float Close;
[2023-05-27T10:54:05.814-0500] {spark_submit.py:490} INFO - optional float AdjClose;
[2023-05-27T10:54:05.814-0500] {spark_submit.py:490} INFO - optional int32 Volume;
[2023-05-27T10:54:05.814-0500] {spark_submit.py:490} INFO - optional binary Symbol (STRING);
[2023-05-27T10:54:05.815-0500] {spark_submit.py:490} INFO - optional binary Security Name (STRING);
[2023-05-27T10:54:05.815-0500] {spark_submit.py:490} INFO - optional double vol_moving_avg;
[2023-05-27T10:54:05.815-0500] {spark_submit.py:490} INFO - optional double adj_close_rolling_med;
[2023-05-27T10:54:05.815-0500] {spark_submit.py:490} INFO - }
[2023-05-27T10:54:05.816-0500] {spark_submit.py:490} INFO - 
[2023-05-27T10:54:05.816-0500] {spark_submit.py:490} INFO - 
[2023-05-27T10:54:05.817-0500] {spark_submit.py:490} INFO - 23/05/27 10:54:05 INFO CodecPool: Got brand-new compressor [.snappy]
[2023-05-27T10:54:05.850-0500] {spark_submit.py:490} INFO - 23/05/27 10:54:05 INFO BlockManagerInfo: Removed broadcast_2_piece0 on sujatas-mbp-2:60024 in memory (size: 8.3 KiB, free: 434.3 MiB)
[2023-05-27T10:54:06.063-0500] {spark_submit.py:490} INFO - 23/05/27 10:54:06 INFO FileOutputCommitter: Saved output of task 'attempt_202305271054055771895553620353434_0003_m_000000_4' to file:/Users/sujatabaral/airflow/stock-etf-data-transformed/stock_etf.parquet/_temporary/0/task_202305271054055771895553620353434_0003_m_000000
[2023-05-27T10:54:06.063-0500] {spark_submit.py:490} INFO - 23/05/27 10:54:06 INFO SparkHadoopMapRedUtil: attempt_202305271054055771895553620353434_0003_m_000000_4: Committed. Elapsed time: 0 ms.
[2023-05-27T10:54:06.071-0500] {spark_submit.py:490} INFO - 23/05/27 10:54:06 INFO Executor: Finished task 0.0 in stage 3.0 (TID 4). 5859 bytes result sent to driver
[2023-05-27T10:54:06.072-0500] {spark_submit.py:490} INFO - 23/05/27 10:54:06 INFO TaskSetManager: Finished task 0.0 in stage 3.0 (TID 4) in 523 ms on sujatas-mbp-2 (executor driver) (1/1)
[2023-05-27T10:54:06.073-0500] {spark_submit.py:490} INFO - 23/05/27 10:54:06 INFO TaskSchedulerImpl: Removed TaskSet 3.0, whose tasks have all completed, from pool
[2023-05-27T10:54:06.074-0500] {spark_submit.py:490} INFO - 23/05/27 10:54:06 INFO DAGScheduler: ResultStage 3 (save at NativeMethodAccessorImpl.java:0) finished in 0.566 s
[2023-05-27T10:54:06.074-0500] {spark_submit.py:490} INFO - 23/05/27 10:54:06 INFO DAGScheduler: Job 2 is finished. Cancelling potential speculative or zombie tasks for this job
[2023-05-27T10:54:06.075-0500] {spark_submit.py:490} INFO - 23/05/27 10:54:06 INFO TaskSchedulerImpl: Killing all running tasks in stage 3: Stage finished
[2023-05-27T10:54:06.075-0500] {spark_submit.py:490} INFO - 23/05/27 10:54:06 INFO DAGScheduler: Job 2 finished: save at NativeMethodAccessorImpl.java:0, took 0.576700 s
[2023-05-27T10:54:06.077-0500] {spark_submit.py:490} INFO - 23/05/27 10:54:06 INFO FileFormatWriter: Start to commit write Job 7c97e41b-0c75-49eb-bea8-02679dde6006.
[2023-05-27T10:54:06.093-0500] {spark_submit.py:490} INFO - 23/05/27 10:54:06 INFO FileFormatWriter: Write Job 7c97e41b-0c75-49eb-bea8-02679dde6006 committed. Elapsed time: 14 ms.
[2023-05-27T10:54:06.095-0500] {spark_submit.py:490} INFO - 23/05/27 10:54:06 INFO FileFormatWriter: Finished processing stats for write job 7c97e41b-0c75-49eb-bea8-02679dde6006.
[2023-05-27T10:54:06.138-0500] {spark_submit.py:490} INFO - 23/05/27 10:54:06 INFO SparkContext: Invoking stop() from shutdown hook
[2023-05-27T10:54:06.138-0500] {spark_submit.py:490} INFO - 23/05/27 10:54:06 INFO SparkContext: SparkContext is stopping with exitCode 0.
[2023-05-27T10:54:06.144-0500] {spark_submit.py:490} INFO - 23/05/27 10:54:06 INFO SparkUI: Stopped Spark web UI at http://sujatas-mbp-2:4041
[2023-05-27T10:54:06.150-0500] {spark_submit.py:490} INFO - 23/05/27 10:54:06 INFO MapOutputTrackerMasterEndpoint: MapOutputTrackerMasterEndpoint stopped!
[2023-05-27T10:54:06.167-0500] {spark_submit.py:490} INFO - 23/05/27 10:54:06 INFO MemoryStore: MemoryStore cleared
[2023-05-27T10:54:06.168-0500] {spark_submit.py:490} INFO - 23/05/27 10:54:06 INFO BlockManager: BlockManager stopped
[2023-05-27T10:54:06.169-0500] {spark_submit.py:490} INFO - 23/05/27 10:54:06 INFO BlockManagerMaster: BlockManagerMaster stopped
[2023-05-27T10:54:06.170-0500] {spark_submit.py:490} INFO - 23/05/27 10:54:06 INFO OutputCommitCoordinator$OutputCommitCoordinatorEndpoint: OutputCommitCoordinator stopped!
[2023-05-27T10:54:06.177-0500] {spark_submit.py:490} INFO - 23/05/27 10:54:06 INFO SparkContext: Successfully stopped SparkContext
[2023-05-27T10:54:06.177-0500] {spark_submit.py:490} INFO - 23/05/27 10:54:06 INFO ShutdownHookManager: Shutdown hook called
[2023-05-27T10:54:06.177-0500] {spark_submit.py:490} INFO - 23/05/27 10:54:06 INFO ShutdownHookManager: Deleting directory /private/var/folders/rj/4j_wg7hj631gk16sz5z2gtzc0000gn/T/spark-b08cf38a-ed56-42fb-88de-bb456fdb552c
[2023-05-27T10:54:06.181-0500] {spark_submit.py:490} INFO - 23/05/27 10:54:06 INFO ShutdownHookManager: Deleting directory /private/var/folders/rj/4j_wg7hj631gk16sz5z2gtzc0000gn/T/spark-9e712956-d99b-4291-af2f-9d3dc4d09f72
[2023-05-27T10:54:06.185-0500] {spark_submit.py:490} INFO - 23/05/27 10:54:06 INFO ShutdownHookManager: Deleting directory /private/var/folders/rj/4j_wg7hj631gk16sz5z2gtzc0000gn/T/spark-b08cf38a-ed56-42fb-88de-bb456fdb552c/pyspark-71038bdc-0dba-4353-8678-84e312799491
[2023-05-27T10:54:06.249-0500] {taskinstance.py:1345} INFO - Marking task as SUCCESS. dag_id=stock_etf_analysis_dag_v_06, task_id=stage2_etfs_transform_task, execution_date=20230527T155250, start_date=20230527T155358, end_date=20230527T155406
[2023-05-27T10:54:06.277-0500] {local_task_job_runner.py:225} INFO - Task exited with return code 0
[2023-05-27T10:54:06.312-0500] {taskinstance.py:2651} INFO - 1 downstream tasks scheduled from follow-on schedule check
