[2023-05-27T10:53:27.044-0500] {taskinstance.py:1103} INFO - Dependencies all met for dep_context=non-requeueable deps ti=<TaskInstance: stock_etf_analysis_dag_v_06.stage2_stocks_transform_task scheduled__2023-05-27T15:52:24.589556+00:00 [queued]>
[2023-05-27T10:53:27.048-0500] {taskinstance.py:1103} INFO - Dependencies all met for dep_context=requeueable deps ti=<TaskInstance: stock_etf_analysis_dag_v_06.stage2_stocks_transform_task scheduled__2023-05-27T15:52:24.589556+00:00 [queued]>
[2023-05-27T10:53:27.048-0500] {taskinstance.py:1308} INFO - Starting attempt 1 of 2
[2023-05-27T10:53:27.056-0500] {taskinstance.py:1327} INFO - Executing <Task(SparkSubmitOperator): stage2_stocks_transform_task> on 2023-05-27 15:52:24.589556+00:00
[2023-05-27T10:53:27.058-0500] {standard_task_runner.py:57} INFO - Started process 7394 to run task
[2023-05-27T10:53:27.062-0500] {standard_task_runner.py:84} INFO - Running: ['airflow', 'tasks', 'run', 'stock_etf_analysis_dag_v_06', 'stage2_stocks_transform_task', 'scheduled__2023-05-27T15:52:24.589556+00:00', '--job-id', '63', '--raw', '--subdir', 'DAGS_FOLDER/assignment/stock-analysis.py', '--cfg-path', '/var/folders/rj/4j_wg7hj631gk16sz5z2gtzc0000gn/T/tmpx1gclq3h']
[2023-05-27T10:53:27.064-0500] {standard_task_runner.py:85} INFO - Job 63: Subtask stage2_stocks_transform_task
[2023-05-27T10:53:27.095-0500] {task_command.py:410} INFO - Running <TaskInstance: stock_etf_analysis_dag_v_06.stage2_stocks_transform_task scheduled__2023-05-27T15:52:24.589556+00:00 [running]> on host sujatas-mbp-2
[2023-05-27T10:53:27.137-0500] {taskinstance.py:1545} INFO - Exporting env vars: AIRFLOW_CTX_DAG_OWNER='sb' AIRFLOW_CTX_DAG_ID='stock_etf_analysis_dag_v_06' AIRFLOW_CTX_TASK_ID='stage2_stocks_transform_task' AIRFLOW_CTX_EXECUTION_DATE='2023-05-27T15:52:24.589556+00:00' AIRFLOW_CTX_TRY_NUMBER='1' AIRFLOW_CTX_DAG_RUN_ID='scheduled__2023-05-27T15:52:24.589556+00:00'
[2023-05-27T10:53:27.141-0500] {base.py:73} INFO - Using connection ID 'spark_stand_alone' for task execution.
[2023-05-27T10:53:27.143-0500] {spark_submit.py:339} INFO - Spark-Submit cmd: spark-submit --master local[*] --name arrow-spark --queue root.default ./airflow/dags/assignment/transform_stocks_stage2.py
[2023-05-27T10:53:28.799-0500] {spark_submit.py:490} INFO - 23/05/27 10:53:28 INFO SparkContext: Running Spark version 3.4.0
[2023-05-27T10:53:28.845-0500] {spark_submit.py:490} INFO - 23/05/27 10:53:28 WARN NativeCodeLoader: Unable to load native-hadoop library for your platform... using builtin-java classes where applicable
[2023-05-27T10:53:28.915-0500] {spark_submit.py:490} INFO - 23/05/27 10:53:28 INFO ResourceUtils: ==============================================================
[2023-05-27T10:53:28.916-0500] {spark_submit.py:490} INFO - 23/05/27 10:53:28 INFO ResourceUtils: No custom resources configured for spark.driver.
[2023-05-27T10:53:28.916-0500] {spark_submit.py:490} INFO - 23/05/27 10:53:28 INFO ResourceUtils: ==============================================================
[2023-05-27T10:53:28.916-0500] {spark_submit.py:490} INFO - 23/05/27 10:53:28 INFO SparkContext: Submitted application: stock data analysis
[2023-05-27T10:53:28.932-0500] {spark_submit.py:490} INFO - 23/05/27 10:53:28 INFO ResourceProfile: Default ResourceProfile created, executor resources: Map(cores -> name: cores, amount: 1, script: , vendor: , memory -> name: memory, amount: 1024, script: , vendor: , offHeap -> name: offHeap, amount: 0, script: , vendor: ), task resources: Map(cpus -> name: cpus, amount: 1.0)
[2023-05-27T10:53:28.939-0500] {spark_submit.py:490} INFO - 23/05/27 10:53:28 INFO ResourceProfile: Limiting resource is cpu
[2023-05-27T10:53:28.940-0500] {spark_submit.py:490} INFO - 23/05/27 10:53:28 INFO ResourceProfileManager: Added ResourceProfile id: 0
[2023-05-27T10:53:28.976-0500] {spark_submit.py:490} INFO - 23/05/27 10:53:28 INFO SecurityManager: Changing view acls to: sujatabaral
[2023-05-27T10:53:28.976-0500] {spark_submit.py:490} INFO - 23/05/27 10:53:28 INFO SecurityManager: Changing modify acls to: sujatabaral
[2023-05-27T10:53:28.976-0500] {spark_submit.py:490} INFO - 23/05/27 10:53:28 INFO SecurityManager: Changing view acls groups to:
[2023-05-27T10:53:28.977-0500] {spark_submit.py:490} INFO - 23/05/27 10:53:28 INFO SecurityManager: Changing modify acls groups to:
[2023-05-27T10:53:28.977-0500] {spark_submit.py:490} INFO - 23/05/27 10:53:28 INFO SecurityManager: SecurityManager: authentication disabled; ui acls disabled; users with view permissions: sujatabaral; groups with view permissions: EMPTY; users with modify permissions: sujatabaral; groups with modify permissions: EMPTY
[2023-05-27T10:53:29.126-0500] {spark_submit.py:490} INFO - 23/05/27 10:53:29 INFO Utils: Successfully started service 'sparkDriver' on port 59966.
[2023-05-27T10:53:29.144-0500] {spark_submit.py:490} INFO - 23/05/27 10:53:29 INFO SparkEnv: Registering MapOutputTracker
[2023-05-27T10:53:29.171-0500] {spark_submit.py:490} INFO - 23/05/27 10:53:29 INFO SparkEnv: Registering BlockManagerMaster
[2023-05-27T10:53:29.184-0500] {spark_submit.py:490} INFO - 23/05/27 10:53:29 INFO BlockManagerMasterEndpoint: Using org.apache.spark.storage.DefaultTopologyMapper for getting topology information
[2023-05-27T10:53:29.184-0500] {spark_submit.py:490} INFO - 23/05/27 10:53:29 INFO BlockManagerMasterEndpoint: BlockManagerMasterEndpoint up
[2023-05-27T10:53:29.187-0500] {spark_submit.py:490} INFO - 23/05/27 10:53:29 INFO SparkEnv: Registering BlockManagerMasterHeartbeat
[2023-05-27T10:53:29.202-0500] {spark_submit.py:490} INFO - 23/05/27 10:53:29 INFO DiskBlockManager: Created local directory at /private/var/folders/rj/4j_wg7hj631gk16sz5z2gtzc0000gn/T/blockmgr-d83094d7-7407-424f-807e-f06ad5a21ea1
[2023-05-27T10:53:29.214-0500] {spark_submit.py:490} INFO - 23/05/27 10:53:29 INFO MemoryStore: MemoryStore started with capacity 434.4 MiB
[2023-05-27T10:53:29.225-0500] {spark_submit.py:490} INFO - 23/05/27 10:53:29 INFO SparkEnv: Registering OutputCommitCoordinator
[2023-05-27T10:53:29.322-0500] {spark_submit.py:490} INFO - 23/05/27 10:53:29 INFO JettyUtils: Start Jetty 0.0.0.0:4040 for SparkUI
[2023-05-27T10:53:29.364-0500] {spark_submit.py:490} INFO - 23/05/27 10:53:29 WARN Utils: Service 'SparkUI' could not bind on port 4040. Attempting port 4041.
[2023-05-27T10:53:29.369-0500] {spark_submit.py:490} INFO - 23/05/27 10:53:29 INFO Utils: Successfully started service 'SparkUI' on port 4041.
[2023-05-27T10:53:29.512-0500] {spark_submit.py:490} INFO - 23/05/27 10:53:29 INFO Executor: Starting executor ID driver on host sujatas-mbp-2
[2023-05-27T10:53:29.521-0500] {spark_submit.py:490} INFO - 23/05/27 10:53:29 INFO Executor: Starting executor with user classpath (userClassPathFirst = false): ''
[2023-05-27T10:53:29.542-0500] {spark_submit.py:490} INFO - 23/05/27 10:53:29 INFO Utils: Successfully started service 'org.apache.spark.network.netty.NettyBlockTransferService' on port 59967.
[2023-05-27T10:53:29.543-0500] {spark_submit.py:490} INFO - 23/05/27 10:53:29 INFO NettyBlockTransferService: Server created on sujatas-mbp-2:59967
[2023-05-27T10:53:29.544-0500] {spark_submit.py:490} INFO - 23/05/27 10:53:29 INFO BlockManager: Using org.apache.spark.storage.RandomBlockReplicationPolicy for block replication policy
[2023-05-27T10:53:29.548-0500] {spark_submit.py:490} INFO - 23/05/27 10:53:29 INFO BlockManagerMaster: Registering BlockManager BlockManagerId(driver, sujatas-mbp-2, 59967, None)
[2023-05-27T10:53:29.550-0500] {spark_submit.py:490} INFO - 23/05/27 10:53:29 INFO BlockManagerMasterEndpoint: Registering block manager sujatas-mbp-2:59967 with 434.4 MiB RAM, BlockManagerId(driver, sujatas-mbp-2, 59967, None)
[2023-05-27T10:53:29.552-0500] {spark_submit.py:490} INFO - 23/05/27 10:53:29 INFO BlockManagerMaster: Registered BlockManager BlockManagerId(driver, sujatas-mbp-2, 59967, None)
[2023-05-27T10:53:29.553-0500] {spark_submit.py:490} INFO - 23/05/27 10:53:29 INFO BlockManager: Initialized BlockManager: BlockManagerId(driver, sujatas-mbp-2, 59967, None)
[2023-05-27T10:53:29.829-0500] {spark_submit.py:490} INFO - 23/05/27 10:53:29 INFO SharedState: Setting hive.metastore.warehouse.dir ('null') to the value of spark.sql.warehouse.dir.
[2023-05-27T10:53:29.833-0500] {spark_submit.py:490} INFO - 23/05/27 10:53:29 INFO SharedState: Warehouse path is 'file:/Users/sujatabaral/spark-warehouse'.
[2023-05-27T10:53:30.328-0500] {spark_submit.py:490} INFO - 23/05/27 10:53:30 INFO InMemoryFileIndex: It took 30 ms to list leaf files for 1 paths.
[2023-05-27T10:53:30.647-0500] {spark_submit.py:490} INFO - 23/05/27 10:53:30 INFO SparkContext: Starting job: parquet at NativeMethodAccessorImpl.java:0
[2023-05-27T10:53:30.655-0500] {spark_submit.py:490} INFO - 23/05/27 10:53:30 INFO DAGScheduler: Got job 0 (parquet at NativeMethodAccessorImpl.java:0) with 1 output partitions
[2023-05-27T10:53:30.656-0500] {spark_submit.py:490} INFO - 23/05/27 10:53:30 INFO DAGScheduler: Final stage: ResultStage 0 (parquet at NativeMethodAccessorImpl.java:0)
[2023-05-27T10:53:30.656-0500] {spark_submit.py:490} INFO - 23/05/27 10:53:30 INFO DAGScheduler: Parents of final stage: List()
[2023-05-27T10:53:30.656-0500] {spark_submit.py:490} INFO - 23/05/27 10:53:30 INFO DAGScheduler: Missing parents: List()
[2023-05-27T10:53:30.659-0500] {spark_submit.py:490} INFO - 23/05/27 10:53:30 INFO DAGScheduler: Submitting ResultStage 0 (MapPartitionsRDD[1] at parquet at NativeMethodAccessorImpl.java:0), which has no missing parents
[2023-05-27T10:53:30.713-0500] {spark_submit.py:490} INFO - 23/05/27 10:53:30 INFO MemoryStore: Block broadcast_0 stored as values in memory (estimated size 103.1 KiB, free 434.3 MiB)
[2023-05-27T10:53:30.805-0500] {spark_submit.py:490} INFO - 23/05/27 10:53:30 INFO MemoryStore: Block broadcast_0_piece0 stored as bytes in memory (estimated size 37.1 KiB, free 434.3 MiB)
[2023-05-27T10:53:30.807-0500] {spark_submit.py:490} INFO - 23/05/27 10:53:30 INFO BlockManagerInfo: Added broadcast_0_piece0 in memory on sujatas-mbp-2:59967 (size: 37.1 KiB, free: 434.4 MiB)
[2023-05-27T10:53:30.809-0500] {spark_submit.py:490} INFO - 23/05/27 10:53:30 INFO SparkContext: Created broadcast 0 from broadcast at DAGScheduler.scala:1535
[2023-05-27T10:53:30.821-0500] {spark_submit.py:490} INFO - 23/05/27 10:53:30 INFO DAGScheduler: Submitting 1 missing tasks from ResultStage 0 (MapPartitionsRDD[1] at parquet at NativeMethodAccessorImpl.java:0) (first 15 tasks are for partitions Vector(0))
[2023-05-27T10:53:30.823-0500] {spark_submit.py:490} INFO - 23/05/27 10:53:30 INFO TaskSchedulerImpl: Adding task set 0.0 with 1 tasks resource profile 0
[2023-05-27T10:53:30.865-0500] {spark_submit.py:490} INFO - 23/05/27 10:53:30 INFO TaskSetManager: Starting task 0.0 in stage 0.0 (TID 0) (sujatas-mbp-2, executor driver, partition 0, PROCESS_LOCAL, 7595 bytes)
[2023-05-27T10:53:30.875-0500] {spark_submit.py:490} INFO - 23/05/27 10:53:30 INFO Executor: Running task 0.0 in stage 0.0 (TID 0)
[2023-05-27T10:53:31.135-0500] {spark_submit.py:490} INFO - 23/05/27 10:53:31 INFO Executor: Finished task 0.0 in stage 0.0 (TID 0). 2217 bytes result sent to driver
[2023-05-27T10:53:31.142-0500] {spark_submit.py:490} INFO - 23/05/27 10:53:31 INFO TaskSetManager: Finished task 0.0 in stage 0.0 (TID 0) in 290 ms on sujatas-mbp-2 (executor driver) (1/1)
[2023-05-27T10:53:31.143-0500] {spark_submit.py:490} INFO - 23/05/27 10:53:31 INFO TaskSchedulerImpl: Removed TaskSet 0.0, whose tasks have all completed, from pool
[2023-05-27T10:53:31.146-0500] {spark_submit.py:490} INFO - 23/05/27 10:53:31 INFO DAGScheduler: ResultStage 0 (parquet at NativeMethodAccessorImpl.java:0) finished in 0.479 s
[2023-05-27T10:53:31.148-0500] {spark_submit.py:490} INFO - 23/05/27 10:53:31 INFO DAGScheduler: Job 0 is finished. Cancelling potential speculative or zombie tasks for this job
[2023-05-27T10:53:31.149-0500] {spark_submit.py:490} INFO - 23/05/27 10:53:31 INFO TaskSchedulerImpl: Killing all running tasks in stage 0: Stage finished
[2023-05-27T10:53:31.150-0500] {spark_submit.py:490} INFO - 23/05/27 10:53:31 INFO DAGScheduler: Job 0 finished: parquet at NativeMethodAccessorImpl.java:0, took 0.502499 s
[2023-05-27T10:53:32.090-0500] {spark_submit.py:490} INFO - print scema after parquet conversion =====================
[2023-05-27T10:53:32.100-0500] {spark_submit.py:490} INFO - root
[2023-05-27T10:53:32.100-0500] {spark_submit.py:490} INFO - |-- Date: string (nullable = true)
[2023-05-27T10:53:32.100-0500] {spark_submit.py:490} INFO - |-- Open: float (nullable = true)
[2023-05-27T10:53:32.101-0500] {spark_submit.py:490} INFO - |-- High: float (nullable = true)
[2023-05-27T10:53:32.101-0500] {spark_submit.py:490} INFO - |-- Low: float (nullable = true)
[2023-05-27T10:53:32.101-0500] {spark_submit.py:490} INFO - |-- Close: float (nullable = true)
[2023-05-27T10:53:32.102-0500] {spark_submit.py:490} INFO - |-- AdjClose: float (nullable = true)
[2023-05-27T10:53:32.102-0500] {spark_submit.py:490} INFO - |-- Volume: integer (nullable = true)
[2023-05-27T10:53:32.102-0500] {spark_submit.py:490} INFO - |-- Symbol: string (nullable = true)
[2023-05-27T10:53:32.102-0500] {spark_submit.py:490} INFO - |-- Security Name: string (nullable = true)
[2023-05-27T10:53:32.103-0500] {spark_submit.py:490} INFO - 
[2023-05-27T10:53:32.462-0500] {spark_submit.py:490} INFO - final_df =====================
[2023-05-27T10:53:32.527-0500] {spark_submit.py:490} INFO - 23/05/27 10:53:32 INFO FileSourceStrategy: Pushed Filters:
[2023-05-27T10:53:32.528-0500] {spark_submit.py:490} INFO - 23/05/27 10:53:32 INFO FileSourceStrategy: Post-Scan Filters:
[2023-05-27T10:53:32.658-0500] {spark_submit.py:490} INFO - 23/05/27 10:53:32 INFO BlockManagerInfo: Removed broadcast_0_piece0 on sujatas-mbp-2:59967 in memory (size: 37.1 KiB, free: 434.4 MiB)
[2023-05-27T10:53:32.793-0500] {spark_submit.py:490} INFO - 23/05/27 10:53:32 INFO CodeGenerator: Code generated in 155.618308 ms
[2023-05-27T10:53:32.808-0500] {spark_submit.py:490} INFO - 23/05/27 10:53:32 INFO MemoryStore: Block broadcast_1 stored as values in memory (estimated size 201.8 KiB, free 434.2 MiB)
[2023-05-27T10:53:32.827-0500] {spark_submit.py:490} INFO - 23/05/27 10:53:32 INFO MemoryStore: Block broadcast_1_piece0 stored as bytes in memory (estimated size 35.1 KiB, free 434.2 MiB)
[2023-05-27T10:53:32.828-0500] {spark_submit.py:490} INFO - 23/05/27 10:53:32 INFO BlockManagerInfo: Added broadcast_1_piece0 in memory on sujatas-mbp-2:59967 (size: 35.1 KiB, free: 434.4 MiB)
[2023-05-27T10:53:32.830-0500] {spark_submit.py:490} INFO - 23/05/27 10:53:32 INFO SparkContext: Created broadcast 1 from save at NativeMethodAccessorImpl.java:0
[2023-05-27T10:53:32.837-0500] {spark_submit.py:490} INFO - 23/05/27 10:53:32 INFO FileSourceScanExec: Planning scan with bin packing, max size: 4194304 bytes, open cost is considered as scanning 4194304 bytes.
[2023-05-27T10:53:32.873-0500] {spark_submit.py:490} INFO - 23/05/27 10:53:32 INFO DAGScheduler: Registering RDD 5 (save at NativeMethodAccessorImpl.java:0) as input to shuffle 0
[2023-05-27T10:53:32.875-0500] {spark_submit.py:490} INFO - 23/05/27 10:53:32 INFO DAGScheduler: Got map stage job 1 (save at NativeMethodAccessorImpl.java:0) with 3 output partitions
[2023-05-27T10:53:32.875-0500] {spark_submit.py:490} INFO - 23/05/27 10:53:32 INFO DAGScheduler: Final stage: ShuffleMapStage 1 (save at NativeMethodAccessorImpl.java:0)
[2023-05-27T10:53:32.875-0500] {spark_submit.py:490} INFO - 23/05/27 10:53:32 INFO DAGScheduler: Parents of final stage: List()
[2023-05-27T10:53:32.876-0500] {spark_submit.py:490} INFO - 23/05/27 10:53:32 INFO DAGScheduler: Missing parents: List()
[2023-05-27T10:53:32.876-0500] {spark_submit.py:490} INFO - 23/05/27 10:53:32 INFO DAGScheduler: Submitting ShuffleMapStage 1 (MapPartitionsRDD[5] at save at NativeMethodAccessorImpl.java:0), which has no missing parents
[2023-05-27T10:53:32.897-0500] {spark_submit.py:490} INFO - 23/05/27 10:53:32 INFO MemoryStore: Block broadcast_2 stored as values in memory (estimated size 20.9 KiB, free 434.1 MiB)
[2023-05-27T10:53:32.901-0500] {spark_submit.py:490} INFO - 23/05/27 10:53:32 INFO MemoryStore: Block broadcast_2_piece0 stored as bytes in memory (estimated size 8.3 KiB, free 434.1 MiB)
[2023-05-27T10:53:32.902-0500] {spark_submit.py:490} INFO - 23/05/27 10:53:32 INFO BlockManagerInfo: Added broadcast_2_piece0 in memory on sujatas-mbp-2:59967 (size: 8.3 KiB, free: 434.4 MiB)
[2023-05-27T10:53:32.902-0500] {spark_submit.py:490} INFO - 23/05/27 10:53:32 INFO SparkContext: Created broadcast 2 from broadcast at DAGScheduler.scala:1535
[2023-05-27T10:53:32.904-0500] {spark_submit.py:490} INFO - 23/05/27 10:53:32 INFO DAGScheduler: Submitting 3 missing tasks from ShuffleMapStage 1 (MapPartitionsRDD[5] at save at NativeMethodAccessorImpl.java:0) (first 15 tasks are for partitions Vector(0, 1, 2))
[2023-05-27T10:53:32.904-0500] {spark_submit.py:490} INFO - 23/05/27 10:53:32 INFO TaskSchedulerImpl: Adding task set 1.0 with 3 tasks resource profile 0
[2023-05-27T10:53:32.907-0500] {spark_submit.py:490} INFO - 23/05/27 10:53:32 INFO TaskSetManager: Starting task 0.0 in stage 1.0 (TID 1) (sujatas-mbp-2, executor driver, partition 0, PROCESS_LOCAL, 8008 bytes)
[2023-05-27T10:53:32.908-0500] {spark_submit.py:490} INFO - 23/05/27 10:53:32 INFO TaskSetManager: Starting task 1.0 in stage 1.0 (TID 2) (sujatas-mbp-2, executor driver, partition 1, PROCESS_LOCAL, 8008 bytes)
[2023-05-27T10:53:32.909-0500] {spark_submit.py:490} INFO - 23/05/27 10:53:32 INFO TaskSetManager: Starting task 2.0 in stage 1.0 (TID 3) (sujatas-mbp-2, executor driver, partition 2, PROCESS_LOCAL, 8008 bytes)
[2023-05-27T10:53:32.909-0500] {spark_submit.py:490} INFO - 23/05/27 10:53:32 INFO Executor: Running task 0.0 in stage 1.0 (TID 1)
[2023-05-27T10:53:32.910-0500] {spark_submit.py:490} INFO - 23/05/27 10:53:32 INFO Executor: Running task 1.0 in stage 1.0 (TID 2)
[2023-05-27T10:53:32.910-0500] {spark_submit.py:490} INFO - 23/05/27 10:53:32 INFO Executor: Running task 2.0 in stage 1.0 (TID 3)
[2023-05-27T10:53:32.967-0500] {spark_submit.py:490} INFO - 23/05/27 10:53:32 INFO CodeGenerator: Code generated in 10.821959 ms
[2023-05-27T10:53:32.974-0500] {spark_submit.py:490} INFO - 23/05/27 10:53:32 INFO FileScanRDD: Reading File path: file:///Users/sujatabaral/airflow/stock-data-out/landing_stocks.parquet/part-00002-7be032bc-fe4f-4b14-8529-16d71d8838f7-c000.snappy.parquet, range: 0-9392, partition values: [empty row]
[2023-05-27T10:53:32.974-0500] {spark_submit.py:490} INFO - 23/05/27 10:53:32 INFO FileScanRDD: Reading File path: file:///Users/sujatabaral/airflow/stock-data-out/landing_stocks.parquet/part-00001-7be032bc-fe4f-4b14-8529-16d71d8838f7-c000.snappy.parquet, range: 0-141818, partition values: [empty row]
[2023-05-27T10:53:32.975-0500] {spark_submit.py:490} INFO - 23/05/27 10:53:32 INFO FileScanRDD: Reading File path: file:///Users/sujatabaral/airflow/stock-data-out/landing_stocks.parquet/part-00000-7be032bc-fe4f-4b14-8529-16d71d8838f7-c000.snappy.parquet, range: 0-322649, partition values: [empty row]
[2023-05-27T10:53:33.053-0500] {spark_submit.py:490} INFO - 23/05/27 10:53:33 INFO CodecPool: Got brand-new decompressor [.snappy]
[2023-05-27T10:53:33.053-0500] {spark_submit.py:490} INFO - 23/05/27 10:53:33 INFO CodecPool: Got brand-new decompressor [.snappy]
[2023-05-27T10:53:33.054-0500] {spark_submit.py:490} INFO - 23/05/27 10:53:33 INFO CodecPool: Got brand-new decompressor [.snappy]
[2023-05-27T10:53:33.271-0500] {spark_submit.py:490} INFO - 23/05/27 10:53:33 INFO Executor: Finished task 2.0 in stage 1.0 (TID 3). 2284 bytes result sent to driver
[2023-05-27T10:53:33.272-0500] {spark_submit.py:490} INFO - 23/05/27 10:53:33 INFO TaskSetManager: Finished task 2.0 in stage 1.0 (TID 3) in 364 ms on sujatas-mbp-2 (executor driver) (1/3)
[2023-05-27T10:53:33.280-0500] {spark_submit.py:490} INFO - 23/05/27 10:53:33 INFO Executor: Finished task 1.0 in stage 1.0 (TID 2). 2241 bytes result sent to driver
[2023-05-27T10:53:33.281-0500] {spark_submit.py:490} INFO - 23/05/27 10:53:33 INFO TaskSetManager: Finished task 1.0 in stage 1.0 (TID 2) in 374 ms on sujatas-mbp-2 (executor driver) (2/3)
[2023-05-27T10:53:33.302-0500] {spark_submit.py:490} INFO - 23/05/27 10:53:33 INFO Executor: Finished task 0.0 in stage 1.0 (TID 1). 2284 bytes result sent to driver
[2023-05-27T10:53:33.303-0500] {spark_submit.py:490} INFO - 23/05/27 10:53:33 INFO TaskSetManager: Finished task 0.0 in stage 1.0 (TID 1) in 398 ms on sujatas-mbp-2 (executor driver) (3/3)
[2023-05-27T10:53:33.304-0500] {spark_submit.py:490} INFO - 23/05/27 10:53:33 INFO TaskSchedulerImpl: Removed TaskSet 1.0, whose tasks have all completed, from pool
[2023-05-27T10:53:33.305-0500] {spark_submit.py:490} INFO - 23/05/27 10:53:33 INFO DAGScheduler: ShuffleMapStage 1 (save at NativeMethodAccessorImpl.java:0) finished in 0.425 s
[2023-05-27T10:53:33.305-0500] {spark_submit.py:490} INFO - 23/05/27 10:53:33 INFO DAGScheduler: looking for newly runnable stages
[2023-05-27T10:53:33.305-0500] {spark_submit.py:490} INFO - 23/05/27 10:53:33 INFO DAGScheduler: running: Set()
[2023-05-27T10:53:33.306-0500] {spark_submit.py:490} INFO - 23/05/27 10:53:33 INFO DAGScheduler: waiting: Set()
[2023-05-27T10:53:33.306-0500] {spark_submit.py:490} INFO - 23/05/27 10:53:33 INFO DAGScheduler: failed: Set()
[2023-05-27T10:53:33.327-0500] {spark_submit.py:490} INFO - 23/05/27 10:53:33 INFO ShufflePartitionsUtil: For shuffle(0), advisory target size: 67108864, actual target size 1048576, minimum partition size: 1048576
[2023-05-27T10:53:33.365-0500] {spark_submit.py:490} INFO - 23/05/27 10:53:33 INFO ParquetUtils: Using default output committer for Parquet: org.apache.parquet.hadoop.ParquetOutputCommitter
[2023-05-27T10:53:33.374-0500] {spark_submit.py:490} INFO - 23/05/27 10:53:33 INFO FileOutputCommitter: File Output Committer Algorithm version is 1
[2023-05-27T10:53:33.375-0500] {spark_submit.py:490} INFO - 23/05/27 10:53:33 INFO FileOutputCommitter: FileOutputCommitter skip cleanup _temporary folders under output directory:false, ignore cleanup failures: false
[2023-05-27T10:53:33.375-0500] {spark_submit.py:490} INFO - 23/05/27 10:53:33 INFO SQLHadoopMapReduceCommitProtocol: Using user defined output committer class org.apache.parquet.hadoop.ParquetOutputCommitter
[2023-05-27T10:53:33.375-0500] {spark_submit.py:490} INFO - 23/05/27 10:53:33 INFO FileOutputCommitter: File Output Committer Algorithm version is 1
[2023-05-27T10:53:33.376-0500] {spark_submit.py:490} INFO - 23/05/27 10:53:33 INFO FileOutputCommitter: FileOutputCommitter skip cleanup _temporary folders under output directory:false, ignore cleanup failures: false
[2023-05-27T10:53:33.376-0500] {spark_submit.py:490} INFO - 23/05/27 10:53:33 INFO SQLHadoopMapReduceCommitProtocol: Using output committer class org.apache.parquet.hadoop.ParquetOutputCommitter
[2023-05-27T10:53:33.412-0500] {spark_submit.py:490} INFO - 23/05/27 10:53:33 INFO CodeGenerator: Code generated in 11.680247 ms
[2023-05-27T10:53:33.458-0500] {spark_submit.py:490} INFO - 23/05/27 10:53:33 INFO SparkContext: Starting job: save at NativeMethodAccessorImpl.java:0
[2023-05-27T10:53:33.459-0500] {spark_submit.py:490} INFO - 23/05/27 10:53:33 INFO DAGScheduler: Got job 2 (save at NativeMethodAccessorImpl.java:0) with 1 output partitions
[2023-05-27T10:53:33.459-0500] {spark_submit.py:490} INFO - 23/05/27 10:53:33 INFO DAGScheduler: Final stage: ResultStage 3 (save at NativeMethodAccessorImpl.java:0)
[2023-05-27T10:53:33.460-0500] {spark_submit.py:490} INFO - 23/05/27 10:53:33 INFO DAGScheduler: Parents of final stage: List(ShuffleMapStage 2)
[2023-05-27T10:53:33.460-0500] {spark_submit.py:490} INFO - 23/05/27 10:53:33 INFO DAGScheduler: Missing parents: List()
[2023-05-27T10:53:33.460-0500] {spark_submit.py:490} INFO - 23/05/27 10:53:33 INFO DAGScheduler: Submitting ResultStage 3 (MapPartitionsRDD[9] at save at NativeMethodAccessorImpl.java:0), which has no missing parents
[2023-05-27T10:53:33.501-0500] {spark_submit.py:490} INFO - 23/05/27 10:53:33 INFO MemoryStore: Block broadcast_3 stored as values in memory (estimated size 235.1 KiB, free 433.9 MiB)
[2023-05-27T10:53:33.505-0500] {spark_submit.py:490} INFO - 23/05/27 10:53:33 INFO MemoryStore: Block broadcast_3_piece0 stored as bytes in memory (estimated size 86.6 KiB, free 433.8 MiB)
[2023-05-27T10:53:33.505-0500] {spark_submit.py:490} INFO - 23/05/27 10:53:33 INFO BlockManagerInfo: Added broadcast_3_piece0 in memory on sujatas-mbp-2:59967 (size: 86.6 KiB, free: 434.3 MiB)
[2023-05-27T10:53:33.506-0500] {spark_submit.py:490} INFO - 23/05/27 10:53:33 INFO SparkContext: Created broadcast 3 from broadcast at DAGScheduler.scala:1535
[2023-05-27T10:53:33.506-0500] {spark_submit.py:490} INFO - 23/05/27 10:53:33 INFO DAGScheduler: Submitting 1 missing tasks from ResultStage 3 (MapPartitionsRDD[9] at save at NativeMethodAccessorImpl.java:0) (first 15 tasks are for partitions Vector(0))
[2023-05-27T10:53:33.506-0500] {spark_submit.py:490} INFO - 23/05/27 10:53:33 INFO TaskSchedulerImpl: Adding task set 3.0 with 1 tasks resource profile 0
[2023-05-27T10:53:33.509-0500] {spark_submit.py:490} INFO - 23/05/27 10:53:33 INFO TaskSetManager: Starting task 0.0 in stage 3.0 (TID 4) (sujatas-mbp-2, executor driver, partition 0, NODE_LOCAL, 7363 bytes)
[2023-05-27T10:53:33.510-0500] {spark_submit.py:490} INFO - 23/05/27 10:53:33 INFO Executor: Running task 0.0 in stage 3.0 (TID 4)
[2023-05-27T10:53:33.523-0500] {spark_submit.py:490} INFO - 23/05/27 10:53:33 INFO BlockManagerInfo: Removed broadcast_2_piece0 on sujatas-mbp-2:59967 in memory (size: 8.3 KiB, free: 434.3 MiB)
[2023-05-27T10:53:33.557-0500] {spark_submit.py:490} INFO - 23/05/27 10:53:33 INFO ShuffleBlockFetcherIterator: Getting 3 (659.3 KiB) non-empty blocks including 3 (659.3 KiB) local and 0 (0.0 B) host-local and 0 (0.0 B) push-merged-local and 0 (0.0 B) remote blocks
[2023-05-27T10:53:33.558-0500] {spark_submit.py:490} INFO - 23/05/27 10:53:33 INFO ShuffleBlockFetcherIterator: Started 0 remote fetches in 7 ms
[2023-05-27T10:53:33.573-0500] {spark_submit.py:490} INFO - 23/05/27 10:53:33 INFO CodeGenerator: Code generated in 8.377421 ms
[2023-05-27T10:53:33.585-0500] {spark_submit.py:490} INFO - 23/05/27 10:53:33 INFO CodeGenerator: Code generated in 6.343551 ms
[2023-05-27T10:53:33.609-0500] {spark_submit.py:490} INFO - 23/05/27 10:53:33 INFO CodeGenerator: Code generated in 10.838698 ms
[2023-05-27T10:53:33.615-0500] {spark_submit.py:490} INFO - 23/05/27 10:53:33 INFO CodeGenerator: Code generated in 4.174589 ms
[2023-05-27T10:53:33.673-0500] {spark_submit.py:490} INFO - 23/05/27 10:53:33 INFO CodeGenerator: Code generated in 4.534797 ms
[2023-05-27T10:53:33.692-0500] {spark_submit.py:490} INFO - 23/05/27 10:53:33 INFO CodeGenerator: Code generated in 9.755223 ms
[2023-05-27T10:53:33.701-0500] {spark_submit.py:490} INFO - 23/05/27 10:53:33 INFO CodeGenerator: Code generated in 5.874834 ms
[2023-05-27T10:53:33.702-0500] {spark_submit.py:490} INFO - 23/05/27 10:53:33 INFO FileOutputCommitter: File Output Committer Algorithm version is 1
[2023-05-27T10:53:33.703-0500] {spark_submit.py:490} INFO - 23/05/27 10:53:33 INFO FileOutputCommitter: FileOutputCommitter skip cleanup _temporary folders under output directory:false, ignore cleanup failures: false
[2023-05-27T10:53:33.703-0500] {spark_submit.py:490} INFO - 23/05/27 10:53:33 INFO SQLHadoopMapReduceCommitProtocol: Using user defined output committer class org.apache.parquet.hadoop.ParquetOutputCommitter
[2023-05-27T10:53:33.703-0500] {spark_submit.py:490} INFO - 23/05/27 10:53:33 INFO FileOutputCommitter: File Output Committer Algorithm version is 1
[2023-05-27T10:53:33.703-0500] {spark_submit.py:490} INFO - 23/05/27 10:53:33 INFO FileOutputCommitter: FileOutputCommitter skip cleanup _temporary folders under output directory:false, ignore cleanup failures: false
[2023-05-27T10:53:33.704-0500] {spark_submit.py:490} INFO - 23/05/27 10:53:33 INFO SQLHadoopMapReduceCommitProtocol: Using output committer class org.apache.parquet.hadoop.ParquetOutputCommitter
[2023-05-27T10:53:33.706-0500] {spark_submit.py:490} INFO - 23/05/27 10:53:33 INFO CodecConfig: Compression: SNAPPY
[2023-05-27T10:53:33.707-0500] {spark_submit.py:490} INFO - 23/05/27 10:53:33 INFO CodecConfig: Compression: SNAPPY
[2023-05-27T10:53:33.716-0500] {spark_submit.py:490} INFO - 23/05/27 10:53:33 INFO ParquetOutputFormat: ParquetRecordWriter [block size: 134217728b, row group padding size: 8388608b, validating: false]
[2023-05-27T10:53:33.720-0500] {spark_submit.py:490} INFO - 23/05/27 10:53:33 INFO ParquetWriteSupport: Initialized Parquet WriteSupport with Catalyst schema:
[2023-05-27T10:53:33.720-0500] {spark_submit.py:490} INFO - {
[2023-05-27T10:53:33.721-0500] {spark_submit.py:490} INFO - "type" : "struct",
[2023-05-27T10:53:33.721-0500] {spark_submit.py:490} INFO - "fields" : [ {
[2023-05-27T10:53:33.721-0500] {spark_submit.py:490} INFO - "name" : "Date",
[2023-05-27T10:53:33.721-0500] {spark_submit.py:490} INFO - "type" : "string",
[2023-05-27T10:53:33.722-0500] {spark_submit.py:490} INFO - "nullable" : true,
[2023-05-27T10:53:33.722-0500] {spark_submit.py:490} INFO - "metadata" : { }
[2023-05-27T10:53:33.722-0500] {spark_submit.py:490} INFO - }, {
[2023-05-27T10:53:33.722-0500] {spark_submit.py:490} INFO - "name" : "Open",
[2023-05-27T10:53:33.723-0500] {spark_submit.py:490} INFO - "type" : "float",
[2023-05-27T10:53:33.723-0500] {spark_submit.py:490} INFO - "nullable" : true,
[2023-05-27T10:53:33.723-0500] {spark_submit.py:490} INFO - "metadata" : { }
[2023-05-27T10:53:33.724-0500] {spark_submit.py:490} INFO - }, {
[2023-05-27T10:53:33.724-0500] {spark_submit.py:490} INFO - "name" : "High",
[2023-05-27T10:53:33.724-0500] {spark_submit.py:490} INFO - "type" : "float",
[2023-05-27T10:53:33.724-0500] {spark_submit.py:490} INFO - "nullable" : true,
[2023-05-27T10:53:33.725-0500] {spark_submit.py:490} INFO - "metadata" : { }
[2023-05-27T10:53:33.725-0500] {spark_submit.py:490} INFO - }, {
[2023-05-27T10:53:33.725-0500] {spark_submit.py:490} INFO - "name" : "Low",
[2023-05-27T10:53:33.726-0500] {spark_submit.py:490} INFO - "type" : "float",
[2023-05-27T10:53:33.726-0500] {spark_submit.py:490} INFO - "nullable" : true,
[2023-05-27T10:53:33.726-0500] {spark_submit.py:490} INFO - "metadata" : { }
[2023-05-27T10:53:33.726-0500] {spark_submit.py:490} INFO - }, {
[2023-05-27T10:53:33.727-0500] {spark_submit.py:490} INFO - "name" : "Close",
[2023-05-27T10:53:33.727-0500] {spark_submit.py:490} INFO - "type" : "float",
[2023-05-27T10:53:33.727-0500] {spark_submit.py:490} INFO - "nullable" : true,
[2023-05-27T10:53:33.728-0500] {spark_submit.py:490} INFO - "metadata" : { }
[2023-05-27T10:53:33.728-0500] {spark_submit.py:490} INFO - }, {
[2023-05-27T10:53:33.728-0500] {spark_submit.py:490} INFO - "name" : "AdjClose",
[2023-05-27T10:53:33.728-0500] {spark_submit.py:490} INFO - "type" : "float",
[2023-05-27T10:53:33.729-0500] {spark_submit.py:490} INFO - "nullable" : true,
[2023-05-27T10:53:33.729-0500] {spark_submit.py:490} INFO - "metadata" : { }
[2023-05-27T10:53:33.729-0500] {spark_submit.py:490} INFO - }, {
[2023-05-27T10:53:33.730-0500] {spark_submit.py:490} INFO - "name" : "Volume",
[2023-05-27T10:53:33.730-0500] {spark_submit.py:490} INFO - "type" : "integer",
[2023-05-27T10:53:33.730-0500] {spark_submit.py:490} INFO - "nullable" : true,
[2023-05-27T10:53:33.730-0500] {spark_submit.py:490} INFO - "metadata" : { }
[2023-05-27T10:53:33.731-0500] {spark_submit.py:490} INFO - }, {
[2023-05-27T10:53:33.731-0500] {spark_submit.py:490} INFO - "name" : "Symbol",
[2023-05-27T10:53:33.731-0500] {spark_submit.py:490} INFO - "type" : "string",
[2023-05-27T10:53:33.732-0500] {spark_submit.py:490} INFO - "nullable" : true,
[2023-05-27T10:53:33.732-0500] {spark_submit.py:490} INFO - "metadata" : { }
[2023-05-27T10:53:33.732-0500] {spark_submit.py:490} INFO - }, {
[2023-05-27T10:53:33.732-0500] {spark_submit.py:490} INFO - "name" : "Security Name",
[2023-05-27T10:53:33.733-0500] {spark_submit.py:490} INFO - "type" : "string",
[2023-05-27T10:53:33.733-0500] {spark_submit.py:490} INFO - "nullable" : true,
[2023-05-27T10:53:33.733-0500] {spark_submit.py:490} INFO - "metadata" : { }
[2023-05-27T10:53:33.734-0500] {spark_submit.py:490} INFO - }, {
[2023-05-27T10:53:33.734-0500] {spark_submit.py:490} INFO - "name" : "vol_moving_avg",
[2023-05-27T10:53:33.734-0500] {spark_submit.py:490} INFO - "type" : "double",
[2023-05-27T10:53:33.734-0500] {spark_submit.py:490} INFO - "nullable" : true,
[2023-05-27T10:53:33.735-0500] {spark_submit.py:490} INFO - "metadata" : { }
[2023-05-27T10:53:33.735-0500] {spark_submit.py:490} INFO - }, {
[2023-05-27T10:53:33.735-0500] {spark_submit.py:490} INFO - "name" : "adj_close_rolling_med",
[2023-05-27T10:53:33.736-0500] {spark_submit.py:490} INFO - "type" : "double",
[2023-05-27T10:53:33.736-0500] {spark_submit.py:490} INFO - "nullable" : true,
[2023-05-27T10:53:33.736-0500] {spark_submit.py:490} INFO - "metadata" : { }
[2023-05-27T10:53:33.736-0500] {spark_submit.py:490} INFO - } ]
[2023-05-27T10:53:33.737-0500] {spark_submit.py:490} INFO - }
[2023-05-27T10:53:33.737-0500] {spark_submit.py:490} INFO - and corresponding Parquet message type:
[2023-05-27T10:53:33.737-0500] {spark_submit.py:490} INFO - message spark_schema {
[2023-05-27T10:53:33.738-0500] {spark_submit.py:490} INFO - optional binary Date (STRING);
[2023-05-27T10:53:33.738-0500] {spark_submit.py:490} INFO - optional float Open;
[2023-05-27T10:53:33.738-0500] {spark_submit.py:490} INFO - optional float High;
[2023-05-27T10:53:33.738-0500] {spark_submit.py:490} INFO - optional float Low;
[2023-05-27T10:53:33.739-0500] {spark_submit.py:490} INFO - optional float Close;
[2023-05-27T10:53:33.739-0500] {spark_submit.py:490} INFO - optional float AdjClose;
[2023-05-27T10:53:33.739-0500] {spark_submit.py:490} INFO - optional int32 Volume;
[2023-05-27T10:53:33.740-0500] {spark_submit.py:490} INFO - optional binary Symbol (STRING);
[2023-05-27T10:53:33.740-0500] {spark_submit.py:490} INFO - optional binary Security Name (STRING);
[2023-05-27T10:53:33.740-0500] {spark_submit.py:490} INFO - optional double vol_moving_avg;
[2023-05-27T10:53:33.741-0500] {spark_submit.py:490} INFO - optional double adj_close_rolling_med;
[2023-05-27T10:53:33.741-0500] {spark_submit.py:490} INFO - }
[2023-05-27T10:53:33.741-0500] {spark_submit.py:490} INFO - 
[2023-05-27T10:53:33.742-0500] {spark_submit.py:490} INFO - 
[2023-05-27T10:53:33.742-0500] {spark_submit.py:490} INFO - 23/05/27 10:53:33 INFO CodecPool: Got brand-new compressor [.snappy]
[2023-05-27T10:53:33.797-0500] {spark_submit.py:490} INFO - 23/05/27 10:53:33 INFO ExternalAppendOnlyUnsafeRowArray: Reached spill threshold of 4096 rows, switching to org.apache.spark.util.collection.unsafe.sort.UnsafeExternalSorter
[2023-05-27T10:53:33.898-0500] {spark_submit.py:490} INFO - 23/05/27 10:53:33 INFO ExternalAppendOnlyUnsafeRowArray: Reached spill threshold of 4096 rows, switching to org.apache.spark.util.collection.unsafe.sort.UnsafeExternalSorter
[2023-05-27T10:53:34.086-0500] {spark_submit.py:490} INFO - 23/05/27 10:53:34 INFO FileOutputCommitter: Saved output of task 'attempt_202305271053338539655472248445926_0003_m_000000_4' to file:/Users/sujatabaral/airflow/stock-etf-data-transformed/stock_etf.parquet/_temporary/0/task_202305271053338539655472248445926_0003_m_000000
[2023-05-27T10:53:34.086-0500] {spark_submit.py:490} INFO - 23/05/27 10:53:34 INFO SparkHadoopMapRedUtil: attempt_202305271053338539655472248445926_0003_m_000000_4: Committed. Elapsed time: 0 ms.
[2023-05-27T10:53:34.092-0500] {spark_submit.py:490} INFO - 23/05/27 10:53:34 INFO Executor: Finished task 0.0 in stage 3.0 (TID 4). 5859 bytes result sent to driver
[2023-05-27T10:53:34.093-0500] {spark_submit.py:490} INFO - 23/05/27 10:53:34 INFO TaskSetManager: Finished task 0.0 in stage 3.0 (TID 4) in 585 ms on sujatas-mbp-2 (executor driver) (1/1)
[2023-05-27T10:53:34.094-0500] {spark_submit.py:490} INFO - 23/05/27 10:53:34 INFO TaskSchedulerImpl: Removed TaskSet 3.0, whose tasks have all completed, from pool
[2023-05-27T10:53:34.095-0500] {spark_submit.py:490} INFO - 23/05/27 10:53:34 INFO DAGScheduler: ResultStage 3 (save at NativeMethodAccessorImpl.java:0) finished in 0.628 s
[2023-05-27T10:53:34.095-0500] {spark_submit.py:490} INFO - 23/05/27 10:53:34 INFO DAGScheduler: Job 2 is finished. Cancelling potential speculative or zombie tasks for this job
[2023-05-27T10:53:34.096-0500] {spark_submit.py:490} INFO - 23/05/27 10:53:34 INFO TaskSchedulerImpl: Killing all running tasks in stage 3: Stage finished
[2023-05-27T10:53:34.096-0500] {spark_submit.py:490} INFO - 23/05/27 10:53:34 INFO DAGScheduler: Job 2 finished: save at NativeMethodAccessorImpl.java:0, took 0.638231 s
[2023-05-27T10:53:34.098-0500] {spark_submit.py:490} INFO - 23/05/27 10:53:34 INFO FileFormatWriter: Start to commit write Job da21be63-63ee-4339-893b-ded74c563507.
[2023-05-27T10:53:34.116-0500] {spark_submit.py:490} INFO - 23/05/27 10:53:34 INFO FileFormatWriter: Write Job da21be63-63ee-4339-893b-ded74c563507 committed. Elapsed time: 17 ms.
[2023-05-27T10:53:34.119-0500] {spark_submit.py:490} INFO - 23/05/27 10:53:34 INFO FileFormatWriter: Finished processing stats for write job da21be63-63ee-4339-893b-ded74c563507.
[2023-05-27T10:53:34.159-0500] {spark_submit.py:490} INFO - 23/05/27 10:53:34 INFO SparkContext: Invoking stop() from shutdown hook
[2023-05-27T10:53:34.159-0500] {spark_submit.py:490} INFO - 23/05/27 10:53:34 INFO SparkContext: SparkContext is stopping with exitCode 0.
[2023-05-27T10:53:34.166-0500] {spark_submit.py:490} INFO - 23/05/27 10:53:34 INFO SparkUI: Stopped Spark web UI at http://sujatas-mbp-2:4041
[2023-05-27T10:53:34.173-0500] {spark_submit.py:490} INFO - 23/05/27 10:53:34 INFO MapOutputTrackerMasterEndpoint: MapOutputTrackerMasterEndpoint stopped!
[2023-05-27T10:53:34.189-0500] {spark_submit.py:490} INFO - 23/05/27 10:53:34 INFO MemoryStore: MemoryStore cleared
[2023-05-27T10:53:34.189-0500] {spark_submit.py:490} INFO - 23/05/27 10:53:34 INFO BlockManager: BlockManager stopped
[2023-05-27T10:53:34.191-0500] {spark_submit.py:490} INFO - 23/05/27 10:53:34 INFO BlockManagerMaster: BlockManagerMaster stopped
[2023-05-27T10:53:34.192-0500] {spark_submit.py:490} INFO - 23/05/27 10:53:34 INFO OutputCommitCoordinator$OutputCommitCoordinatorEndpoint: OutputCommitCoordinator stopped!
[2023-05-27T10:53:34.199-0500] {spark_submit.py:490} INFO - 23/05/27 10:53:34 INFO SparkContext: Successfully stopped SparkContext
[2023-05-27T10:53:34.199-0500] {spark_submit.py:490} INFO - 23/05/27 10:53:34 INFO ShutdownHookManager: Shutdown hook called
[2023-05-27T10:53:34.199-0500] {spark_submit.py:490} INFO - 23/05/27 10:53:34 INFO ShutdownHookManager: Deleting directory /private/var/folders/rj/4j_wg7hj631gk16sz5z2gtzc0000gn/T/spark-c2c3cae0-e718-405c-a6af-0121a9ac4b9d/pyspark-41dda9e1-c095-477b-b100-1865321df0f4
[2023-05-27T10:53:34.203-0500] {spark_submit.py:490} INFO - 23/05/27 10:53:34 INFO ShutdownHookManager: Deleting directory /private/var/folders/rj/4j_wg7hj631gk16sz5z2gtzc0000gn/T/spark-6a0fa2a2-e47c-4db1-b091-1255c90ed1ae
[2023-05-27T10:53:34.207-0500] {spark_submit.py:490} INFO - 23/05/27 10:53:34 INFO ShutdownHookManager: Deleting directory /private/var/folders/rj/4j_wg7hj631gk16sz5z2gtzc0000gn/T/spark-c2c3cae0-e718-405c-a6af-0121a9ac4b9d
[2023-05-27T10:53:34.270-0500] {taskinstance.py:1345} INFO - Marking task as SUCCESS. dag_id=stock_etf_analysis_dag_v_06, task_id=stage2_stocks_transform_task, execution_date=20230527T155224, start_date=20230527T155327, end_date=20230527T155334
[2023-05-27T10:53:34.287-0500] {local_task_job_runner.py:225} INFO - Task exited with return code 0
[2023-05-27T10:53:34.325-0500] {taskinstance.py:2651} INFO - 0 downstream tasks scheduled from follow-on schedule check
