[2023-05-27T10:54:15.468-0500] {taskinstance.py:1103} INFO - Dependencies all met for dep_context=non-requeueable deps ti=<TaskInstance: stock_etf_analysis_dag_v_06.stage3_ml_task manual__2023-05-27T15:52:50.414540+00:00 [queued]>
[2023-05-27T10:54:15.473-0500] {taskinstance.py:1103} INFO - Dependencies all met for dep_context=requeueable deps ti=<TaskInstance: stock_etf_analysis_dag_v_06.stage3_ml_task manual__2023-05-27T15:52:50.414540+00:00 [queued]>
[2023-05-27T10:54:15.473-0500] {taskinstance.py:1308} INFO - Starting attempt 1 of 2
[2023-05-27T10:54:15.481-0500] {taskinstance.py:1327} INFO - Executing <Task(SparkSubmitOperator): stage3_ml_task> on 2023-05-27 15:52:50.414540+00:00
[2023-05-27T10:54:15.482-0500] {standard_task_runner.py:57} INFO - Started process 7513 to run task
[2023-05-27T10:54:15.487-0500] {standard_task_runner.py:84} INFO - Running: ['airflow', 'tasks', 'run', 'stock_etf_analysis_dag_v_06', 'stage3_ml_task', 'manual__2023-05-27T15:52:50.414540+00:00', '--job-id', '68', '--raw', '--subdir', 'DAGS_FOLDER/assignment/stock-analysis.py', '--cfg-path', '/var/folders/rj/4j_wg7hj631gk16sz5z2gtzc0000gn/T/tmplaj7h1lb']
[2023-05-27T10:54:15.489-0500] {standard_task_runner.py:85} INFO - Job 68: Subtask stage3_ml_task
[2023-05-27T10:54:15.518-0500] {task_command.py:410} INFO - Running <TaskInstance: stock_etf_analysis_dag_v_06.stage3_ml_task manual__2023-05-27T15:52:50.414540+00:00 [running]> on host sujatas-mbp-2
[2023-05-27T10:54:15.560-0500] {taskinstance.py:1545} INFO - Exporting env vars: AIRFLOW_CTX_DAG_OWNER='sb' AIRFLOW_CTX_DAG_ID='stock_etf_analysis_dag_v_06' AIRFLOW_CTX_TASK_ID='stage3_ml_task' AIRFLOW_CTX_EXECUTION_DATE='2023-05-27T15:52:50.414540+00:00' AIRFLOW_CTX_TRY_NUMBER='1' AIRFLOW_CTX_DAG_RUN_ID='manual__2023-05-27T15:52:50.414540+00:00'
[2023-05-27T10:54:15.564-0500] {base.py:73} INFO - Using connection ID 'spark_stand_alone' for task execution.
[2023-05-27T10:54:15.566-0500] {spark_submit.py:339} INFO - Spark-Submit cmd: spark-submit --master local[*] --name arrow-spark --queue root.default ./airflow/dags/assignment/ml_integrate_stage3.py
[2023-05-27T10:54:17.941-0500] {spark_submit.py:490} INFO - data =====================
[2023-05-27T10:54:17.942-0500] {spark_submit.py:490} INFO - (5779, 11)
[2023-05-27T10:54:17.951-0500] {spark_submit.py:490} INFO - Date       Open  ...  vol_moving_avg  adj_close_rolling_med
[2023-05-27T10:54:17.952-0500] {spark_submit.py:490} INFO - 5774  2020-03-26  59.619999  ...    2.263937e+06              65.066000
[2023-05-27T10:54:17.952-0500] {spark_submit.py:490} INFO - 5775  2020-03-27  58.330002  ...    2.252637e+06              64.573000
[2023-05-27T10:54:17.952-0500] {spark_submit.py:490} INFO - 5776  2020-03-30  58.560001  ...    2.277397e+06              64.117000
[2023-05-27T10:54:17.953-0500] {spark_submit.py:490} INFO - 5777  2020-03-31  59.509998  ...    2.284137e+06              63.688333
[2023-05-27T10:54:17.953-0500] {spark_submit.py:490} INFO - 5778  2020-04-01  58.040001  ...    2.334583e+06              63.154666
[2023-05-27T10:54:17.953-0500] {spark_submit.py:490} INFO - 
[2023-05-27T10:54:17.954-0500] {spark_submit.py:490} INFO - [5 rows x 11 columns]
[2023-05-27T10:54:18.766-0500] {spark_submit.py:490} INFO - Traceback (most recent call last):
[2023-05-27T10:54:18.766-0500] {spark_submit.py:490} INFO - File "/Users/sujatabaral/airflow/dags/assignment/ml_integrate_stage3.py", line 51, in <module>
[2023-05-27T10:54:18.767-0500] {spark_submit.py:490} INFO - logging.basicConfig(filename="./airflow/ml-log/metrics.log", level=logging.INFO)
[2023-05-27T10:54:18.767-0500] {spark_submit.py:490} INFO - File "/Library/Frameworks/Python.framework/Versions/3.10/lib/python3.10/logging/__init__.py", line 2040, in basicConfig
[2023-05-27T10:54:18.767-0500] {spark_submit.py:490} INFO - h = FileHandler(filename, mode,
[2023-05-27T10:54:18.767-0500] {spark_submit.py:490} INFO - File "/Library/Frameworks/Python.framework/Versions/3.10/lib/python3.10/logging/__init__.py", line 1169, in __init__
[2023-05-27T10:54:18.768-0500] {spark_submit.py:490} INFO - StreamHandler.__init__(self, self._open())
[2023-05-27T10:54:18.768-0500] {spark_submit.py:490} INFO - File "/Library/Frameworks/Python.framework/Versions/3.10/lib/python3.10/logging/__init__.py", line 1201, in _open
[2023-05-27T10:54:18.768-0500] {spark_submit.py:490} INFO - return open_func(self.baseFilename, self.mode,
[2023-05-27T10:54:18.768-0500] {spark_submit.py:490} INFO - FileNotFoundError: [Errno 2] No such file or directory: '/Users/sujatabaral/airflow/ml-log/metrics.log'
[2023-05-27T10:54:18.889-0500] {spark_submit.py:490} INFO - 23/05/27 10:54:18 INFO ShutdownHookManager: Shutdown hook called
[2023-05-27T10:54:18.891-0500] {spark_submit.py:490} INFO - 23/05/27 10:54:18 INFO ShutdownHookManager: Deleting directory /private/var/folders/rj/4j_wg7hj631gk16sz5z2gtzc0000gn/T/spark-3ca77f16-93c7-4a77-a9b6-1ec8b5257cc9
[2023-05-27T10:54:18.941-0500] {taskinstance.py:1824} ERROR - Task failed with exception
Traceback (most recent call last):
  File "/Library/Frameworks/Python.framework/Versions/3.10/lib/python3.10/site-packages/airflow/providers/apache/spark/operators/spark_submit.py", line 157, in execute
    self._hook.submit(self._application)
  File "/Library/Frameworks/Python.framework/Versions/3.10/lib/python3.10/site-packages/airflow/providers/apache/spark/hooks/spark_submit.py", line 421, in submit
    raise AirflowException(
airflow.exceptions.AirflowException: Cannot execute: spark-submit --master local[*] --name arrow-spark --queue root.default ./airflow/dags/assignment/ml_integrate_stage3.py. Error code is: 1.
[2023-05-27T10:54:18.946-0500] {taskinstance.py:1345} INFO - Marking task as UP_FOR_RETRY. dag_id=stock_etf_analysis_dag_v_06, task_id=stage3_ml_task, execution_date=20230527T155250, start_date=20230527T155415, end_date=20230527T155418
[2023-05-27T10:54:18.953-0500] {standard_task_runner.py:104} ERROR - Failed to execute job 68 for task stage3_ml_task (Cannot execute: spark-submit --master local[*] --name arrow-spark --queue root.default ./airflow/dags/assignment/ml_integrate_stage3.py. Error code is: 1.; 7513)
[2023-05-27T10:54:18.972-0500] {local_task_job_runner.py:225} INFO - Task exited with return code 1
[2023-05-27T10:54:19.004-0500] {taskinstance.py:2651} INFO - 0 downstream tasks scheduled from follow-on schedule check
