[2023-05-27T11:08:46.045-0500] {taskinstance.py:1103} INFO - Dependencies all met for dep_context=non-requeueable deps ti=<TaskInstance: stock_etf_analysis_dag_v_06.stage1_etfs_transform_task manual__2023-05-27T16:08:32.820595+00:00 [queued]>
[2023-05-27T11:08:46.051-0500] {taskinstance.py:1103} INFO - Dependencies all met for dep_context=requeueable deps ti=<TaskInstance: stock_etf_analysis_dag_v_06.stage1_etfs_transform_task manual__2023-05-27T16:08:32.820595+00:00 [queued]>
[2023-05-27T11:08:46.051-0500] {taskinstance.py:1308} INFO - Starting attempt 1 of 2
[2023-05-27T11:08:46.060-0500] {taskinstance.py:1327} INFO - Executing <Task(SparkSubmitOperator): stage1_etfs_transform_task> on 2023-05-27 16:08:32.820595+00:00
[2023-05-27T11:08:46.062-0500] {standard_task_runner.py:57} INFO - Started process 8221 to run task
[2023-05-27T11:08:46.067-0500] {standard_task_runner.py:84} INFO - Running: ['airflow', 'tasks', 'run', 'stock_etf_analysis_dag_v_06', 'stage1_etfs_transform_task', 'manual__2023-05-27T16:08:32.820595+00:00', '--job-id', '74', '--raw', '--subdir', 'DAGS_FOLDER/assignment/stock-analysis.py', '--cfg-path', '/var/folders/rj/4j_wg7hj631gk16sz5z2gtzc0000gn/T/tmp0fe5vapp']
[2023-05-27T11:08:46.069-0500] {standard_task_runner.py:85} INFO - Job 74: Subtask stage1_etfs_transform_task
[2023-05-27T11:08:46.103-0500] {task_command.py:410} INFO - Running <TaskInstance: stock_etf_analysis_dag_v_06.stage1_etfs_transform_task manual__2023-05-27T16:08:32.820595+00:00 [running]> on host sujatas-mbp-2
[2023-05-27T11:08:46.149-0500] {taskinstance.py:1545} INFO - Exporting env vars: AIRFLOW_CTX_DAG_OWNER='sb' AIRFLOW_CTX_DAG_ID='stock_etf_analysis_dag_v_06' AIRFLOW_CTX_TASK_ID='stage1_etfs_transform_task' AIRFLOW_CTX_EXECUTION_DATE='2023-05-27T16:08:32.820595+00:00' AIRFLOW_CTX_TRY_NUMBER='1' AIRFLOW_CTX_DAG_RUN_ID='manual__2023-05-27T16:08:32.820595+00:00'
[2023-05-27T11:08:46.154-0500] {base.py:73} INFO - Using connection ID 'spark_stand_alone' for task execution.
[2023-05-27T11:08:46.155-0500] {spark_submit.py:339} INFO - Spark-Submit cmd: spark-submit --master local[*] --name arrow-spark --queue root.default ./airflow/dags/assignment/transform_etfs_stage1.py
[2023-05-27T11:08:47.849-0500] {spark_submit.py:490} INFO - 23/05/27 11:08:47 INFO SparkContext: Running Spark version 3.4.0
[2023-05-27T11:08:47.906-0500] {spark_submit.py:490} INFO - 23/05/27 11:08:47 WARN NativeCodeLoader: Unable to load native-hadoop library for your platform... using builtin-java classes where applicable
[2023-05-27T11:08:47.982-0500] {spark_submit.py:490} INFO - 23/05/27 11:08:47 INFO ResourceUtils: ==============================================================
[2023-05-27T11:08:47.982-0500] {spark_submit.py:490} INFO - 23/05/27 11:08:47 INFO ResourceUtils: No custom resources configured for spark.driver.
[2023-05-27T11:08:47.982-0500] {spark_submit.py:490} INFO - 23/05/27 11:08:47 INFO ResourceUtils: ==============================================================
[2023-05-27T11:08:47.983-0500] {spark_submit.py:490} INFO - 23/05/27 11:08:47 INFO SparkContext: Submitted application: stock data analysis
[2023-05-27T11:08:48.001-0500] {spark_submit.py:490} INFO - 23/05/27 11:08:48 INFO ResourceProfile: Default ResourceProfile created, executor resources: Map(cores -> name: cores, amount: 1, script: , vendor: , memory -> name: memory, amount: 1024, script: , vendor: , offHeap -> name: offHeap, amount: 0, script: , vendor: ), task resources: Map(cpus -> name: cpus, amount: 1.0)
[2023-05-27T11:08:48.008-0500] {spark_submit.py:490} INFO - 23/05/27 11:08:48 INFO ResourceProfile: Limiting resource is cpu
[2023-05-27T11:08:48.009-0500] {spark_submit.py:490} INFO - 23/05/27 11:08:48 INFO ResourceProfileManager: Added ResourceProfile id: 0
[2023-05-27T11:08:48.050-0500] {spark_submit.py:490} INFO - 23/05/27 11:08:48 INFO SecurityManager: Changing view acls to: sujatabaral
[2023-05-27T11:08:48.051-0500] {spark_submit.py:490} INFO - 23/05/27 11:08:48 INFO SecurityManager: Changing modify acls to: sujatabaral
[2023-05-27T11:08:48.051-0500] {spark_submit.py:490} INFO - 23/05/27 11:08:48 INFO SecurityManager: Changing view acls groups to:
[2023-05-27T11:08:48.051-0500] {spark_submit.py:490} INFO - 23/05/27 11:08:48 INFO SecurityManager: Changing modify acls groups to:
[2023-05-27T11:08:48.052-0500] {spark_submit.py:490} INFO - 23/05/27 11:08:48 INFO SecurityManager: SecurityManager: authentication disabled; ui acls disabled; users with view permissions: sujatabaral; groups with view permissions: EMPTY; users with modify permissions: sujatabaral; groups with modify permissions: EMPTY
[2023-05-27T11:08:48.225-0500] {spark_submit.py:490} INFO - 23/05/27 11:08:48 INFO Utils: Successfully started service 'sparkDriver' on port 61190.
[2023-05-27T11:08:48.247-0500] {spark_submit.py:490} INFO - 23/05/27 11:08:48 INFO SparkEnv: Registering MapOutputTracker
[2023-05-27T11:08:48.273-0500] {spark_submit.py:490} INFO - 23/05/27 11:08:48 INFO SparkEnv: Registering BlockManagerMaster
[2023-05-27T11:08:48.287-0500] {spark_submit.py:490} INFO - 23/05/27 11:08:48 INFO BlockManagerMasterEndpoint: Using org.apache.spark.storage.DefaultTopologyMapper for getting topology information
[2023-05-27T11:08:48.288-0500] {spark_submit.py:490} INFO - 23/05/27 11:08:48 INFO BlockManagerMasterEndpoint: BlockManagerMasterEndpoint up
[2023-05-27T11:08:48.291-0500] {spark_submit.py:490} INFO - 23/05/27 11:08:48 INFO SparkEnv: Registering BlockManagerMasterHeartbeat
[2023-05-27T11:08:48.308-0500] {spark_submit.py:490} INFO - 23/05/27 11:08:48 INFO DiskBlockManager: Created local directory at /private/var/folders/rj/4j_wg7hj631gk16sz5z2gtzc0000gn/T/blockmgr-c010e3ab-5d19-457f-a78f-e0aeb3daefd3
[2023-05-27T11:08:48.321-0500] {spark_submit.py:490} INFO - 23/05/27 11:08:48 INFO MemoryStore: MemoryStore started with capacity 434.4 MiB
[2023-05-27T11:08:48.332-0500] {spark_submit.py:490} INFO - 23/05/27 11:08:48 INFO SparkEnv: Registering OutputCommitCoordinator
[2023-05-27T11:08:48.435-0500] {spark_submit.py:490} INFO - 23/05/27 11:08:48 INFO JettyUtils: Start Jetty 0.0.0.0:4040 for SparkUI
[2023-05-27T11:08:48.482-0500] {spark_submit.py:490} INFO - 23/05/27 11:08:48 WARN Utils: Service 'SparkUI' could not bind on port 4040. Attempting port 4041.
[2023-05-27T11:08:48.489-0500] {spark_submit.py:490} INFO - 23/05/27 11:08:48 INFO Utils: Successfully started service 'SparkUI' on port 4041.
[2023-05-27T11:08:48.563-0500] {spark_submit.py:490} INFO - 23/05/27 11:08:48 INFO Executor: Starting executor ID driver on host sujatas-mbp-2
[2023-05-27T11:08:48.568-0500] {spark_submit.py:490} INFO - 23/05/27 11:08:48 INFO Executor: Starting executor with user classpath (userClassPathFirst = false): ''
[2023-05-27T11:08:48.581-0500] {spark_submit.py:490} INFO - 23/05/27 11:08:48 INFO Utils: Successfully started service 'org.apache.spark.network.netty.NettyBlockTransferService' on port 61191.
[2023-05-27T11:08:48.581-0500] {spark_submit.py:490} INFO - 23/05/27 11:08:48 INFO NettyBlockTransferService: Server created on sujatas-mbp-2:61191
[2023-05-27T11:08:48.582-0500] {spark_submit.py:490} INFO - 23/05/27 11:08:48 INFO BlockManager: Using org.apache.spark.storage.RandomBlockReplicationPolicy for block replication policy
[2023-05-27T11:08:48.587-0500] {spark_submit.py:490} INFO - 23/05/27 11:08:48 INFO BlockManagerMaster: Registering BlockManager BlockManagerId(driver, sujatas-mbp-2, 61191, None)
[2023-05-27T11:08:48.589-0500] {spark_submit.py:490} INFO - 23/05/27 11:08:48 INFO BlockManagerMasterEndpoint: Registering block manager sujatas-mbp-2:61191 with 434.4 MiB RAM, BlockManagerId(driver, sujatas-mbp-2, 61191, None)
[2023-05-27T11:08:48.591-0500] {spark_submit.py:490} INFO - 23/05/27 11:08:48 INFO BlockManagerMaster: Registered BlockManager BlockManagerId(driver, sujatas-mbp-2, 61191, None)
[2023-05-27T11:08:48.591-0500] {spark_submit.py:490} INFO - 23/05/27 11:08:48 INFO BlockManager: Initialized BlockManager: BlockManagerId(driver, sujatas-mbp-2, 61191, None)
[2023-05-27T11:08:48.903-0500] {spark_submit.py:490} INFO - 23/05/27 11:08:48 INFO SharedState: Setting hive.metastore.warehouse.dir ('null') to the value of spark.sql.warehouse.dir.
[2023-05-27T11:08:48.910-0500] {spark_submit.py:490} INFO - 23/05/27 11:08:48 INFO SharedState: Warehouse path is 'file:/Users/sujatabaral/spark-warehouse'.
[2023-05-27T11:08:49.481-0500] {spark_submit.py:490} INFO - 23/05/27 11:08:49 INFO InMemoryFileIndex: It took 25 ms to list leaf files for 1 paths.
[2023-05-27T11:08:49.530-0500] {spark_submit.py:490} INFO - 23/05/27 11:08:49 INFO InMemoryFileIndex: It took 1 ms to list leaf files for 1 paths.
[2023-05-27T11:08:50.812-0500] {spark_submit.py:490} INFO - 23/05/27 11:08:50 INFO FileSourceStrategy: Pushed Filters:
[2023-05-27T11:08:50.813-0500] {spark_submit.py:490} INFO - 23/05/27 11:08:50 INFO FileSourceStrategy: Post-Scan Filters: (length(trim(value#0, None)) > 0)
[2023-05-27T11:08:51.164-0500] {spark_submit.py:490} INFO - 23/05/27 11:08:51 INFO CodeGenerator: Code generated in 138.949289 ms
[2023-05-27T11:08:51.202-0500] {spark_submit.py:490} INFO - 23/05/27 11:08:51 INFO MemoryStore: Block broadcast_0 stored as values in memory (estimated size 199.3 KiB, free 434.2 MiB)
[2023-05-27T11:08:51.313-0500] {spark_submit.py:490} INFO - 23/05/27 11:08:51 INFO MemoryStore: Block broadcast_0_piece0 stored as bytes in memory (estimated size 34.2 KiB, free 434.2 MiB)
[2023-05-27T11:08:51.315-0500] {spark_submit.py:490} INFO - 23/05/27 11:08:51 INFO BlockManagerInfo: Added broadcast_0_piece0 in memory on sujatas-mbp-2:61191 (size: 34.2 KiB, free: 434.4 MiB)
[2023-05-27T11:08:51.318-0500] {spark_submit.py:490} INFO - 23/05/27 11:08:51 INFO SparkContext: Created broadcast 0 from csv at NativeMethodAccessorImpl.java:0
[2023-05-27T11:08:51.325-0500] {spark_submit.py:490} INFO - 23/05/27 11:08:51 INFO FileSourceScanExec: Planning scan with bin packing, max size: 4194304 bytes, open cost is considered as scanning 4194304 bytes.
[2023-05-27T11:08:51.402-0500] {spark_submit.py:490} INFO - 23/05/27 11:08:51 INFO SparkContext: Starting job: csv at NativeMethodAccessorImpl.java:0
[2023-05-27T11:08:51.410-0500] {spark_submit.py:490} INFO - 23/05/27 11:08:51 INFO DAGScheduler: Got job 0 (csv at NativeMethodAccessorImpl.java:0) with 1 output partitions
[2023-05-27T11:08:51.411-0500] {spark_submit.py:490} INFO - 23/05/27 11:08:51 INFO DAGScheduler: Final stage: ResultStage 0 (csv at NativeMethodAccessorImpl.java:0)
[2023-05-27T11:08:51.411-0500] {spark_submit.py:490} INFO - 23/05/27 11:08:51 INFO DAGScheduler: Parents of final stage: List()
[2023-05-27T11:08:51.412-0500] {spark_submit.py:490} INFO - 23/05/27 11:08:51 INFO DAGScheduler: Missing parents: List()
[2023-05-27T11:08:51.414-0500] {spark_submit.py:490} INFO - 23/05/27 11:08:51 INFO DAGScheduler: Submitting ResultStage 0 (MapPartitionsRDD[3] at csv at NativeMethodAccessorImpl.java:0), which has no missing parents
[2023-05-27T11:08:51.455-0500] {spark_submit.py:490} INFO - 23/05/27 11:08:51 INFO MemoryStore: Block broadcast_1 stored as values in memory (estimated size 12.1 KiB, free 434.2 MiB)
[2023-05-27T11:08:51.459-0500] {spark_submit.py:490} INFO - 23/05/27 11:08:51 INFO MemoryStore: Block broadcast_1_piece0 stored as bytes in memory (estimated size 6.0 KiB, free 434.2 MiB)
[2023-05-27T11:08:51.459-0500] {spark_submit.py:490} INFO - 23/05/27 11:08:51 INFO BlockManagerInfo: Added broadcast_1_piece0 in memory on sujatas-mbp-2:61191 (size: 6.0 KiB, free: 434.4 MiB)
[2023-05-27T11:08:51.460-0500] {spark_submit.py:490} INFO - 23/05/27 11:08:51 INFO SparkContext: Created broadcast 1 from broadcast at DAGScheduler.scala:1535
[2023-05-27T11:08:51.469-0500] {spark_submit.py:490} INFO - 23/05/27 11:08:51 INFO DAGScheduler: Submitting 1 missing tasks from ResultStage 0 (MapPartitionsRDD[3] at csv at NativeMethodAccessorImpl.java:0) (first 15 tasks are for partitions Vector(0))
[2023-05-27T11:08:51.470-0500] {spark_submit.py:490} INFO - 23/05/27 11:08:51 INFO TaskSchedulerImpl: Adding task set 0.0 with 1 tasks resource profile 0
[2023-05-27T11:08:51.502-0500] {spark_submit.py:490} INFO - 23/05/27 11:08:51 INFO TaskSetManager: Starting task 0.0 in stage 0.0 (TID 0) (sujatas-mbp-2, executor driver, partition 0, PROCESS_LOCAL, 7947 bytes)
[2023-05-27T11:08:51.511-0500] {spark_submit.py:490} INFO - 23/05/27 11:08:51 INFO Executor: Running task 0.0 in stage 0.0 (TID 0)
[2023-05-27T11:08:51.568-0500] {spark_submit.py:490} INFO - 23/05/27 11:08:51 INFO FileScanRDD: Reading File path: file:///Users/sujatabaral/airflow/stock-data/symbols_valid_meta.csv, range: 0-611626, partition values: [empty row]
[2023-05-27T11:08:51.579-0500] {spark_submit.py:490} INFO - 23/05/27 11:08:51 INFO CodeGenerator: Code generated in 7.984901 ms
[2023-05-27T11:08:51.613-0500] {spark_submit.py:490} INFO - 23/05/27 11:08:51 INFO Executor: Finished task 0.0 in stage 0.0 (TID 0). 1798 bytes result sent to driver
[2023-05-27T11:08:51.621-0500] {spark_submit.py:490} INFO - 23/05/27 11:08:51 INFO TaskSetManager: Finished task 0.0 in stage 0.0 (TID 0) in 125 ms on sujatas-mbp-2 (executor driver) (1/1)
[2023-05-27T11:08:51.621-0500] {spark_submit.py:490} INFO - 23/05/27 11:08:51 INFO TaskSchedulerImpl: Removed TaskSet 0.0, whose tasks have all completed, from pool
[2023-05-27T11:08:51.625-0500] {spark_submit.py:490} INFO - 23/05/27 11:08:51 INFO DAGScheduler: ResultStage 0 (csv at NativeMethodAccessorImpl.java:0) finished in 0.203 s
[2023-05-27T11:08:51.627-0500] {spark_submit.py:490} INFO - 23/05/27 11:08:51 INFO DAGScheduler: Job 0 is finished. Cancelling potential speculative or zombie tasks for this job
[2023-05-27T11:08:51.628-0500] {spark_submit.py:490} INFO - 23/05/27 11:08:51 INFO TaskSchedulerImpl: Killing all running tasks in stage 0: Stage finished
[2023-05-27T11:08:51.629-0500] {spark_submit.py:490} INFO - 23/05/27 11:08:51 INFO DAGScheduler: Job 0 finished: csv at NativeMethodAccessorImpl.java:0, took 0.226844 s
[2023-05-27T11:08:51.642-0500] {spark_submit.py:490} INFO - 23/05/27 11:08:51 INFO CodeGenerator: Code generated in 6.625583 ms
[2023-05-27T11:08:51.671-0500] {spark_submit.py:490} INFO - 23/05/27 11:08:51 INFO BlockManagerInfo: Removed broadcast_1_piece0 on sujatas-mbp-2:61191 in memory (size: 6.0 KiB, free: 434.4 MiB)
[2023-05-27T11:08:51.678-0500] {spark_submit.py:490} INFO - 23/05/27 11:08:51 INFO FileSourceStrategy: Pushed Filters:
[2023-05-27T11:08:51.678-0500] {spark_submit.py:490} INFO - 23/05/27 11:08:51 INFO FileSourceStrategy: Post-Scan Filters:
[2023-05-27T11:08:51.684-0500] {spark_submit.py:490} INFO - 23/05/27 11:08:51 INFO MemoryStore: Block broadcast_2 stored as values in memory (estimated size 199.3 KiB, free 434.0 MiB)
[2023-05-27T11:08:51.705-0500] {spark_submit.py:490} INFO - 23/05/27 11:08:51 INFO MemoryStore: Block broadcast_2_piece0 stored as bytes in memory (estimated size 34.2 KiB, free 433.9 MiB)
[2023-05-27T11:08:51.706-0500] {spark_submit.py:490} INFO - 23/05/27 11:08:51 INFO BlockManagerInfo: Added broadcast_2_piece0 in memory on sujatas-mbp-2:61191 (size: 34.2 KiB, free: 434.3 MiB)
[2023-05-27T11:08:51.707-0500] {spark_submit.py:490} INFO - 23/05/27 11:08:51 INFO SparkContext: Created broadcast 2 from csv at NativeMethodAccessorImpl.java:0
[2023-05-27T11:08:51.708-0500] {spark_submit.py:490} INFO - 23/05/27 11:08:51 INFO FileSourceScanExec: Planning scan with bin packing, max size: 4194304 bytes, open cost is considered as scanning 4194304 bytes.
[2023-05-27T11:08:51.713-0500] {spark_submit.py:490} INFO - 23/05/27 11:08:51 INFO BlockManagerInfo: Removed broadcast_0_piece0 on sujatas-mbp-2:61191 in memory (size: 34.2 KiB, free: 434.4 MiB)
[2023-05-27T11:08:51.793-0500] {spark_submit.py:490} INFO - 23/05/27 11:08:51 INFO InMemoryFileIndex: It took 4 ms to list leaf files for 1 paths.
[2023-05-27T11:08:51.970-0500] {spark_submit.py:490} INFO - 23/05/27 11:08:51 INFO FileSourceStrategy: Pushed Filters:
[2023-05-27T11:08:51.971-0500] {spark_submit.py:490} INFO - 23/05/27 11:08:51 INFO FileSourceStrategy: Post-Scan Filters:
[2023-05-27T11:08:51.973-0500] {spark_submit.py:490} INFO - 23/05/27 11:08:51 INFO FileSourceStrategy: Pushed Filters: IsNotNull(Symbol)
[2023-05-27T11:08:51.973-0500] {spark_submit.py:490} INFO - 23/05/27 11:08:51 INFO FileSourceStrategy: Post-Scan Filters: isnotnull(Symbol#18)
[2023-05-27T11:08:52.046-0500] {spark_submit.py:490} INFO - 23/05/27 11:08:52 INFO CodeGenerator: Code generated in 8.055743 ms
[2023-05-27T11:08:52.050-0500] {spark_submit.py:490} INFO - 23/05/27 11:08:52 INFO MemoryStore: Block broadcast_3 stored as values in memory (estimated size 199.2 KiB, free 434.0 MiB)
[2023-05-27T11:08:52.071-0500] {spark_submit.py:490} INFO - 23/05/27 11:08:52 INFO MemoryStore: Block broadcast_3_piece0 stored as bytes in memory (estimated size 34.2 KiB, free 433.9 MiB)
[2023-05-27T11:08:52.072-0500] {spark_submit.py:490} INFO - 23/05/27 11:08:52 INFO BlockManagerInfo: Added broadcast_3_piece0 in memory on sujatas-mbp-2:61191 (size: 34.2 KiB, free: 434.3 MiB)
[2023-05-27T11:08:52.072-0500] {spark_submit.py:490} INFO - 23/05/27 11:08:52 INFO SparkContext: Created broadcast 3 from $anonfun$withThreadLocalCaptured$1 at FutureTask.java:264
[2023-05-27T11:08:52.078-0500] {spark_submit.py:490} INFO - 23/05/27 11:08:52 INFO FileSourceScanExec: Planning scan with bin packing, max size: 4194304 bytes, open cost is considered as scanning 4194304 bytes.
[2023-05-27T11:08:52.100-0500] {spark_submit.py:490} INFO - 23/05/27 11:08:52 INFO SparkContext: Starting job: $anonfun$withThreadLocalCaptured$1 at FutureTask.java:264
[2023-05-27T11:08:52.100-0500] {spark_submit.py:490} INFO - 23/05/27 11:08:52 INFO DAGScheduler: Got job 1 ($anonfun$withThreadLocalCaptured$1 at FutureTask.java:264) with 1 output partitions
[2023-05-27T11:08:52.101-0500] {spark_submit.py:490} INFO - 23/05/27 11:08:52 INFO DAGScheduler: Final stage: ResultStage 1 ($anonfun$withThreadLocalCaptured$1 at FutureTask.java:264)
[2023-05-27T11:08:52.101-0500] {spark_submit.py:490} INFO - 23/05/27 11:08:52 INFO DAGScheduler: Parents of final stage: List()
[2023-05-27T11:08:52.101-0500] {spark_submit.py:490} INFO - 23/05/27 11:08:52 INFO DAGScheduler: Missing parents: List()
[2023-05-27T11:08:52.102-0500] {spark_submit.py:490} INFO - 23/05/27 11:08:52 INFO DAGScheduler: Submitting ResultStage 1 (MapPartitionsRDD[13] at $anonfun$withThreadLocalCaptured$1 at FutureTask.java:264), which has no missing parents
[2023-05-27T11:08:52.103-0500] {spark_submit.py:490} INFO - 23/05/27 11:08:52 INFO MemoryStore: Block broadcast_4 stored as values in memory (estimated size 14.4 KiB, free 433.9 MiB)
[2023-05-27T11:08:52.107-0500] {spark_submit.py:490} INFO - 23/05/27 11:08:52 INFO MemoryStore: Block broadcast_4_piece0 stored as bytes in memory (estimated size 7.4 KiB, free 433.9 MiB)
[2023-05-27T11:08:52.108-0500] {spark_submit.py:490} INFO - 23/05/27 11:08:52 INFO BlockManagerInfo: Removed broadcast_2_piece0 on sujatas-mbp-2:61191 in memory (size: 34.2 KiB, free: 434.4 MiB)
[2023-05-27T11:08:52.109-0500] {spark_submit.py:490} INFO - 23/05/27 11:08:52 INFO BlockManagerInfo: Added broadcast_4_piece0 in memory on sujatas-mbp-2:61191 (size: 7.4 KiB, free: 434.4 MiB)
[2023-05-27T11:08:52.109-0500] {spark_submit.py:490} INFO - 23/05/27 11:08:52 INFO SparkContext: Created broadcast 4 from broadcast at DAGScheduler.scala:1535
[2023-05-27T11:08:52.110-0500] {spark_submit.py:490} INFO - 23/05/27 11:08:52 INFO DAGScheduler: Submitting 1 missing tasks from ResultStage 1 (MapPartitionsRDD[13] at $anonfun$withThreadLocalCaptured$1 at FutureTask.java:264) (first 15 tasks are for partitions Vector(0))
[2023-05-27T11:08:52.110-0500] {spark_submit.py:490} INFO - 23/05/27 11:08:52 INFO TaskSchedulerImpl: Adding task set 1.0 with 1 tasks resource profile 0
[2023-05-27T11:08:52.111-0500] {spark_submit.py:490} INFO - 23/05/27 11:08:52 INFO TaskSetManager: Starting task 0.0 in stage 1.0 (TID 1) (sujatas-mbp-2, executor driver, partition 0, PROCESS_LOCAL, 7947 bytes)
[2023-05-27T11:08:52.112-0500] {spark_submit.py:490} INFO - 23/05/27 11:08:52 INFO Executor: Running task 0.0 in stage 1.0 (TID 1)
[2023-05-27T11:08:52.123-0500] {spark_submit.py:490} INFO - 23/05/27 11:08:52 INFO FileScanRDD: Reading File path: file:///Users/sujatabaral/airflow/stock-data/symbols_valid_meta.csv, range: 0-611626, partition values: [empty row]
[2023-05-27T11:08:52.135-0500] {spark_submit.py:490} INFO - 23/05/27 11:08:52 INFO CodeGenerator: Code generated in 8.0933 ms
[2023-05-27T11:08:52.155-0500] {spark_submit.py:490} INFO - 23/05/27 11:08:52 INFO CodeGenerator: Code generated in 4.242438 ms
[2023-05-27T11:08:52.270-0500] {spark_submit.py:490} INFO - 23/05/27 11:08:52 INFO Executor: Finished task 0.0 in stage 1.0 (TID 1). 272662 bytes result sent to driver
[2023-05-27T11:08:52.272-0500] {spark_submit.py:490} INFO - 23/05/27 11:08:52 INFO TaskSetManager: Finished task 0.0 in stage 1.0 (TID 1) in 161 ms on sujatas-mbp-2 (executor driver) (1/1)
[2023-05-27T11:08:52.273-0500] {spark_submit.py:490} INFO - 23/05/27 11:08:52 INFO TaskSchedulerImpl: Removed TaskSet 1.0, whose tasks have all completed, from pool
[2023-05-27T11:08:52.273-0500] {spark_submit.py:490} INFO - 23/05/27 11:08:52 INFO DAGScheduler: ResultStage 1 ($anonfun$withThreadLocalCaptured$1 at FutureTask.java:264) finished in 0.171 s
[2023-05-27T11:08:52.274-0500] {spark_submit.py:490} INFO - 23/05/27 11:08:52 INFO DAGScheduler: Job 1 is finished. Cancelling potential speculative or zombie tasks for this job
[2023-05-27T11:08:52.274-0500] {spark_submit.py:490} INFO - 23/05/27 11:08:52 INFO TaskSchedulerImpl: Killing all running tasks in stage 1: Stage finished
[2023-05-27T11:08:52.274-0500] {spark_submit.py:490} INFO - 23/05/27 11:08:52 INFO DAGScheduler: Job 1 finished: $anonfun$withThreadLocalCaptured$1 at FutureTask.java:264, took 0.174072 s
[2023-05-27T11:08:52.292-0500] {spark_submit.py:490} INFO - 23/05/27 11:08:52 INFO CodeGenerator: Code generated in 7.660441 ms
[2023-05-27T11:08:52.312-0500] {spark_submit.py:490} INFO - 23/05/27 11:08:52 INFO MemoryStore: Block broadcast_5 stored as values in memory (estimated size 2.3 MiB, free 431.9 MiB)
[2023-05-27T11:08:52.318-0500] {spark_submit.py:490} INFO - 23/05/27 11:08:52 INFO BlockManagerInfo: Removed broadcast_4_piece0 on sujatas-mbp-2:61191 in memory (size: 7.4 KiB, free: 434.4 MiB)
[2023-05-27T11:08:52.325-0500] {spark_submit.py:490} INFO - 23/05/27 11:08:52 INFO MemoryStore: Block broadcast_5_piece0 stored as bytes in memory (estimated size 364.4 KiB, free 431.6 MiB)
[2023-05-27T11:08:52.326-0500] {spark_submit.py:490} INFO - 23/05/27 11:08:52 INFO BlockManagerInfo: Added broadcast_5_piece0 in memory on sujatas-mbp-2:61191 (size: 364.4 KiB, free: 434.0 MiB)
[2023-05-27T11:08:52.326-0500] {spark_submit.py:490} INFO - 23/05/27 11:08:52 INFO SparkContext: Created broadcast 5 from $anonfun$withThreadLocalCaptured$1 at FutureTask.java:264
[2023-05-27T11:08:52.343-0500] {spark_submit.py:490} INFO - 23/05/27 11:08:52 INFO FileSourceStrategy: Pushed Filters:
[2023-05-27T11:08:52.344-0500] {spark_submit.py:490} INFO - 23/05/27 11:08:52 INFO FileSourceStrategy: Post-Scan Filters:
[2023-05-27T11:08:52.382-0500] {spark_submit.py:490} INFO - 23/05/27 11:08:52 INFO ParquetUtils: Using default output committer for Parquet: org.apache.parquet.hadoop.ParquetOutputCommitter
[2023-05-27T11:08:52.391-0500] {spark_submit.py:490} INFO - 23/05/27 11:08:52 INFO FileOutputCommitter: File Output Committer Algorithm version is 1
[2023-05-27T11:08:52.392-0500] {spark_submit.py:490} INFO - 23/05/27 11:08:52 INFO FileOutputCommitter: FileOutputCommitter skip cleanup _temporary folders under output directory:false, ignore cleanup failures: false
[2023-05-27T11:08:52.392-0500] {spark_submit.py:490} INFO - 23/05/27 11:08:52 INFO SQLHadoopMapReduceCommitProtocol: Using user defined output committer class org.apache.parquet.hadoop.ParquetOutputCommitter
[2023-05-27T11:08:52.392-0500] {spark_submit.py:490} INFO - 23/05/27 11:08:52 INFO FileOutputCommitter: File Output Committer Algorithm version is 1
[2023-05-27T11:08:52.393-0500] {spark_submit.py:490} INFO - 23/05/27 11:08:52 INFO FileOutputCommitter: FileOutputCommitter skip cleanup _temporary folders under output directory:false, ignore cleanup failures: false
[2023-05-27T11:08:52.393-0500] {spark_submit.py:490} INFO - 23/05/27 11:08:52 INFO SQLHadoopMapReduceCommitProtocol: Using output committer class org.apache.parquet.hadoop.ParquetOutputCommitter
[2023-05-27T11:08:52.458-0500] {spark_submit.py:490} INFO - 23/05/27 11:08:52 INFO CodeGenerator: Code generated in 29.591421 ms
[2023-05-27T11:08:52.461-0500] {spark_submit.py:490} INFO - 23/05/27 11:08:52 INFO MemoryStore: Block broadcast_6 stored as values in memory (estimated size 199.2 KiB, free 431.4 MiB)
[2023-05-27T11:08:52.479-0500] {spark_submit.py:490} INFO - 23/05/27 11:08:52 INFO MemoryStore: Block broadcast_6_piece0 stored as bytes in memory (estimated size 34.2 KiB, free 431.3 MiB)
[2023-05-27T11:08:52.480-0500] {spark_submit.py:490} INFO - 23/05/27 11:08:52 INFO BlockManagerInfo: Added broadcast_6_piece0 in memory on sujatas-mbp-2:61191 (size: 34.2 KiB, free: 434.0 MiB)
[2023-05-27T11:08:52.481-0500] {spark_submit.py:490} INFO - 23/05/27 11:08:52 INFO SparkContext: Created broadcast 6 from save at NativeMethodAccessorImpl.java:0
[2023-05-27T11:08:52.482-0500] {spark_submit.py:490} INFO - 23/05/27 11:08:52 INFO FileSourceScanExec: Planning scan with bin packing, max size: 4194304 bytes, open cost is considered as scanning 4194304 bytes.
[2023-05-27T11:08:52.494-0500] {spark_submit.py:490} INFO - 23/05/27 11:08:52 INFO SparkContext: Starting job: save at NativeMethodAccessorImpl.java:0
[2023-05-27T11:08:52.495-0500] {spark_submit.py:490} INFO - 23/05/27 11:08:52 INFO DAGScheduler: Got job 2 (save at NativeMethodAccessorImpl.java:0) with 3 output partitions
[2023-05-27T11:08:52.496-0500] {spark_submit.py:490} INFO - 23/05/27 11:08:52 INFO DAGScheduler: Final stage: ResultStage 2 (save at NativeMethodAccessorImpl.java:0)
[2023-05-27T11:08:52.496-0500] {spark_submit.py:490} INFO - 23/05/27 11:08:52 INFO DAGScheduler: Parents of final stage: List()
[2023-05-27T11:08:52.497-0500] {spark_submit.py:490} INFO - 23/05/27 11:08:52 INFO DAGScheduler: Missing parents: List()
[2023-05-27T11:08:52.497-0500] {spark_submit.py:490} INFO - 23/05/27 11:08:52 INFO DAGScheduler: Submitting ResultStage 2 (MapPartitionsRDD[17] at save at NativeMethodAccessorImpl.java:0), which has no missing parents
[2023-05-27T11:08:52.535-0500] {spark_submit.py:490} INFO - 23/05/27 11:08:52 INFO MemoryStore: Block broadcast_7 stored as values in memory (estimated size 221.1 KiB, free 431.1 MiB)
[2023-05-27T11:08:52.539-0500] {spark_submit.py:490} INFO - 23/05/27 11:08:52 INFO MemoryStore: Block broadcast_7_piece0 stored as bytes in memory (estimated size 79.6 KiB, free 431.0 MiB)
[2023-05-27T11:08:52.539-0500] {spark_submit.py:490} INFO - 23/05/27 11:08:52 INFO BlockManagerInfo: Added broadcast_7_piece0 in memory on sujatas-mbp-2:61191 (size: 79.6 KiB, free: 433.9 MiB)
[2023-05-27T11:08:52.540-0500] {spark_submit.py:490} INFO - 23/05/27 11:08:52 INFO SparkContext: Created broadcast 7 from broadcast at DAGScheduler.scala:1535
[2023-05-27T11:08:52.541-0500] {spark_submit.py:490} INFO - 23/05/27 11:08:52 INFO DAGScheduler: Submitting 3 missing tasks from ResultStage 2 (MapPartitionsRDD[17] at save at NativeMethodAccessorImpl.java:0) (first 15 tasks are for partitions Vector(0, 1, 2))
[2023-05-27T11:08:52.541-0500] {spark_submit.py:490} INFO - 23/05/27 11:08:52 INFO TaskSchedulerImpl: Adding task set 2.0 with 3 tasks resource profile 0
[2023-05-27T11:08:52.542-0500] {spark_submit.py:490} INFO - 23/05/27 11:08:52 INFO TaskSetManager: Starting task 0.0 in stage 2.0 (TID 2) (sujatas-mbp-2, executor driver, partition 0, PROCESS_LOCAL, 7938 bytes)
[2023-05-27T11:08:52.542-0500] {spark_submit.py:490} INFO - 23/05/27 11:08:52 INFO TaskSetManager: Starting task 1.0 in stage 2.0 (TID 3) (sujatas-mbp-2, executor driver, partition 1, PROCESS_LOCAL, 7938 bytes)
[2023-05-27T11:08:52.543-0500] {spark_submit.py:490} INFO - 23/05/27 11:08:52 INFO TaskSetManager: Starting task 2.0 in stage 2.0 (TID 4) (sujatas-mbp-2, executor driver, partition 2, PROCESS_LOCAL, 7938 bytes)
[2023-05-27T11:08:52.543-0500] {spark_submit.py:490} INFO - 23/05/27 11:08:52 INFO Executor: Running task 0.0 in stage 2.0 (TID 2)
[2023-05-27T11:08:52.544-0500] {spark_submit.py:490} INFO - 23/05/27 11:08:52 INFO Executor: Running task 1.0 in stage 2.0 (TID 3)
[2023-05-27T11:08:52.544-0500] {spark_submit.py:490} INFO - 23/05/27 11:08:52 INFO Executor: Running task 2.0 in stage 2.0 (TID 4)
[2023-05-27T11:08:52.592-0500] {spark_submit.py:490} INFO - 23/05/27 11:08:52 INFO FileOutputCommitter: File Output Committer Algorithm version is 1
[2023-05-27T11:08:52.593-0500] {spark_submit.py:490} INFO - 23/05/27 11:08:52 INFO FileOutputCommitter: FileOutputCommitter skip cleanup _temporary folders under output directory:false, ignore cleanup failures: false
[2023-05-27T11:08:52.593-0500] {spark_submit.py:490} INFO - 23/05/27 11:08:52 INFO FileOutputCommitter: File Output Committer Algorithm version is 1
[2023-05-27T11:08:52.593-0500] {spark_submit.py:490} INFO - 23/05/27 11:08:52 INFO FileOutputCommitter: File Output Committer Algorithm version is 1
[2023-05-27T11:08:52.594-0500] {spark_submit.py:490} INFO - 23/05/27 11:08:52 INFO FileOutputCommitter: FileOutputCommitter skip cleanup _temporary folders under output directory:false, ignore cleanup failures: false
[2023-05-27T11:08:52.594-0500] {spark_submit.py:490} INFO - 23/05/27 11:08:52 INFO FileOutputCommitter: FileOutputCommitter skip cleanup _temporary folders under output directory:false, ignore cleanup failures: false
[2023-05-27T11:08:52.594-0500] {spark_submit.py:490} INFO - 23/05/27 11:08:52 INFO SQLHadoopMapReduceCommitProtocol: Using user defined output committer class org.apache.parquet.hadoop.ParquetOutputCommitter
[2023-05-27T11:08:52.594-0500] {spark_submit.py:490} INFO - 23/05/27 11:08:52 INFO SQLHadoopMapReduceCommitProtocol: Using user defined output committer class org.apache.parquet.hadoop.ParquetOutputCommitter
[2023-05-27T11:08:52.595-0500] {spark_submit.py:490} INFO - 23/05/27 11:08:52 INFO SQLHadoopMapReduceCommitProtocol: Using user defined output committer class org.apache.parquet.hadoop.ParquetOutputCommitter
[2023-05-27T11:08:52.595-0500] {spark_submit.py:490} INFO - 23/05/27 11:08:52 INFO FileOutputCommitter: File Output Committer Algorithm version is 1
[2023-05-27T11:08:52.595-0500] {spark_submit.py:490} INFO - 23/05/27 11:08:52 INFO FileOutputCommitter: File Output Committer Algorithm version is 1
[2023-05-27T11:08:52.596-0500] {spark_submit.py:490} INFO - 23/05/27 11:08:52 INFO FileOutputCommitter: File Output Committer Algorithm version is 1
[2023-05-27T11:08:52.596-0500] {spark_submit.py:490} INFO - 23/05/27 11:08:52 INFO FileOutputCommitter: FileOutputCommitter skip cleanup _temporary folders under output directory:false, ignore cleanup failures: false
[2023-05-27T11:08:52.596-0500] {spark_submit.py:490} INFO - 23/05/27 11:08:52 INFO FileOutputCommitter: FileOutputCommitter skip cleanup _temporary folders under output directory:false, ignore cleanup failures: false
[2023-05-27T11:08:52.596-0500] {spark_submit.py:490} INFO - 23/05/27 11:08:52 INFO FileOutputCommitter: FileOutputCommitter skip cleanup _temporary folders under output directory:false, ignore cleanup failures: false
[2023-05-27T11:08:52.597-0500] {spark_submit.py:490} INFO - 23/05/27 11:08:52 INFO SQLHadoopMapReduceCommitProtocol: Using output committer class org.apache.parquet.hadoop.ParquetOutputCommitter
[2023-05-27T11:08:52.597-0500] {spark_submit.py:490} INFO - 23/05/27 11:08:52 INFO SQLHadoopMapReduceCommitProtocol: Using output committer class org.apache.parquet.hadoop.ParquetOutputCommitter
[2023-05-27T11:08:52.597-0500] {spark_submit.py:490} INFO - 23/05/27 11:08:52 INFO SQLHadoopMapReduceCommitProtocol: Using output committer class org.apache.parquet.hadoop.ParquetOutputCommitter
[2023-05-27T11:08:52.597-0500] {spark_submit.py:490} INFO - 23/05/27 11:08:52 INFO FileScanRDD: Reading File path: file:///Users/sujatabaral/airflow/stock-data/etfs/AADR.csv, range: 0-254608, partition values: [empty row]
[2023-05-27T11:08:52.598-0500] {spark_submit.py:490} INFO - 23/05/27 11:08:52 INFO FileScanRDD: Reading File path: file:///Users/sujatabaral/airflow/stock-data/etfs/AAAU.csv, range: 0-44459, partition values: [empty row]
[2023-05-27T11:08:52.598-0500] {spark_submit.py:490} INFO - 23/05/27 11:08:52 INFO CodecConfig: Compression: SNAPPY
[2023-05-27T11:08:52.599-0500] {spark_submit.py:490} INFO - 23/05/27 11:08:52 INFO CodecConfig: Compression: SNAPPY
[2023-05-27T11:08:52.609-0500] {spark_submit.py:490} INFO - 23/05/27 11:08:52 INFO CodeGenerator: Code generated in 8.94818 ms
[2023-05-27T11:08:52.610-0500] {spark_submit.py:490} INFO - 23/05/27 11:08:52 INFO ParquetOutputFormat: ParquetRecordWriter [block size: 134217728b, row group padding size: 8388608b, validating: false]
[2023-05-27T11:08:52.621-0500] {spark_submit.py:490} INFO - 23/05/27 11:08:52 INFO CodecConfig: Compression: SNAPPY
[2023-05-27T11:08:52.622-0500] {spark_submit.py:490} INFO - 23/05/27 11:08:52 INFO CodecConfig: Compression: SNAPPY
[2023-05-27T11:08:52.622-0500] {spark_submit.py:490} INFO - 23/05/27 11:08:52 INFO CodecConfig: Compression: SNAPPY
[2023-05-27T11:08:52.623-0500] {spark_submit.py:490} INFO - 23/05/27 11:08:52 INFO CodecConfig: Compression: SNAPPY
[2023-05-27T11:08:52.624-0500] {spark_submit.py:490} INFO - 23/05/27 11:08:52 INFO ParquetOutputFormat: ParquetRecordWriter [block size: 134217728b, row group padding size: 8388608b, validating: false]
[2023-05-27T11:08:52.624-0500] {spark_submit.py:490} INFO - 23/05/27 11:08:52 INFO ParquetOutputFormat: ParquetRecordWriter [block size: 134217728b, row group padding size: 8388608b, validating: false]
[2023-05-27T11:08:52.632-0500] {spark_submit.py:490} INFO - 23/05/27 11:08:52 INFO ParquetWriteSupport: Initialized Parquet WriteSupport with Catalyst schema:
[2023-05-27T11:08:52.633-0500] {spark_submit.py:490} INFO - {
[2023-05-27T11:08:52.633-0500] {spark_submit.py:490} INFO - "type" : "struct",
[2023-05-27T11:08:52.634-0500] {spark_submit.py:490} INFO - "fields" : [ {
[2023-05-27T11:08:52.634-0500] {spark_submit.py:490} INFO - "name" : "Date",
[2023-05-27T11:08:52.634-0500] {spark_submit.py:490} INFO - "type" : "string",
[2023-05-27T11:08:52.635-0500] {spark_submit.py:490} INFO - "nullable" : true,
[2023-05-27T11:08:52.635-0500] {spark_submit.py:490} INFO - "metadata" : { }
[2023-05-27T11:08:52.636-0500] {spark_submit.py:490} INFO - }, {
[2023-05-27T11:08:52.636-0500] {spark_submit.py:490} INFO - "name" : "Open",
[2023-05-27T11:08:52.636-0500] {spark_submit.py:490} INFO - "type" : "float",
[2023-05-27T11:08:52.637-0500] {spark_submit.py:490} INFO - "nullable" : true,
[2023-05-27T11:08:52.637-0500] {spark_submit.py:490} INFO - "metadata" : { }
[2023-05-27T11:08:52.637-0500] {spark_submit.py:490} INFO - }, {
[2023-05-27T11:08:52.637-0500] {spark_submit.py:490} INFO - "name" : "High",
[2023-05-27T11:08:52.638-0500] {spark_submit.py:490} INFO - "type" : "float",
[2023-05-27T11:08:52.638-0500] {spark_submit.py:490} INFO - "nullable" : true,
[2023-05-27T11:08:52.638-0500] {spark_submit.py:490} INFO - "metadata" : { }
[2023-05-27T11:08:52.639-0500] {spark_submit.py:490} INFO - }, {
[2023-05-27T11:08:52.639-0500] {spark_submit.py:490} INFO - "name" : "Low",
[2023-05-27T11:08:52.640-0500] {spark_submit.py:490} INFO - "type" : "float",
[2023-05-27T11:08:52.640-0500] {spark_submit.py:490} INFO - "nullable" : true,
[2023-05-27T11:08:52.640-0500] {spark_submit.py:490} INFO - "metadata" : { }
[2023-05-27T11:08:52.641-0500] {spark_submit.py:490} INFO - }, {
[2023-05-27T11:08:52.641-0500] {spark_submit.py:490} INFO - "name" : "Close",
[2023-05-27T11:08:52.642-0500] {spark_submit.py:490} INFO - "type" : "float",
[2023-05-27T11:08:52.642-0500] {spark_submit.py:490} INFO - "nullable" : true,
[2023-05-27T11:08:52.643-0500] {spark_submit.py:490} INFO - "metadata" : { }
[2023-05-27T11:08:52.643-0500] {spark_submit.py:490} INFO - }, {
[2023-05-27T11:08:52.644-0500] {spark_submit.py:490} INFO - "name" : "AdjClose",
[2023-05-27T11:08:52.644-0500] {spark_submit.py:490} INFO - "type" : "float",
[2023-05-27T11:08:52.645-0500] {spark_submit.py:490} INFO - "nullable" : true,
[2023-05-27T11:08:52.645-0500] {spark_submit.py:490} INFO - "metadata" : { }
[2023-05-27T11:08:52.646-0500] {spark_submit.py:490} INFO - }, {
[2023-05-27T11:08:52.646-0500] {spark_submit.py:490} INFO - "name" : "Volume",
[2023-05-27T11:08:52.647-0500] {spark_submit.py:490} INFO - "type" : "integer",
[2023-05-27T11:08:52.647-0500] {spark_submit.py:490} INFO - "nullable" : true,
[2023-05-27T11:08:52.648-0500] {spark_submit.py:490} INFO - "metadata" : { }
[2023-05-27T11:08:52.648-0500] {spark_submit.py:490} INFO - }, {
[2023-05-27T11:08:52.648-0500] {spark_submit.py:490} INFO - "name" : "Symbol",
[2023-05-27T11:08:52.649-0500] {spark_submit.py:490} INFO - "type" : "string",
[2023-05-27T11:08:52.649-0500] {spark_submit.py:490} INFO - "nullable" : true,
[2023-05-27T11:08:52.649-0500] {spark_submit.py:490} INFO - "metadata" : { }
[2023-05-27T11:08:52.650-0500] {spark_submit.py:490} INFO - }, {
[2023-05-27T11:08:52.650-0500] {spark_submit.py:490} INFO - "name" : "Security Name",
[2023-05-27T11:08:52.651-0500] {spark_submit.py:490} INFO - "type" : "string",
[2023-05-27T11:08:52.651-0500] {spark_submit.py:490} INFO - "nullable" : true,
[2023-05-27T11:08:52.652-0500] {spark_submit.py:490} INFO - "metadata" : { }
[2023-05-27T11:08:52.652-0500] {spark_submit.py:490} INFO - } ]
[2023-05-27T11:08:52.653-0500] {spark_submit.py:490} INFO - }
[2023-05-27T11:08:52.653-0500] {spark_submit.py:490} INFO - and corresponding Parquet message type:
[2023-05-27T11:08:52.653-0500] {spark_submit.py:490} INFO - message spark_schema {
[2023-05-27T11:08:52.654-0500] {spark_submit.py:490} INFO - optional binary Date (STRING);
[2023-05-27T11:08:52.654-0500] {spark_submit.py:490} INFO - optional float Open;
[2023-05-27T11:08:52.655-0500] {spark_submit.py:490} INFO - optional float High;
[2023-05-27T11:08:52.655-0500] {spark_submit.py:490} INFO - optional float Low;
[2023-05-27T11:08:52.656-0500] {spark_submit.py:490} INFO - optional float Close;
[2023-05-27T11:08:52.656-0500] {spark_submit.py:490} INFO - optional float AdjClose;
[2023-05-27T11:08:52.657-0500] {spark_submit.py:490} INFO - optional int32 Volume;
[2023-05-27T11:08:52.657-0500] {spark_submit.py:490} INFO - optional binary Symbol (STRING);
[2023-05-27T11:08:52.658-0500] {spark_submit.py:490} INFO - optional binary Security Name (STRING);
[2023-05-27T11:08:52.658-0500] {spark_submit.py:490} INFO - }
[2023-05-27T11:08:52.659-0500] {spark_submit.py:490} INFO - 
[2023-05-27T11:08:52.659-0500] {spark_submit.py:490} INFO - 
[2023-05-27T11:08:52.659-0500] {spark_submit.py:490} INFO - 23/05/27 11:08:52 INFO ParquetWriteSupport: Initialized Parquet WriteSupport with Catalyst schema:
[2023-05-27T11:08:52.660-0500] {spark_submit.py:490} INFO - {
[2023-05-27T11:08:52.660-0500] {spark_submit.py:490} INFO - "type" : "struct",
[2023-05-27T11:08:52.660-0500] {spark_submit.py:490} INFO - "fields" : [ {
[2023-05-27T11:08:52.661-0500] {spark_submit.py:490} INFO - "name" : "Date",
[2023-05-27T11:08:52.661-0500] {spark_submit.py:490} INFO - "type" : "string",
[2023-05-27T11:08:52.661-0500] {spark_submit.py:490} INFO - "nullable" : true,
[2023-05-27T11:08:52.661-0500] {spark_submit.py:490} INFO - "metadata" : { }
[2023-05-27T11:08:52.662-0500] {spark_submit.py:490} INFO - }, {
[2023-05-27T11:08:52.662-0500] {spark_submit.py:490} INFO - "name" : "Open",
[2023-05-27T11:08:52.662-0500] {spark_submit.py:490} INFO - "type" : "float",
[2023-05-27T11:08:52.663-0500] {spark_submit.py:490} INFO - "nullable" : true,
[2023-05-27T11:08:52.663-0500] {spark_submit.py:490} INFO - "metadata" : { }
[2023-05-27T11:08:52.663-0500] {spark_submit.py:490} INFO - }, {
[2023-05-27T11:08:52.663-0500] {spark_submit.py:490} INFO - "name" : "High",
[2023-05-27T11:08:52.664-0500] {spark_submit.py:490} INFO - "type" : "float",
[2023-05-27T11:08:52.664-0500] {spark_submit.py:490} INFO - "nullable" : true,
[2023-05-27T11:08:52.664-0500] {spark_submit.py:490} INFO - "metadata" : { }
[2023-05-27T11:08:52.665-0500] {spark_submit.py:490} INFO - }, {
[2023-05-27T11:08:52.665-0500] {spark_submit.py:490} INFO - "name" : "Low",
[2023-05-27T11:08:52.665-0500] {spark_submit.py:490} INFO - "type" : "float",
[2023-05-27T11:08:52.665-0500] {spark_submit.py:490} INFO - "nullable" : true,
[2023-05-27T11:08:52.666-0500] {spark_submit.py:490} INFO - "metadata" : { }
[2023-05-27T11:08:52.666-0500] {spark_submit.py:490} INFO - }, {
[2023-05-27T11:08:52.666-0500] {spark_submit.py:490} INFO - "name" : "Close",
[2023-05-27T11:08:52.667-0500] {spark_submit.py:490} INFO - "type" : "float",
[2023-05-27T11:08:52.667-0500] {spark_submit.py:490} INFO - "nullable" : true,
[2023-05-27T11:08:52.667-0500] {spark_submit.py:490} INFO - "metadata" : { }
[2023-05-27T11:08:52.667-0500] {spark_submit.py:490} INFO - }, {
[2023-05-27T11:08:52.668-0500] {spark_submit.py:490} INFO - "name" : "AdjClose",
[2023-05-27T11:08:52.668-0500] {spark_submit.py:490} INFO - "type" : "float",
[2023-05-27T11:08:52.668-0500] {spark_submit.py:490} INFO - "nullable" : true,
[2023-05-27T11:08:52.669-0500] {spark_submit.py:490} INFO - "metadata" : { }
[2023-05-27T11:08:52.669-0500] {spark_submit.py:490} INFO - }, {
[2023-05-27T11:08:52.669-0500] {spark_submit.py:490} INFO - "name" : "Volume",
[2023-05-27T11:08:52.669-0500] {spark_submit.py:490} INFO - "type" : "integer",
[2023-05-27T11:08:52.670-0500] {spark_submit.py:490} INFO - "nullable" : true,
[2023-05-27T11:08:52.670-0500] {spark_submit.py:490} INFO - "metadata" : { }
[2023-05-27T11:08:52.670-0500] {spark_submit.py:490} INFO - }, {
[2023-05-27T11:08:52.671-0500] {spark_submit.py:490} INFO - "name" : "Symbol",
[2023-05-27T11:08:52.671-0500] {spark_submit.py:490} INFO - "type" : "string",
[2023-05-27T11:08:52.671-0500] {spark_submit.py:490} INFO - "nullable" : true,
[2023-05-27T11:08:52.671-0500] {spark_submit.py:490} INFO - "metadata" : { }
[2023-05-27T11:08:52.672-0500] {spark_submit.py:490} INFO - }, {
[2023-05-27T11:08:52.672-0500] {spark_submit.py:490} INFO - "name" : "Security Name",
[2023-05-27T11:08:52.672-0500] {spark_submit.py:490} INFO - "type" : "string",
[2023-05-27T11:08:52.672-0500] {spark_submit.py:490} INFO - "nullable" : true,
[2023-05-27T11:08:52.673-0500] {spark_submit.py:490} INFO - "metadata" : { }
[2023-05-27T11:08:52.673-0500] {spark_submit.py:490} INFO - } ]
[2023-05-27T11:08:52.673-0500] {spark_submit.py:490} INFO - }
[2023-05-27T11:08:52.674-0500] {spark_submit.py:490} INFO - and corresponding Parquet message type:
[2023-05-27T11:08:52.674-0500] {spark_submit.py:490} INFO - message spark_schema {
[2023-05-27T11:08:52.674-0500] {spark_submit.py:490} INFO - optional binary Date (STRING);
[2023-05-27T11:08:52.674-0500] {spark_submit.py:490} INFO - optional float Open;
[2023-05-27T11:08:52.675-0500] {spark_submit.py:490} INFO - optional float High;
[2023-05-27T11:08:52.675-0500] {spark_submit.py:490} INFO - optional float Low;
[2023-05-27T11:08:52.675-0500] {spark_submit.py:490} INFO - optional float Close;
[2023-05-27T11:08:52.676-0500] {spark_submit.py:490} INFO - optional float AdjClose;
[2023-05-27T11:08:52.676-0500] {spark_submit.py:490} INFO - optional int32 Volume;
[2023-05-27T11:08:52.676-0500] {spark_submit.py:490} INFO - optional binary Symbol (STRING);
[2023-05-27T11:08:52.676-0500] {spark_submit.py:490} INFO - optional binary Security Name (STRING);
[2023-05-27T11:08:52.677-0500] {spark_submit.py:490} INFO - }
[2023-05-27T11:08:52.677-0500] {spark_submit.py:490} INFO - 
[2023-05-27T11:08:52.677-0500] {spark_submit.py:490} INFO - 
[2023-05-27T11:08:52.678-0500] {spark_submit.py:490} INFO - 23/05/27 11:08:52 INFO ParquetWriteSupport: Initialized Parquet WriteSupport with Catalyst schema:
[2023-05-27T11:08:52.678-0500] {spark_submit.py:490} INFO - {
[2023-05-27T11:08:52.678-0500] {spark_submit.py:490} INFO - "type" : "struct",
[2023-05-27T11:08:52.679-0500] {spark_submit.py:490} INFO - "fields" : [ {
[2023-05-27T11:08:52.679-0500] {spark_submit.py:490} INFO - "name" : "Date",
[2023-05-27T11:08:52.680-0500] {spark_submit.py:490} INFO - "type" : "string",
[2023-05-27T11:08:52.680-0500] {spark_submit.py:490} INFO - "nullable" : true,
[2023-05-27T11:08:52.680-0500] {spark_submit.py:490} INFO - "metadata" : { }
[2023-05-27T11:08:52.681-0500] {spark_submit.py:490} INFO - }, {
[2023-05-27T11:08:52.681-0500] {spark_submit.py:490} INFO - "name" : "Open",
[2023-05-27T11:08:52.681-0500] {spark_submit.py:490} INFO - "type" : "float",
[2023-05-27T11:08:52.682-0500] {spark_submit.py:490} INFO - "nullable" : true,
[2023-05-27T11:08:52.682-0500] {spark_submit.py:490} INFO - "metadata" : { }
[2023-05-27T11:08:52.682-0500] {spark_submit.py:490} INFO - }, {
[2023-05-27T11:08:52.682-0500] {spark_submit.py:490} INFO - "name" : "High",
[2023-05-27T11:08:52.683-0500] {spark_submit.py:490} INFO - "type" : "float",
[2023-05-27T11:08:52.683-0500] {spark_submit.py:490} INFO - "nullable" : true,
[2023-05-27T11:08:52.683-0500] {spark_submit.py:490} INFO - "metadata" : { }
[2023-05-27T11:08:52.684-0500] {spark_submit.py:490} INFO - }, {
[2023-05-27T11:08:52.684-0500] {spark_submit.py:490} INFO - "name" : "Low",
[2023-05-27T11:08:52.684-0500] {spark_submit.py:490} INFO - "type" : "float",
[2023-05-27T11:08:52.685-0500] {spark_submit.py:490} INFO - "nullable" : true,
[2023-05-27T11:08:52.685-0500] {spark_submit.py:490} INFO - "metadata" : { }
[2023-05-27T11:08:52.685-0500] {spark_submit.py:490} INFO - }, {
[2023-05-27T11:08:52.685-0500] {spark_submit.py:490} INFO - "name" : "Close",
[2023-05-27T11:08:52.686-0500] {spark_submit.py:490} INFO - "type" : "float",
[2023-05-27T11:08:52.686-0500] {spark_submit.py:490} INFO - "nullable" : true,
[2023-05-27T11:08:52.686-0500] {spark_submit.py:490} INFO - "metadata" : { }
[2023-05-27T11:08:52.687-0500] {spark_submit.py:490} INFO - }, {
[2023-05-27T11:08:52.687-0500] {spark_submit.py:490} INFO - "name" : "AdjClose",
[2023-05-27T11:08:52.687-0500] {spark_submit.py:490} INFO - "type" : "float",
[2023-05-27T11:08:52.687-0500] {spark_submit.py:490} INFO - "nullable" : true,
[2023-05-27T11:08:52.688-0500] {spark_submit.py:490} INFO - "metadata" : { }
[2023-05-27T11:08:52.688-0500] {spark_submit.py:490} INFO - }, {
[2023-05-27T11:08:52.688-0500] {spark_submit.py:490} INFO - "name" : "Volume",
[2023-05-27T11:08:52.689-0500] {spark_submit.py:490} INFO - "type" : "integer",
[2023-05-27T11:08:52.689-0500] {spark_submit.py:490} INFO - "nullable" : true,
[2023-05-27T11:08:52.689-0500] {spark_submit.py:490} INFO - "metadata" : { }
[2023-05-27T11:08:52.689-0500] {spark_submit.py:490} INFO - }, {
[2023-05-27T11:08:52.690-0500] {spark_submit.py:490} INFO - "name" : "Symbol",
[2023-05-27T11:08:52.690-0500] {spark_submit.py:490} INFO - "type" : "string",
[2023-05-27T11:08:52.690-0500] {spark_submit.py:490} INFO - "nullable" : true,
[2023-05-27T11:08:52.690-0500] {spark_submit.py:490} INFO - "metadata" : { }
[2023-05-27T11:08:52.691-0500] {spark_submit.py:490} INFO - }, {
[2023-05-27T11:08:52.691-0500] {spark_submit.py:490} INFO - "name" : "Security Name",
[2023-05-27T11:08:52.691-0500] {spark_submit.py:490} INFO - "type" : "string",
[2023-05-27T11:08:52.692-0500] {spark_submit.py:490} INFO - "nullable" : true,
[2023-05-27T11:08:52.692-0500] {spark_submit.py:490} INFO - "metadata" : { }
[2023-05-27T11:08:52.692-0500] {spark_submit.py:490} INFO - } ]
[2023-05-27T11:08:52.692-0500] {spark_submit.py:490} INFO - }
[2023-05-27T11:08:52.693-0500] {spark_submit.py:490} INFO - and corresponding Parquet message type:
[2023-05-27T11:08:52.693-0500] {spark_submit.py:490} INFO - message spark_schema {
[2023-05-27T11:08:52.693-0500] {spark_submit.py:490} INFO - optional binary Date (STRING);
[2023-05-27T11:08:52.694-0500] {spark_submit.py:490} INFO - optional float Open;
[2023-05-27T11:08:52.694-0500] {spark_submit.py:490} INFO - optional float High;
[2023-05-27T11:08:52.694-0500] {spark_submit.py:490} INFO - optional float Low;
[2023-05-27T11:08:52.694-0500] {spark_submit.py:490} INFO - optional float Close;
[2023-05-27T11:08:52.695-0500] {spark_submit.py:490} INFO - optional float AdjClose;
[2023-05-27T11:08:52.695-0500] {spark_submit.py:490} INFO - optional int32 Volume;
[2023-05-27T11:08:52.695-0500] {spark_submit.py:490} INFO - optional binary Symbol (STRING);
[2023-05-27T11:08:52.696-0500] {spark_submit.py:490} INFO - optional binary Security Name (STRING);
[2023-05-27T11:08:52.696-0500] {spark_submit.py:490} INFO - }
[2023-05-27T11:08:52.696-0500] {spark_submit.py:490} INFO - 
[2023-05-27T11:08:52.696-0500] {spark_submit.py:490} INFO - 
[2023-05-27T11:08:52.697-0500] {spark_submit.py:490} INFO - 23/05/27 11:08:52 INFO CodecPool: Got brand-new compressor [.snappy]
[2023-05-27T11:08:52.697-0500] {spark_submit.py:490} INFO - 23/05/27 11:08:52 INFO CodecPool: Got brand-new compressor [.snappy]
[2023-05-27T11:08:52.697-0500] {spark_submit.py:490} INFO - 23/05/27 11:08:52 INFO CodecPool: Got brand-new compressor [.snappy]
[2023-05-27T11:08:52.824-0500] {spark_submit.py:490} INFO - 23/05/27 11:08:52 INFO FileScanRDD: Reading File path: file:///Users/sujatabaral/airflow/stock-data/etfs/AAXJ.csv, range: 0-311558, partition values: [empty row]
[2023-05-27T11:08:53.129-0500] {spark_submit.py:490} INFO - 23/05/27 11:08:53 INFO FileOutputCommitter: Saved output of task 'attempt_202305271108529167582366458056872_0002_m_000000_2' to file:/Users/sujatabaral/airflow/etf-data-out/landing_etfs.parquet/_temporary/0/task_202305271108529167582366458056872_0002_m_000000
[2023-05-27T11:08:53.130-0500] {spark_submit.py:490} INFO - 23/05/27 11:08:53 INFO FileOutputCommitter: Saved output of task 'attempt_202305271108529167582366458056872_0002_m_000001_3' to file:/Users/sujatabaral/airflow/etf-data-out/landing_etfs.parquet/_temporary/0/task_202305271108529167582366458056872_0002_m_000001
[2023-05-27T11:08:53.130-0500] {spark_submit.py:490} INFO - 23/05/27 11:08:53 INFO FileOutputCommitter: Saved output of task 'attempt_202305271108529167582366458056872_0002_m_000002_4' to file:/Users/sujatabaral/airflow/etf-data-out/landing_etfs.parquet/_temporary/0/task_202305271108529167582366458056872_0002_m_000002
[2023-05-27T11:08:53.130-0500] {spark_submit.py:490} INFO - 23/05/27 11:08:53 INFO SparkHadoopMapRedUtil: attempt_202305271108529167582366458056872_0002_m_000002_4: Committed. Elapsed time: 2 ms.
[2023-05-27T11:08:53.131-0500] {spark_submit.py:490} INFO - 23/05/27 11:08:53 INFO SparkHadoopMapRedUtil: attempt_202305271108529167582366458056872_0002_m_000000_2: Committed. Elapsed time: 1 ms.
[2023-05-27T11:08:53.131-0500] {spark_submit.py:490} INFO - 23/05/27 11:08:53 INFO SparkHadoopMapRedUtil: attempt_202305271108529167582366458056872_0002_m_000001_3: Committed. Elapsed time: 2 ms.
[2023-05-27T11:08:53.143-0500] {spark_submit.py:490} INFO - 23/05/27 11:08:53 INFO Executor: Finished task 2.0 in stage 2.0 (TID 4). 2712 bytes result sent to driver
[2023-05-27T11:08:53.144-0500] {spark_submit.py:490} INFO - 23/05/27 11:08:53 INFO Executor: Finished task 0.0 in stage 2.0 (TID 2). 2712 bytes result sent to driver
[2023-05-27T11:08:53.145-0500] {spark_submit.py:490} INFO - 23/05/27 11:08:53 INFO Executor: Finished task 1.0 in stage 2.0 (TID 3). 2712 bytes result sent to driver
[2023-05-27T11:08:53.145-0500] {spark_submit.py:490} INFO - 23/05/27 11:08:53 INFO TaskSetManager: Finished task 0.0 in stage 2.0 (TID 2) in 603 ms on sujatas-mbp-2 (executor driver) (1/3)
[2023-05-27T11:08:53.145-0500] {spark_submit.py:490} INFO - 23/05/27 11:08:53 INFO TaskSetManager: Finished task 1.0 in stage 2.0 (TID 3) in 603 ms on sujatas-mbp-2 (executor driver) (2/3)
[2023-05-27T11:08:53.146-0500] {spark_submit.py:490} INFO - 23/05/27 11:08:53 INFO TaskSetManager: Finished task 2.0 in stage 2.0 (TID 4) in 602 ms on sujatas-mbp-2 (executor driver) (3/3)
[2023-05-27T11:08:53.146-0500] {spark_submit.py:490} INFO - 23/05/27 11:08:53 INFO TaskSchedulerImpl: Removed TaskSet 2.0, whose tasks have all completed, from pool
[2023-05-27T11:08:53.147-0500] {spark_submit.py:490} INFO - 23/05/27 11:08:53 INFO DAGScheduler: ResultStage 2 (save at NativeMethodAccessorImpl.java:0) finished in 0.650 s
[2023-05-27T11:08:53.148-0500] {spark_submit.py:490} INFO - 23/05/27 11:08:53 INFO DAGScheduler: Job 2 is finished. Cancelling potential speculative or zombie tasks for this job
[2023-05-27T11:08:53.149-0500] {spark_submit.py:490} INFO - 23/05/27 11:08:53 INFO TaskSchedulerImpl: Killing all running tasks in stage 2: Stage finished
[2023-05-27T11:08:53.149-0500] {spark_submit.py:490} INFO - 23/05/27 11:08:53 INFO DAGScheduler: Job 2 finished: save at NativeMethodAccessorImpl.java:0, took 0.653287 s
[2023-05-27T11:08:53.149-0500] {spark_submit.py:490} INFO - 23/05/27 11:08:53 INFO FileFormatWriter: Start to commit write Job 78500918-572a-4528-b87b-c33315f80239.
[2023-05-27T11:08:53.176-0500] {spark_submit.py:490} INFO - 23/05/27 11:08:53 INFO FileFormatWriter: Write Job 78500918-572a-4528-b87b-c33315f80239 committed. Elapsed time: 23 ms.
[2023-05-27T11:08:53.179-0500] {spark_submit.py:490} INFO - 23/05/27 11:08:53 INFO FileFormatWriter: Finished processing stats for write job 78500918-572a-4528-b87b-c33315f80239.
[2023-05-27T11:08:53.219-0500] {spark_submit.py:490} INFO - 23/05/27 11:08:53 INFO SparkContext: Invoking stop() from shutdown hook
[2023-05-27T11:08:53.220-0500] {spark_submit.py:490} INFO - 23/05/27 11:08:53 INFO SparkContext: SparkContext is stopping with exitCode 0.
[2023-05-27T11:08:53.228-0500] {spark_submit.py:490} INFO - 23/05/27 11:08:53 INFO SparkUI: Stopped Spark web UI at http://sujatas-mbp-2:4041
[2023-05-27T11:08:53.236-0500] {spark_submit.py:490} INFO - 23/05/27 11:08:53 INFO MapOutputTrackerMasterEndpoint: MapOutputTrackerMasterEndpoint stopped!
[2023-05-27T11:08:53.248-0500] {spark_submit.py:490} INFO - 23/05/27 11:08:53 INFO MemoryStore: MemoryStore cleared
[2023-05-27T11:08:53.248-0500] {spark_submit.py:490} INFO - 23/05/27 11:08:53 INFO BlockManager: BlockManager stopped
[2023-05-27T11:08:53.250-0500] {spark_submit.py:490} INFO - 23/05/27 11:08:53 INFO BlockManagerMaster: BlockManagerMaster stopped
[2023-05-27T11:08:53.252-0500] {spark_submit.py:490} INFO - 23/05/27 11:08:53 INFO OutputCommitCoordinator$OutputCommitCoordinatorEndpoint: OutputCommitCoordinator stopped!
[2023-05-27T11:08:53.259-0500] {spark_submit.py:490} INFO - 23/05/27 11:08:53 INFO SparkContext: Successfully stopped SparkContext
[2023-05-27T11:08:53.259-0500] {spark_submit.py:490} INFO - 23/05/27 11:08:53 INFO ShutdownHookManager: Shutdown hook called
[2023-05-27T11:08:53.259-0500] {spark_submit.py:490} INFO - 23/05/27 11:08:53 INFO ShutdownHookManager: Deleting directory /private/var/folders/rj/4j_wg7hj631gk16sz5z2gtzc0000gn/T/spark-6e596b6d-86c7-440b-95ed-25b70381c657/pyspark-eb1fa386-2215-47d2-a7d7-862e134bd869
[2023-05-27T11:08:53.263-0500] {spark_submit.py:490} INFO - 23/05/27 11:08:53 INFO ShutdownHookManager: Deleting directory /private/var/folders/rj/4j_wg7hj631gk16sz5z2gtzc0000gn/T/spark-5a5255ad-80d1-4059-9455-59b1b96bdae0
[2023-05-27T11:08:53.268-0500] {spark_submit.py:490} INFO - 23/05/27 11:08:53 INFO ShutdownHookManager: Deleting directory /private/var/folders/rj/4j_wg7hj631gk16sz5z2gtzc0000gn/T/spark-6e596b6d-86c7-440b-95ed-25b70381c657
[2023-05-27T11:08:53.331-0500] {taskinstance.py:1345} INFO - Marking task as SUCCESS. dag_id=stock_etf_analysis_dag_v_06, task_id=stage1_etfs_transform_task, execution_date=20230527T160832, start_date=20230527T160846, end_date=20230527T160853
[2023-05-27T11:08:53.355-0500] {local_task_job_runner.py:225} INFO - Task exited with return code 0
[2023-05-27T11:08:53.394-0500] {taskinstance.py:2651} INFO - 1 downstream tasks scheduled from follow-on schedule check
