[2023-05-27T10:53:18.276-0500] {taskinstance.py:1103} INFO - Dependencies all met for dep_context=non-requeueable deps ti=<TaskInstance: stock_etf_analysis_dag_v_06.stage1_etfs_transform_task manual__2023-05-27T15:52:50.414540+00:00 [queued]>
[2023-05-27T10:53:18.280-0500] {taskinstance.py:1103} INFO - Dependencies all met for dep_context=requeueable deps ti=<TaskInstance: stock_etf_analysis_dag_v_06.stage1_etfs_transform_task manual__2023-05-27T15:52:50.414540+00:00 [queued]>
[2023-05-27T10:53:18.280-0500] {taskinstance.py:1308} INFO - Starting attempt 1 of 2
[2023-05-27T10:53:18.288-0500] {taskinstance.py:1327} INFO - Executing <Task(SparkSubmitOperator): stage1_etfs_transform_task> on 2023-05-27 15:52:50.414540+00:00
[2023-05-27T10:53:18.290-0500] {standard_task_runner.py:57} INFO - Started process 7364 to run task
[2023-05-27T10:53:18.294-0500] {standard_task_runner.py:84} INFO - Running: ['airflow', 'tasks', 'run', 'stock_etf_analysis_dag_v_06', 'stage1_etfs_transform_task', 'manual__2023-05-27T15:52:50.414540+00:00', '--job-id', '62', '--raw', '--subdir', 'DAGS_FOLDER/assignment/stock-analysis.py', '--cfg-path', '/var/folders/rj/4j_wg7hj631gk16sz5z2gtzc0000gn/T/tmpxrn0bjef']
[2023-05-27T10:53:18.296-0500] {standard_task_runner.py:85} INFO - Job 62: Subtask stage1_etfs_transform_task
[2023-05-27T10:53:18.328-0500] {task_command.py:410} INFO - Running <TaskInstance: stock_etf_analysis_dag_v_06.stage1_etfs_transform_task manual__2023-05-27T15:52:50.414540+00:00 [running]> on host sujatas-mbp-2
[2023-05-27T10:53:18.372-0500] {taskinstance.py:1545} INFO - Exporting env vars: AIRFLOW_CTX_DAG_OWNER='sb' AIRFLOW_CTX_DAG_ID='stock_etf_analysis_dag_v_06' AIRFLOW_CTX_TASK_ID='stage1_etfs_transform_task' AIRFLOW_CTX_EXECUTION_DATE='2023-05-27T15:52:50.414540+00:00' AIRFLOW_CTX_TRY_NUMBER='1' AIRFLOW_CTX_DAG_RUN_ID='manual__2023-05-27T15:52:50.414540+00:00'
[2023-05-27T10:53:18.376-0500] {base.py:73} INFO - Using connection ID 'spark_stand_alone' for task execution.
[2023-05-27T10:53:18.377-0500] {spark_submit.py:339} INFO - Spark-Submit cmd: spark-submit --master local[*] --name arrow-spark --queue root.default ./airflow/dags/assignment/transform_etfs_stage1.py
[2023-05-27T10:53:20.027-0500] {spark_submit.py:490} INFO - 23/05/27 10:53:20 INFO SparkContext: Running Spark version 3.4.0
[2023-05-27T10:53:20.076-0500] {spark_submit.py:490} INFO - 23/05/27 10:53:20 WARN NativeCodeLoader: Unable to load native-hadoop library for your platform... using builtin-java classes where applicable
[2023-05-27T10:53:20.154-0500] {spark_submit.py:490} INFO - 23/05/27 10:53:20 INFO ResourceUtils: ==============================================================
[2023-05-27T10:53:20.155-0500] {spark_submit.py:490} INFO - 23/05/27 10:53:20 INFO ResourceUtils: No custom resources configured for spark.driver.
[2023-05-27T10:53:20.155-0500] {spark_submit.py:490} INFO - 23/05/27 10:53:20 INFO ResourceUtils: ==============================================================
[2023-05-27T10:53:20.155-0500] {spark_submit.py:490} INFO - 23/05/27 10:53:20 INFO SparkContext: Submitted application: stock data analysis
[2023-05-27T10:53:20.172-0500] {spark_submit.py:490} INFO - 23/05/27 10:53:20 INFO ResourceProfile: Default ResourceProfile created, executor resources: Map(cores -> name: cores, amount: 1, script: , vendor: , memory -> name: memory, amount: 1024, script: , vendor: , offHeap -> name: offHeap, amount: 0, script: , vendor: ), task resources: Map(cpus -> name: cpus, amount: 1.0)
[2023-05-27T10:53:20.180-0500] {spark_submit.py:490} INFO - 23/05/27 10:53:20 INFO ResourceProfile: Limiting resource is cpu
[2023-05-27T10:53:20.181-0500] {spark_submit.py:490} INFO - 23/05/27 10:53:20 INFO ResourceProfileManager: Added ResourceProfile id: 0
[2023-05-27T10:53:20.220-0500] {spark_submit.py:490} INFO - 23/05/27 10:53:20 INFO SecurityManager: Changing view acls to: sujatabaral
[2023-05-27T10:53:20.221-0500] {spark_submit.py:490} INFO - 23/05/27 10:53:20 INFO SecurityManager: Changing modify acls to: sujatabaral
[2023-05-27T10:53:20.221-0500] {spark_submit.py:490} INFO - 23/05/27 10:53:20 INFO SecurityManager: Changing view acls groups to:
[2023-05-27T10:53:20.221-0500] {spark_submit.py:490} INFO - 23/05/27 10:53:20 INFO SecurityManager: Changing modify acls groups to:
[2023-05-27T10:53:20.222-0500] {spark_submit.py:490} INFO - 23/05/27 10:53:20 INFO SecurityManager: SecurityManager: authentication disabled; ui acls disabled; users with view permissions: sujatabaral; groups with view permissions: EMPTY; users with modify permissions: sujatabaral; groups with modify permissions: EMPTY
[2023-05-27T10:53:20.376-0500] {spark_submit.py:490} INFO - 23/05/27 10:53:20 INFO Utils: Successfully started service 'sparkDriver' on port 59953.
[2023-05-27T10:53:20.394-0500] {spark_submit.py:490} INFO - 23/05/27 10:53:20 INFO SparkEnv: Registering MapOutputTracker
[2023-05-27T10:53:20.419-0500] {spark_submit.py:490} INFO - 23/05/27 10:53:20 INFO SparkEnv: Registering BlockManagerMaster
[2023-05-27T10:53:20.431-0500] {spark_submit.py:490} INFO - 23/05/27 10:53:20 INFO BlockManagerMasterEndpoint: Using org.apache.spark.storage.DefaultTopologyMapper for getting topology information
[2023-05-27T10:53:20.432-0500] {spark_submit.py:490} INFO - 23/05/27 10:53:20 INFO BlockManagerMasterEndpoint: BlockManagerMasterEndpoint up
[2023-05-27T10:53:20.434-0500] {spark_submit.py:490} INFO - 23/05/27 10:53:20 INFO SparkEnv: Registering BlockManagerMasterHeartbeat
[2023-05-27T10:53:20.450-0500] {spark_submit.py:490} INFO - 23/05/27 10:53:20 INFO DiskBlockManager: Created local directory at /private/var/folders/rj/4j_wg7hj631gk16sz5z2gtzc0000gn/T/blockmgr-bab8457f-4046-4f39-a487-5f1235c5d8a1
[2023-05-27T10:53:20.462-0500] {spark_submit.py:490} INFO - 23/05/27 10:53:20 INFO MemoryStore: MemoryStore started with capacity 434.4 MiB
[2023-05-27T10:53:20.474-0500] {spark_submit.py:490} INFO - 23/05/27 10:53:20 INFO SparkEnv: Registering OutputCommitCoordinator
[2023-05-27T10:53:20.597-0500] {spark_submit.py:490} INFO - 23/05/27 10:53:20 INFO JettyUtils: Start Jetty 0.0.0.0:4040 for SparkUI
[2023-05-27T10:53:20.636-0500] {spark_submit.py:490} INFO - 23/05/27 10:53:20 WARN Utils: Service 'SparkUI' could not bind on port 4040. Attempting port 4041.
[2023-05-27T10:53:20.641-0500] {spark_submit.py:490} INFO - 23/05/27 10:53:20 INFO Utils: Successfully started service 'SparkUI' on port 4041.
[2023-05-27T10:53:20.711-0500] {spark_submit.py:490} INFO - 23/05/27 10:53:20 INFO Executor: Starting executor ID driver on host sujatas-mbp-2
[2023-05-27T10:53:20.716-0500] {spark_submit.py:490} INFO - 23/05/27 10:53:20 INFO Executor: Starting executor with user classpath (userClassPathFirst = false): ''
[2023-05-27T10:53:20.729-0500] {spark_submit.py:490} INFO - 23/05/27 10:53:20 INFO Utils: Successfully started service 'org.apache.spark.network.netty.NettyBlockTransferService' on port 59954.
[2023-05-27T10:53:20.730-0500] {spark_submit.py:490} INFO - 23/05/27 10:53:20 INFO NettyBlockTransferService: Server created on sujatas-mbp-2:59954
[2023-05-27T10:53:20.731-0500] {spark_submit.py:490} INFO - 23/05/27 10:53:20 INFO BlockManager: Using org.apache.spark.storage.RandomBlockReplicationPolicy for block replication policy
[2023-05-27T10:53:20.735-0500] {spark_submit.py:490} INFO - 23/05/27 10:53:20 INFO BlockManagerMaster: Registering BlockManager BlockManagerId(driver, sujatas-mbp-2, 59954, None)
[2023-05-27T10:53:20.737-0500] {spark_submit.py:490} INFO - 23/05/27 10:53:20 INFO BlockManagerMasterEndpoint: Registering block manager sujatas-mbp-2:59954 with 434.4 MiB RAM, BlockManagerId(driver, sujatas-mbp-2, 59954, None)
[2023-05-27T10:53:20.738-0500] {spark_submit.py:490} INFO - 23/05/27 10:53:20 INFO BlockManagerMaster: Registered BlockManager BlockManagerId(driver, sujatas-mbp-2, 59954, None)
[2023-05-27T10:53:20.739-0500] {spark_submit.py:490} INFO - 23/05/27 10:53:20 INFO BlockManager: Initialized BlockManager: BlockManagerId(driver, sujatas-mbp-2, 59954, None)
[2023-05-27T10:53:21.013-0500] {spark_submit.py:490} INFO - 23/05/27 10:53:21 INFO SharedState: Setting hive.metastore.warehouse.dir ('null') to the value of spark.sql.warehouse.dir.
[2023-05-27T10:53:21.018-0500] {spark_submit.py:490} INFO - 23/05/27 10:53:21 INFO SharedState: Warehouse path is 'file:/Users/sujatabaral/spark-warehouse'.
[2023-05-27T10:53:21.514-0500] {spark_submit.py:490} INFO - 23/05/27 10:53:21 INFO InMemoryFileIndex: It took 25 ms to list leaf files for 1 paths.
[2023-05-27T10:53:21.565-0500] {spark_submit.py:490} INFO - 23/05/27 10:53:21 INFO InMemoryFileIndex: It took 1 ms to list leaf files for 1 paths.
[2023-05-27T10:53:22.912-0500] {spark_submit.py:490} INFO - 23/05/27 10:53:22 INFO FileSourceStrategy: Pushed Filters:
[2023-05-27T10:53:22.914-0500] {spark_submit.py:490} INFO - 23/05/27 10:53:22 INFO FileSourceStrategy: Post-Scan Filters: (length(trim(value#0, None)) > 0)
[2023-05-27T10:53:23.254-0500] {spark_submit.py:490} INFO - 23/05/27 10:53:23 INFO CodeGenerator: Code generated in 126.329926 ms
[2023-05-27T10:53:23.285-0500] {spark_submit.py:490} INFO - 23/05/27 10:53:23 INFO MemoryStore: Block broadcast_0 stored as values in memory (estimated size 199.3 KiB, free 434.2 MiB)
[2023-05-27T10:53:23.392-0500] {spark_submit.py:490} INFO - 23/05/27 10:53:23 INFO MemoryStore: Block broadcast_0_piece0 stored as bytes in memory (estimated size 34.2 KiB, free 434.2 MiB)
[2023-05-27T10:53:23.394-0500] {spark_submit.py:490} INFO - 23/05/27 10:53:23 INFO BlockManagerInfo: Added broadcast_0_piece0 in memory on sujatas-mbp-2:59954 (size: 34.2 KiB, free: 434.4 MiB)
[2023-05-27T10:53:23.396-0500] {spark_submit.py:490} INFO - 23/05/27 10:53:23 INFO SparkContext: Created broadcast 0 from csv at NativeMethodAccessorImpl.java:0
[2023-05-27T10:53:23.403-0500] {spark_submit.py:490} INFO - 23/05/27 10:53:23 INFO FileSourceScanExec: Planning scan with bin packing, max size: 4194304 bytes, open cost is considered as scanning 4194304 bytes.
[2023-05-27T10:53:23.474-0500] {spark_submit.py:490} INFO - 23/05/27 10:53:23 INFO SparkContext: Starting job: csv at NativeMethodAccessorImpl.java:0
[2023-05-27T10:53:23.482-0500] {spark_submit.py:490} INFO - 23/05/27 10:53:23 INFO DAGScheduler: Got job 0 (csv at NativeMethodAccessorImpl.java:0) with 1 output partitions
[2023-05-27T10:53:23.482-0500] {spark_submit.py:490} INFO - 23/05/27 10:53:23 INFO DAGScheduler: Final stage: ResultStage 0 (csv at NativeMethodAccessorImpl.java:0)
[2023-05-27T10:53:23.482-0500] {spark_submit.py:490} INFO - 23/05/27 10:53:23 INFO DAGScheduler: Parents of final stage: List()
[2023-05-27T10:53:23.483-0500] {spark_submit.py:490} INFO - 23/05/27 10:53:23 INFO DAGScheduler: Missing parents: List()
[2023-05-27T10:53:23.485-0500] {spark_submit.py:490} INFO - 23/05/27 10:53:23 INFO DAGScheduler: Submitting ResultStage 0 (MapPartitionsRDD[3] at csv at NativeMethodAccessorImpl.java:0), which has no missing parents
[2023-05-27T10:53:23.533-0500] {spark_submit.py:490} INFO - 23/05/27 10:53:23 INFO MemoryStore: Block broadcast_1 stored as values in memory (estimated size 12.1 KiB, free 434.2 MiB)
[2023-05-27T10:53:23.536-0500] {spark_submit.py:490} INFO - 23/05/27 10:53:23 INFO MemoryStore: Block broadcast_1_piece0 stored as bytes in memory (estimated size 6.0 KiB, free 434.2 MiB)
[2023-05-27T10:53:23.537-0500] {spark_submit.py:490} INFO - 23/05/27 10:53:23 INFO BlockManagerInfo: Added broadcast_1_piece0 in memory on sujatas-mbp-2:59954 (size: 6.0 KiB, free: 434.4 MiB)
[2023-05-27T10:53:23.538-0500] {spark_submit.py:490} INFO - 23/05/27 10:53:23 INFO SparkContext: Created broadcast 1 from broadcast at DAGScheduler.scala:1535
[2023-05-27T10:53:23.547-0500] {spark_submit.py:490} INFO - 23/05/27 10:53:23 INFO DAGScheduler: Submitting 1 missing tasks from ResultStage 0 (MapPartitionsRDD[3] at csv at NativeMethodAccessorImpl.java:0) (first 15 tasks are for partitions Vector(0))
[2023-05-27T10:53:23.548-0500] {spark_submit.py:490} INFO - 23/05/27 10:53:23 INFO TaskSchedulerImpl: Adding task set 0.0 with 1 tasks resource profile 0
[2023-05-27T10:53:23.580-0500] {spark_submit.py:490} INFO - 23/05/27 10:53:23 INFO TaskSetManager: Starting task 0.0 in stage 0.0 (TID 0) (sujatas-mbp-2, executor driver, partition 0, PROCESS_LOCAL, 7947 bytes)
[2023-05-27T10:53:23.589-0500] {spark_submit.py:490} INFO - 23/05/27 10:53:23 INFO Executor: Running task 0.0 in stage 0.0 (TID 0)
[2023-05-27T10:53:23.650-0500] {spark_submit.py:490} INFO - 23/05/27 10:53:23 INFO FileScanRDD: Reading File path: file:///Users/sujatabaral/airflow/stock-data/symbols_valid_meta.csv, range: 0-611626, partition values: [empty row]
[2023-05-27T10:53:23.662-0500] {spark_submit.py:490} INFO - 23/05/27 10:53:23 INFO CodeGenerator: Code generated in 9.040451 ms
[2023-05-27T10:53:23.699-0500] {spark_submit.py:490} INFO - 23/05/27 10:53:23 INFO Executor: Finished task 0.0 in stage 0.0 (TID 0). 1798 bytes result sent to driver
[2023-05-27T10:53:23.707-0500] {spark_submit.py:490} INFO - 23/05/27 10:53:23 INFO TaskSetManager: Finished task 0.0 in stage 0.0 (TID 0) in 133 ms on sujatas-mbp-2 (executor driver) (1/1)
[2023-05-27T10:53:23.708-0500] {spark_submit.py:490} INFO - 23/05/27 10:53:23 INFO TaskSchedulerImpl: Removed TaskSet 0.0, whose tasks have all completed, from pool
[2023-05-27T10:53:23.712-0500] {spark_submit.py:490} INFO - 23/05/27 10:53:23 INFO DAGScheduler: ResultStage 0 (csv at NativeMethodAccessorImpl.java:0) finished in 0.219 s
[2023-05-27T10:53:23.714-0500] {spark_submit.py:490} INFO - 23/05/27 10:53:23 INFO DAGScheduler: Job 0 is finished. Cancelling potential speculative or zombie tasks for this job
[2023-05-27T10:53:23.715-0500] {spark_submit.py:490} INFO - 23/05/27 10:53:23 INFO TaskSchedulerImpl: Killing all running tasks in stage 0: Stage finished
[2023-05-27T10:53:23.716-0500] {spark_submit.py:490} INFO - 23/05/27 10:53:23 INFO DAGScheduler: Job 0 finished: csv at NativeMethodAccessorImpl.java:0, took 0.241504 s
[2023-05-27T10:53:23.729-0500] {spark_submit.py:490} INFO - 23/05/27 10:53:23 INFO CodeGenerator: Code generated in 6.722131 ms
[2023-05-27T10:53:23.760-0500] {spark_submit.py:490} INFO - 23/05/27 10:53:23 INFO BlockManagerInfo: Removed broadcast_1_piece0 on sujatas-mbp-2:59954 in memory (size: 6.0 KiB, free: 434.4 MiB)
[2023-05-27T10:53:23.770-0500] {spark_submit.py:490} INFO - 23/05/27 10:53:23 INFO FileSourceStrategy: Pushed Filters:
[2023-05-27T10:53:23.771-0500] {spark_submit.py:490} INFO - 23/05/27 10:53:23 INFO FileSourceStrategy: Post-Scan Filters:
[2023-05-27T10:53:23.777-0500] {spark_submit.py:490} INFO - 23/05/27 10:53:23 INFO MemoryStore: Block broadcast_2 stored as values in memory (estimated size 199.3 KiB, free 434.0 MiB)
[2023-05-27T10:53:23.796-0500] {spark_submit.py:490} INFO - 23/05/27 10:53:23 INFO MemoryStore: Block broadcast_2_piece0 stored as bytes in memory (estimated size 34.2 KiB, free 433.9 MiB)
[2023-05-27T10:53:23.797-0500] {spark_submit.py:490} INFO - 23/05/27 10:53:23 INFO BlockManagerInfo: Added broadcast_2_piece0 in memory on sujatas-mbp-2:59954 (size: 34.2 KiB, free: 434.3 MiB)
[2023-05-27T10:53:23.798-0500] {spark_submit.py:490} INFO - 23/05/27 10:53:23 INFO SparkContext: Created broadcast 2 from csv at NativeMethodAccessorImpl.java:0
[2023-05-27T10:53:23.799-0500] {spark_submit.py:490} INFO - 23/05/27 10:53:23 INFO FileSourceScanExec: Planning scan with bin packing, max size: 4194304 bytes, open cost is considered as scanning 4194304 bytes.
[2023-05-27T10:53:23.804-0500] {spark_submit.py:490} INFO - 23/05/27 10:53:23 INFO BlockManagerInfo: Removed broadcast_0_piece0 on sujatas-mbp-2:59954 in memory (size: 34.2 KiB, free: 434.4 MiB)
[2023-05-27T10:53:23.878-0500] {spark_submit.py:490} INFO - 23/05/27 10:53:23 INFO InMemoryFileIndex: It took 4 ms to list leaf files for 1 paths.
[2023-05-27T10:53:24.054-0500] {spark_submit.py:490} INFO - 23/05/27 10:53:24 INFO FileSourceStrategy: Pushed Filters:
[2023-05-27T10:53:24.054-0500] {spark_submit.py:490} INFO - 23/05/27 10:53:24 INFO FileSourceStrategy: Post-Scan Filters:
[2023-05-27T10:53:24.056-0500] {spark_submit.py:490} INFO - 23/05/27 10:53:24 INFO FileSourceStrategy: Pushed Filters: IsNotNull(Symbol)
[2023-05-27T10:53:24.056-0500] {spark_submit.py:490} INFO - 23/05/27 10:53:24 INFO FileSourceStrategy: Post-Scan Filters: isnotnull(Symbol#18)
[2023-05-27T10:53:24.122-0500] {spark_submit.py:490} INFO - 23/05/27 10:53:24 INFO CodeGenerator: Code generated in 8.032485 ms
[2023-05-27T10:53:24.125-0500] {spark_submit.py:490} INFO - 23/05/27 10:53:24 INFO MemoryStore: Block broadcast_3 stored as values in memory (estimated size 199.2 KiB, free 434.0 MiB)
[2023-05-27T10:53:24.145-0500] {spark_submit.py:490} INFO - 23/05/27 10:53:24 INFO MemoryStore: Block broadcast_3_piece0 stored as bytes in memory (estimated size 34.2 KiB, free 433.9 MiB)
[2023-05-27T10:53:24.146-0500] {spark_submit.py:490} INFO - 23/05/27 10:53:24 INFO BlockManagerInfo: Added broadcast_3_piece0 in memory on sujatas-mbp-2:59954 (size: 34.2 KiB, free: 434.3 MiB)
[2023-05-27T10:53:24.146-0500] {spark_submit.py:490} INFO - 23/05/27 10:53:24 INFO SparkContext: Created broadcast 3 from $anonfun$withThreadLocalCaptured$1 at FutureTask.java:264
[2023-05-27T10:53:24.152-0500] {spark_submit.py:490} INFO - 23/05/27 10:53:24 INFO FileSourceScanExec: Planning scan with bin packing, max size: 4194304 bytes, open cost is considered as scanning 4194304 bytes.
[2023-05-27T10:53:24.175-0500] {spark_submit.py:490} INFO - 23/05/27 10:53:24 INFO SparkContext: Starting job: $anonfun$withThreadLocalCaptured$1 at FutureTask.java:264
[2023-05-27T10:53:24.176-0500] {spark_submit.py:490} INFO - 23/05/27 10:53:24 INFO DAGScheduler: Got job 1 ($anonfun$withThreadLocalCaptured$1 at FutureTask.java:264) with 1 output partitions
[2023-05-27T10:53:24.176-0500] {spark_submit.py:490} INFO - 23/05/27 10:53:24 INFO DAGScheduler: Final stage: ResultStage 1 ($anonfun$withThreadLocalCaptured$1 at FutureTask.java:264)
[2023-05-27T10:53:24.176-0500] {spark_submit.py:490} INFO - 23/05/27 10:53:24 INFO DAGScheduler: Parents of final stage: List()
[2023-05-27T10:53:24.177-0500] {spark_submit.py:490} INFO - 23/05/27 10:53:24 INFO DAGScheduler: Missing parents: List()
[2023-05-27T10:53:24.177-0500] {spark_submit.py:490} INFO - 23/05/27 10:53:24 INFO DAGScheduler: Submitting ResultStage 1 (MapPartitionsRDD[13] at $anonfun$withThreadLocalCaptured$1 at FutureTask.java:264), which has no missing parents
[2023-05-27T10:53:24.179-0500] {spark_submit.py:490} INFO - 23/05/27 10:53:24 INFO MemoryStore: Block broadcast_4 stored as values in memory (estimated size 14.4 KiB, free 433.9 MiB)
[2023-05-27T10:53:24.183-0500] {spark_submit.py:490} INFO - 23/05/27 10:53:24 INFO MemoryStore: Block broadcast_4_piece0 stored as bytes in memory (estimated size 7.4 KiB, free 433.9 MiB)
[2023-05-27T10:53:24.184-0500] {spark_submit.py:490} INFO - 23/05/27 10:53:24 INFO BlockManagerInfo: Removed broadcast_2_piece0 on sujatas-mbp-2:59954 in memory (size: 34.2 KiB, free: 434.4 MiB)
[2023-05-27T10:53:24.185-0500] {spark_submit.py:490} INFO - 23/05/27 10:53:24 INFO BlockManagerInfo: Added broadcast_4_piece0 in memory on sujatas-mbp-2:59954 (size: 7.4 KiB, free: 434.4 MiB)
[2023-05-27T10:53:24.185-0500] {spark_submit.py:490} INFO - 23/05/27 10:53:24 INFO SparkContext: Created broadcast 4 from broadcast at DAGScheduler.scala:1535
[2023-05-27T10:53:24.186-0500] {spark_submit.py:490} INFO - 23/05/27 10:53:24 INFO DAGScheduler: Submitting 1 missing tasks from ResultStage 1 (MapPartitionsRDD[13] at $anonfun$withThreadLocalCaptured$1 at FutureTask.java:264) (first 15 tasks are for partitions Vector(0))
[2023-05-27T10:53:24.186-0500] {spark_submit.py:490} INFO - 23/05/27 10:53:24 INFO TaskSchedulerImpl: Adding task set 1.0 with 1 tasks resource profile 0
[2023-05-27T10:53:24.187-0500] {spark_submit.py:490} INFO - 23/05/27 10:53:24 INFO TaskSetManager: Starting task 0.0 in stage 1.0 (TID 1) (sujatas-mbp-2, executor driver, partition 0, PROCESS_LOCAL, 7947 bytes)
[2023-05-27T10:53:24.188-0500] {spark_submit.py:490} INFO - 23/05/27 10:53:24 INFO Executor: Running task 0.0 in stage 1.0 (TID 1)
[2023-05-27T10:53:24.202-0500] {spark_submit.py:490} INFO - 23/05/27 10:53:24 INFO FileScanRDD: Reading File path: file:///Users/sujatabaral/airflow/stock-data/symbols_valid_meta.csv, range: 0-611626, partition values: [empty row]
[2023-05-27T10:53:24.210-0500] {spark_submit.py:490} INFO - 23/05/27 10:53:24 INFO CodeGenerator: Code generated in 6.834529 ms
[2023-05-27T10:53:24.230-0500] {spark_submit.py:490} INFO - 23/05/27 10:53:24 INFO CodeGenerator: Code generated in 4.432022 ms
[2023-05-27T10:53:24.339-0500] {spark_submit.py:490} INFO - 23/05/27 10:53:24 INFO Executor: Finished task 0.0 in stage 1.0 (TID 1). 272662 bytes result sent to driver
[2023-05-27T10:53:24.341-0500] {spark_submit.py:490} INFO - 23/05/27 10:53:24 INFO TaskSetManager: Finished task 0.0 in stage 1.0 (TID 1) in 154 ms on sujatas-mbp-2 (executor driver) (1/1)
[2023-05-27T10:53:24.342-0500] {spark_submit.py:490} INFO - 23/05/27 10:53:24 INFO TaskSchedulerImpl: Removed TaskSet 1.0, whose tasks have all completed, from pool
[2023-05-27T10:53:24.342-0500] {spark_submit.py:490} INFO - 23/05/27 10:53:24 INFO DAGScheduler: ResultStage 1 ($anonfun$withThreadLocalCaptured$1 at FutureTask.java:264) finished in 0.164 s
[2023-05-27T10:53:24.343-0500] {spark_submit.py:490} INFO - 23/05/27 10:53:24 INFO DAGScheduler: Job 1 is finished. Cancelling potential speculative or zombie tasks for this job
[2023-05-27T10:53:24.343-0500] {spark_submit.py:490} INFO - 23/05/27 10:53:24 INFO TaskSchedulerImpl: Killing all running tasks in stage 1: Stage finished
[2023-05-27T10:53:24.343-0500] {spark_submit.py:490} INFO - 23/05/27 10:53:24 INFO DAGScheduler: Job 1 finished: $anonfun$withThreadLocalCaptured$1 at FutureTask.java:264, took 0.167328 s
[2023-05-27T10:53:24.361-0500] {spark_submit.py:490} INFO - 23/05/27 10:53:24 INFO CodeGenerator: Code generated in 7.561265 ms
[2023-05-27T10:53:24.379-0500] {spark_submit.py:490} INFO - 23/05/27 10:53:24 INFO MemoryStore: Block broadcast_5 stored as values in memory (estimated size 2.3 MiB, free 431.9 MiB)
[2023-05-27T10:53:24.385-0500] {spark_submit.py:490} INFO - 23/05/27 10:53:24 INFO BlockManagerInfo: Removed broadcast_4_piece0 on sujatas-mbp-2:59954 in memory (size: 7.4 KiB, free: 434.4 MiB)
[2023-05-27T10:53:24.391-0500] {spark_submit.py:490} INFO - 23/05/27 10:53:24 INFO MemoryStore: Block broadcast_5_piece0 stored as bytes in memory (estimated size 364.4 KiB, free 431.6 MiB)
[2023-05-27T10:53:24.392-0500] {spark_submit.py:490} INFO - 23/05/27 10:53:24 INFO BlockManagerInfo: Added broadcast_5_piece0 in memory on sujatas-mbp-2:59954 (size: 364.4 KiB, free: 434.0 MiB)
[2023-05-27T10:53:24.393-0500] {spark_submit.py:490} INFO - 23/05/27 10:53:24 INFO SparkContext: Created broadcast 5 from $anonfun$withThreadLocalCaptured$1 at FutureTask.java:264
[2023-05-27T10:53:24.407-0500] {spark_submit.py:490} INFO - 23/05/27 10:53:24 INFO FileSourceStrategy: Pushed Filters:
[2023-05-27T10:53:24.408-0500] {spark_submit.py:490} INFO - 23/05/27 10:53:24 INFO FileSourceStrategy: Post-Scan Filters:
[2023-05-27T10:53:24.443-0500] {spark_submit.py:490} INFO - 23/05/27 10:53:24 INFO ParquetUtils: Using default output committer for Parquet: org.apache.parquet.hadoop.ParquetOutputCommitter
[2023-05-27T10:53:24.453-0500] {spark_submit.py:490} INFO - 23/05/27 10:53:24 INFO FileOutputCommitter: File Output Committer Algorithm version is 1
[2023-05-27T10:53:24.453-0500] {spark_submit.py:490} INFO - 23/05/27 10:53:24 INFO FileOutputCommitter: FileOutputCommitter skip cleanup _temporary folders under output directory:false, ignore cleanup failures: false
[2023-05-27T10:53:24.454-0500] {spark_submit.py:490} INFO - 23/05/27 10:53:24 INFO SQLHadoopMapReduceCommitProtocol: Using user defined output committer class org.apache.parquet.hadoop.ParquetOutputCommitter
[2023-05-27T10:53:24.454-0500] {spark_submit.py:490} INFO - 23/05/27 10:53:24 INFO FileOutputCommitter: File Output Committer Algorithm version is 1
[2023-05-27T10:53:24.454-0500] {spark_submit.py:490} INFO - 23/05/27 10:53:24 INFO FileOutputCommitter: FileOutputCommitter skip cleanup _temporary folders under output directory:false, ignore cleanup failures: false
[2023-05-27T10:53:24.455-0500] {spark_submit.py:490} INFO - 23/05/27 10:53:24 INFO SQLHadoopMapReduceCommitProtocol: Using output committer class org.apache.parquet.hadoop.ParquetOutputCommitter
[2023-05-27T10:53:24.515-0500] {spark_submit.py:490} INFO - 23/05/27 10:53:24 INFO CodeGenerator: Code generated in 28.321737 ms
[2023-05-27T10:53:24.517-0500] {spark_submit.py:490} INFO - 23/05/27 10:53:24 INFO MemoryStore: Block broadcast_6 stored as values in memory (estimated size 199.2 KiB, free 431.4 MiB)
[2023-05-27T10:53:24.537-0500] {spark_submit.py:490} INFO - 23/05/27 10:53:24 INFO MemoryStore: Block broadcast_6_piece0 stored as bytes in memory (estimated size 34.2 KiB, free 431.3 MiB)
[2023-05-27T10:53:24.537-0500] {spark_submit.py:490} INFO - 23/05/27 10:53:24 INFO BlockManagerInfo: Added broadcast_6_piece0 in memory on sujatas-mbp-2:59954 (size: 34.2 KiB, free: 434.0 MiB)
[2023-05-27T10:53:24.538-0500] {spark_submit.py:490} INFO - 23/05/27 10:53:24 INFO SparkContext: Created broadcast 6 from save at NativeMethodAccessorImpl.java:0
[2023-05-27T10:53:24.540-0500] {spark_submit.py:490} INFO - 23/05/27 10:53:24 INFO FileSourceScanExec: Planning scan with bin packing, max size: 4194304 bytes, open cost is considered as scanning 4194304 bytes.
[2023-05-27T10:53:24.551-0500] {spark_submit.py:490} INFO - 23/05/27 10:53:24 INFO SparkContext: Starting job: save at NativeMethodAccessorImpl.java:0
[2023-05-27T10:53:24.552-0500] {spark_submit.py:490} INFO - 23/05/27 10:53:24 INFO DAGScheduler: Got job 2 (save at NativeMethodAccessorImpl.java:0) with 3 output partitions
[2023-05-27T10:53:24.553-0500] {spark_submit.py:490} INFO - 23/05/27 10:53:24 INFO DAGScheduler: Final stage: ResultStage 2 (save at NativeMethodAccessorImpl.java:0)
[2023-05-27T10:53:24.553-0500] {spark_submit.py:490} INFO - 23/05/27 10:53:24 INFO DAGScheduler: Parents of final stage: List()
[2023-05-27T10:53:24.553-0500] {spark_submit.py:490} INFO - 23/05/27 10:53:24 INFO DAGScheduler: Missing parents: List()
[2023-05-27T10:53:24.554-0500] {spark_submit.py:490} INFO - 23/05/27 10:53:24 INFO DAGScheduler: Submitting ResultStage 2 (MapPartitionsRDD[17] at save at NativeMethodAccessorImpl.java:0), which has no missing parents
[2023-05-27T10:53:24.589-0500] {spark_submit.py:490} INFO - 23/05/27 10:53:24 INFO MemoryStore: Block broadcast_7 stored as values in memory (estimated size 221.1 KiB, free 431.1 MiB)
[2023-05-27T10:53:24.593-0500] {spark_submit.py:490} INFO - 23/05/27 10:53:24 INFO MemoryStore: Block broadcast_7_piece0 stored as bytes in memory (estimated size 79.6 KiB, free 431.0 MiB)
[2023-05-27T10:53:24.594-0500] {spark_submit.py:490} INFO - 23/05/27 10:53:24 INFO BlockManagerInfo: Added broadcast_7_piece0 in memory on sujatas-mbp-2:59954 (size: 79.6 KiB, free: 433.9 MiB)
[2023-05-27T10:53:24.594-0500] {spark_submit.py:490} INFO - 23/05/27 10:53:24 INFO SparkContext: Created broadcast 7 from broadcast at DAGScheduler.scala:1535
[2023-05-27T10:53:24.595-0500] {spark_submit.py:490} INFO - 23/05/27 10:53:24 INFO DAGScheduler: Submitting 3 missing tasks from ResultStage 2 (MapPartitionsRDD[17] at save at NativeMethodAccessorImpl.java:0) (first 15 tasks are for partitions Vector(0, 1, 2))
[2023-05-27T10:53:24.595-0500] {spark_submit.py:490} INFO - 23/05/27 10:53:24 INFO TaskSchedulerImpl: Adding task set 2.0 with 3 tasks resource profile 0
[2023-05-27T10:53:24.596-0500] {spark_submit.py:490} INFO - 23/05/27 10:53:24 INFO TaskSetManager: Starting task 0.0 in stage 2.0 (TID 2) (sujatas-mbp-2, executor driver, partition 0, PROCESS_LOCAL, 7938 bytes)
[2023-05-27T10:53:24.596-0500] {spark_submit.py:490} INFO - 23/05/27 10:53:24 INFO TaskSetManager: Starting task 1.0 in stage 2.0 (TID 3) (sujatas-mbp-2, executor driver, partition 1, PROCESS_LOCAL, 7938 bytes)
[2023-05-27T10:53:24.597-0500] {spark_submit.py:490} INFO - 23/05/27 10:53:24 INFO TaskSetManager: Starting task 2.0 in stage 2.0 (TID 4) (sujatas-mbp-2, executor driver, partition 2, PROCESS_LOCAL, 7938 bytes)
[2023-05-27T10:53:24.597-0500] {spark_submit.py:490} INFO - 23/05/27 10:53:24 INFO Executor: Running task 0.0 in stage 2.0 (TID 2)
[2023-05-27T10:53:24.598-0500] {spark_submit.py:490} INFO - 23/05/27 10:53:24 INFO Executor: Running task 1.0 in stage 2.0 (TID 3)
[2023-05-27T10:53:24.600-0500] {spark_submit.py:490} INFO - 23/05/27 10:53:24 INFO Executor: Running task 2.0 in stage 2.0 (TID 4)
[2023-05-27T10:53:24.650-0500] {spark_submit.py:490} INFO - 23/05/27 10:53:24 INFO FileOutputCommitter: File Output Committer Algorithm version is 1
[2023-05-27T10:53:24.651-0500] {spark_submit.py:490} INFO - 23/05/27 10:53:24 INFO FileOutputCommitter: FileOutputCommitter skip cleanup _temporary folders under output directory:false, ignore cleanup failures: false
[2023-05-27T10:53:24.651-0500] {spark_submit.py:490} INFO - 23/05/27 10:53:24 INFO FileOutputCommitter: File Output Committer Algorithm version is 1
[2023-05-27T10:53:24.651-0500] {spark_submit.py:490} INFO - 23/05/27 10:53:24 INFO FileOutputCommitter: File Output Committer Algorithm version is 1
[2023-05-27T10:53:24.652-0500] {spark_submit.py:490} INFO - 23/05/27 10:53:24 INFO FileOutputCommitter: FileOutputCommitter skip cleanup _temporary folders under output directory:false, ignore cleanup failures: false
[2023-05-27T10:53:24.652-0500] {spark_submit.py:490} INFO - 23/05/27 10:53:24 INFO FileOutputCommitter: FileOutputCommitter skip cleanup _temporary folders under output directory:false, ignore cleanup failures: false
[2023-05-27T10:53:24.652-0500] {spark_submit.py:490} INFO - 23/05/27 10:53:24 INFO SQLHadoopMapReduceCommitProtocol: Using user defined output committer class org.apache.parquet.hadoop.ParquetOutputCommitter
[2023-05-27T10:53:24.652-0500] {spark_submit.py:490} INFO - 23/05/27 10:53:24 INFO SQLHadoopMapReduceCommitProtocol: Using user defined output committer class org.apache.parquet.hadoop.ParquetOutputCommitter
[2023-05-27T10:53:24.653-0500] {spark_submit.py:490} INFO - 23/05/27 10:53:24 INFO SQLHadoopMapReduceCommitProtocol: Using user defined output committer class org.apache.parquet.hadoop.ParquetOutputCommitter
[2023-05-27T10:53:24.653-0500] {spark_submit.py:490} INFO - 23/05/27 10:53:24 INFO FileOutputCommitter: File Output Committer Algorithm version is 1
[2023-05-27T10:53:24.653-0500] {spark_submit.py:490} INFO - 23/05/27 10:53:24 INFO FileOutputCommitter: File Output Committer Algorithm version is 1
[2023-05-27T10:53:24.653-0500] {spark_submit.py:490} INFO - 23/05/27 10:53:24 INFO FileOutputCommitter: FileOutputCommitter skip cleanup _temporary folders under output directory:false, ignore cleanup failures: false
[2023-05-27T10:53:24.654-0500] {spark_submit.py:490} INFO - 23/05/27 10:53:24 INFO FileOutputCommitter: FileOutputCommitter skip cleanup _temporary folders under output directory:false, ignore cleanup failures: false
[2023-05-27T10:53:24.654-0500] {spark_submit.py:490} INFO - 23/05/27 10:53:24 INFO SQLHadoopMapReduceCommitProtocol: Using output committer class org.apache.parquet.hadoop.ParquetOutputCommitter
[2023-05-27T10:53:24.654-0500] {spark_submit.py:490} INFO - 23/05/27 10:53:24 INFO SQLHadoopMapReduceCommitProtocol: Using output committer class org.apache.parquet.hadoop.ParquetOutputCommitter
[2023-05-27T10:53:24.655-0500] {spark_submit.py:490} INFO - 23/05/27 10:53:24 INFO FileOutputCommitter: File Output Committer Algorithm version is 1
[2023-05-27T10:53:24.655-0500] {spark_submit.py:490} INFO - 23/05/27 10:53:24 INFO FileOutputCommitter: FileOutputCommitter skip cleanup _temporary folders under output directory:false, ignore cleanup failures: false
[2023-05-27T10:53:24.655-0500] {spark_submit.py:490} INFO - 23/05/27 10:53:24 INFO FileScanRDD: Reading File path: file:///Users/sujatabaral/airflow/stock-data/etfs/AAAU.csv, range: 0-44459, partition values: [empty row]
[2023-05-27T10:53:24.655-0500] {spark_submit.py:490} INFO - 23/05/27 10:53:24 INFO SQLHadoopMapReduceCommitProtocol: Using output committer class org.apache.parquet.hadoop.ParquetOutputCommitter
[2023-05-27T10:53:24.656-0500] {spark_submit.py:490} INFO - 23/05/27 10:53:24 INFO FileScanRDD: Reading File path: file:///Users/sujatabaral/airflow/stock-data/etfs/AADR.csv, range: 0-254608, partition values: [empty row]
[2023-05-27T10:53:24.656-0500] {spark_submit.py:490} INFO - 23/05/27 10:53:24 INFO CodecConfig: Compression: SNAPPY
[2023-05-27T10:53:24.658-0500] {spark_submit.py:490} INFO - 23/05/27 10:53:24 INFO CodecConfig: Compression: SNAPPY
[2023-05-27T10:53:24.666-0500] {spark_submit.py:490} INFO - 23/05/27 10:53:24 INFO CodeGenerator: Code generated in 9.08806 ms
[2023-05-27T10:53:24.670-0500] {spark_submit.py:490} INFO - 23/05/27 10:53:24 INFO ParquetOutputFormat: ParquetRecordWriter [block size: 134217728b, row group padding size: 8388608b, validating: false]
[2023-05-27T10:53:24.679-0500] {spark_submit.py:490} INFO - 23/05/27 10:53:24 INFO CodecConfig: Compression: SNAPPY
[2023-05-27T10:53:24.680-0500] {spark_submit.py:490} INFO - 23/05/27 10:53:24 INFO CodecConfig: Compression: SNAPPY
[2023-05-27T10:53:24.681-0500] {spark_submit.py:490} INFO - 23/05/27 10:53:24 INFO CodecConfig: Compression: SNAPPY
[2023-05-27T10:53:24.681-0500] {spark_submit.py:490} INFO - 23/05/27 10:53:24 INFO CodecConfig: Compression: SNAPPY
[2023-05-27T10:53:24.681-0500] {spark_submit.py:490} INFO - 23/05/27 10:53:24 INFO ParquetOutputFormat: ParquetRecordWriter [block size: 134217728b, row group padding size: 8388608b, validating: false]
[2023-05-27T10:53:24.682-0500] {spark_submit.py:490} INFO - 23/05/27 10:53:24 INFO ParquetOutputFormat: ParquetRecordWriter [block size: 134217728b, row group padding size: 8388608b, validating: false]
[2023-05-27T10:53:24.693-0500] {spark_submit.py:490} INFO - 23/05/27 10:53:24 INFO ParquetWriteSupport: Initialized Parquet WriteSupport with Catalyst schema:
[2023-05-27T10:53:24.694-0500] {spark_submit.py:490} INFO - {
[2023-05-27T10:53:24.694-0500] {spark_submit.py:490} INFO - "type" : "struct",
[2023-05-27T10:53:24.695-0500] {spark_submit.py:490} INFO - "fields" : [ {
[2023-05-27T10:53:24.695-0500] {spark_submit.py:490} INFO - "name" : "Date",
[2023-05-27T10:53:24.695-0500] {spark_submit.py:490} INFO - "type" : "string",
[2023-05-27T10:53:24.695-0500] {spark_submit.py:490} INFO - "nullable" : true,
[2023-05-27T10:53:24.696-0500] {spark_submit.py:490} INFO - "metadata" : { }
[2023-05-27T10:53:24.696-0500] {spark_submit.py:490} INFO - }, {
[2023-05-27T10:53:24.696-0500] {spark_submit.py:490} INFO - "name" : "Open",
[2023-05-27T10:53:24.697-0500] {spark_submit.py:490} INFO - "type" : "float",
[2023-05-27T10:53:24.697-0500] {spark_submit.py:490} INFO - "nullable" : true,
[2023-05-27T10:53:24.697-0500] {spark_submit.py:490} INFO - "metadata" : { }
[2023-05-27T10:53:24.698-0500] {spark_submit.py:490} INFO - }, {
[2023-05-27T10:53:24.698-0500] {spark_submit.py:490} INFO - "name" : "High",
[2023-05-27T10:53:24.698-0500] {spark_submit.py:490} INFO - "type" : "float",
[2023-05-27T10:53:24.698-0500] {spark_submit.py:490} INFO - "nullable" : true,
[2023-05-27T10:53:24.699-0500] {spark_submit.py:490} INFO - "metadata" : { }
[2023-05-27T10:53:24.699-0500] {spark_submit.py:490} INFO - }, {
[2023-05-27T10:53:24.699-0500] {spark_submit.py:490} INFO - "name" : "Low",
[2023-05-27T10:53:24.700-0500] {spark_submit.py:490} INFO - "type" : "float",
[2023-05-27T10:53:24.700-0500] {spark_submit.py:490} INFO - "nullable" : true,
[2023-05-27T10:53:24.700-0500] {spark_submit.py:490} INFO - "metadata" : { }
[2023-05-27T10:53:24.701-0500] {spark_submit.py:490} INFO - }, {
[2023-05-27T10:53:24.701-0500] {spark_submit.py:490} INFO - "name" : "Close",
[2023-05-27T10:53:24.701-0500] {spark_submit.py:490} INFO - "type" : "float",
[2023-05-27T10:53:24.702-0500] {spark_submit.py:490} INFO - "nullable" : true,
[2023-05-27T10:53:24.702-0500] {spark_submit.py:490} INFO - "metadata" : { }
[2023-05-27T10:53:24.703-0500] {spark_submit.py:490} INFO - }, {
[2023-05-27T10:53:24.703-0500] {spark_submit.py:490} INFO - "name" : "AdjClose",
[2023-05-27T10:53:24.704-0500] {spark_submit.py:490} INFO - "type" : "float",
[2023-05-27T10:53:24.704-0500] {spark_submit.py:490} INFO - "nullable" : true,
[2023-05-27T10:53:24.704-0500] {spark_submit.py:490} INFO - "metadata" : { }
[2023-05-27T10:53:24.705-0500] {spark_submit.py:490} INFO - }, {
[2023-05-27T10:53:24.705-0500] {spark_submit.py:490} INFO - "name" : "Volume",
[2023-05-27T10:53:24.705-0500] {spark_submit.py:490} INFO - "type" : "integer",
[2023-05-27T10:53:24.706-0500] {spark_submit.py:490} INFO - "nullable" : true,
[2023-05-27T10:53:24.706-0500] {spark_submit.py:490} INFO - "metadata" : { }
[2023-05-27T10:53:24.707-0500] {spark_submit.py:490} INFO - }, {
[2023-05-27T10:53:24.707-0500] {spark_submit.py:490} INFO - "name" : "Symbol",
[2023-05-27T10:53:24.708-0500] {spark_submit.py:490} INFO - "type" : "string",
[2023-05-27T10:53:24.708-0500] {spark_submit.py:490} INFO - "nullable" : true,
[2023-05-27T10:53:24.708-0500] {spark_submit.py:490} INFO - "metadata" : { }
[2023-05-27T10:53:24.709-0500] {spark_submit.py:490} INFO - }, {
[2023-05-27T10:53:24.709-0500] {spark_submit.py:490} INFO - "name" : "Security Name",
[2023-05-27T10:53:24.710-0500] {spark_submit.py:490} INFO - "type" : "string",
[2023-05-27T10:53:24.710-0500] {spark_submit.py:490} INFO - "nullable" : true,
[2023-05-27T10:53:24.711-0500] {spark_submit.py:490} INFO - "metadata" : { }
[2023-05-27T10:53:24.711-0500] {spark_submit.py:490} INFO - } ]
[2023-05-27T10:53:24.711-0500] {spark_submit.py:490} INFO - }
[2023-05-27T10:53:24.712-0500] {spark_submit.py:490} INFO - and corresponding Parquet message type:
[2023-05-27T10:53:24.712-0500] {spark_submit.py:490} INFO - message spark_schema {
[2023-05-27T10:53:24.712-0500] {spark_submit.py:490} INFO - optional binary Date (STRING);
[2023-05-27T10:53:24.713-0500] {spark_submit.py:490} INFO - optional float Open;
[2023-05-27T10:53:24.713-0500] {spark_submit.py:490} INFO - optional float High;
[2023-05-27T10:53:24.713-0500] {spark_submit.py:490} INFO - optional float Low;
[2023-05-27T10:53:24.714-0500] {spark_submit.py:490} INFO - optional float Close;
[2023-05-27T10:53:24.714-0500] {spark_submit.py:490} INFO - optional float AdjClose;
[2023-05-27T10:53:24.714-0500] {spark_submit.py:490} INFO - optional int32 Volume;
[2023-05-27T10:53:24.715-0500] {spark_submit.py:490} INFO - optional binary Symbol (STRING);
[2023-05-27T10:53:24.715-0500] {spark_submit.py:490} INFO - optional binary Security Name (STRING);
[2023-05-27T10:53:24.716-0500] {spark_submit.py:490} INFO - }
[2023-05-27T10:53:24.716-0500] {spark_submit.py:490} INFO - 
[2023-05-27T10:53:24.717-0500] {spark_submit.py:490} INFO - 
[2023-05-27T10:53:24.717-0500] {spark_submit.py:490} INFO - 23/05/27 10:53:24 INFO ParquetWriteSupport: Initialized Parquet WriteSupport with Catalyst schema:
[2023-05-27T10:53:24.718-0500] {spark_submit.py:490} INFO - {
[2023-05-27T10:53:24.718-0500] {spark_submit.py:490} INFO - "type" : "struct",
[2023-05-27T10:53:24.718-0500] {spark_submit.py:490} INFO - "fields" : [ {
[2023-05-27T10:53:24.719-0500] {spark_submit.py:490} INFO - "name" : "Date",
[2023-05-27T10:53:24.719-0500] {spark_submit.py:490} INFO - "type" : "string",
[2023-05-27T10:53:24.719-0500] {spark_submit.py:490} INFO - "nullable" : true,
[2023-05-27T10:53:24.720-0500] {spark_submit.py:490} INFO - "metadata" : { }
[2023-05-27T10:53:24.720-0500] {spark_submit.py:490} INFO - }, {
[2023-05-27T10:53:24.720-0500] {spark_submit.py:490} INFO - "name" : "Open",
[2023-05-27T10:53:24.720-0500] {spark_submit.py:490} INFO - "type" : "float",
[2023-05-27T10:53:24.721-0500] {spark_submit.py:490} INFO - "nullable" : true,
[2023-05-27T10:53:24.721-0500] {spark_submit.py:490} INFO - "metadata" : { }
[2023-05-27T10:53:24.721-0500] {spark_submit.py:490} INFO - }, {
[2023-05-27T10:53:24.722-0500] {spark_submit.py:490} INFO - "name" : "High",
[2023-05-27T10:53:24.722-0500] {spark_submit.py:490} INFO - "type" : "float",
[2023-05-27T10:53:24.722-0500] {spark_submit.py:490} INFO - "nullable" : true,
[2023-05-27T10:53:24.722-0500] {spark_submit.py:490} INFO - "metadata" : { }
[2023-05-27T10:53:24.723-0500] {spark_submit.py:490} INFO - }, {
[2023-05-27T10:53:24.723-0500] {spark_submit.py:490} INFO - "name" : "Low",
[2023-05-27T10:53:24.723-0500] {spark_submit.py:490} INFO - "type" : "float",
[2023-05-27T10:53:24.724-0500] {spark_submit.py:490} INFO - "nullable" : true,
[2023-05-27T10:53:24.724-0500] {spark_submit.py:490} INFO - "metadata" : { }
[2023-05-27T10:53:24.724-0500] {spark_submit.py:490} INFO - }, {
[2023-05-27T10:53:24.724-0500] {spark_submit.py:490} INFO - "name" : "Close",
[2023-05-27T10:53:24.725-0500] {spark_submit.py:490} INFO - "type" : "float",
[2023-05-27T10:53:24.725-0500] {spark_submit.py:490} INFO - "nullable" : true,
[2023-05-27T10:53:24.725-0500] {spark_submit.py:490} INFO - "metadata" : { }
[2023-05-27T10:53:24.726-0500] {spark_submit.py:490} INFO - }, {
[2023-05-27T10:53:24.726-0500] {spark_submit.py:490} INFO - "name" : "AdjClose",
[2023-05-27T10:53:24.726-0500] {spark_submit.py:490} INFO - "type" : "float",
[2023-05-27T10:53:24.726-0500] {spark_submit.py:490} INFO - "nullable" : true,
[2023-05-27T10:53:24.727-0500] {spark_submit.py:490} INFO - "metadata" : { }
[2023-05-27T10:53:24.727-0500] {spark_submit.py:490} INFO - }, {
[2023-05-27T10:53:24.727-0500] {spark_submit.py:490} INFO - "name" : "Volume",
[2023-05-27T10:53:24.728-0500] {spark_submit.py:490} INFO - "type" : "integer",
[2023-05-27T10:53:24.728-0500] {spark_submit.py:490} INFO - "nullable" : true,
[2023-05-27T10:53:24.728-0500] {spark_submit.py:490} INFO - "metadata" : { }
[2023-05-27T10:53:24.728-0500] {spark_submit.py:490} INFO - }, {
[2023-05-27T10:53:24.729-0500] {spark_submit.py:490} INFO - "name" : "Symbol",
[2023-05-27T10:53:24.729-0500] {spark_submit.py:490} INFO - "type" : "string",
[2023-05-27T10:53:24.729-0500] {spark_submit.py:490} INFO - "nullable" : true,
[2023-05-27T10:53:24.730-0500] {spark_submit.py:490} INFO - "metadata" : { }
[2023-05-27T10:53:24.730-0500] {spark_submit.py:490} INFO - }, {
[2023-05-27T10:53:24.730-0500] {spark_submit.py:490} INFO - "name" : "Security Name",
[2023-05-27T10:53:24.730-0500] {spark_submit.py:490} INFO - "type" : "string",
[2023-05-27T10:53:24.731-0500] {spark_submit.py:490} INFO - "nullable" : true,
[2023-05-27T10:53:24.731-0500] {spark_submit.py:490} INFO - "metadata" : { }
[2023-05-27T10:53:24.731-0500] {spark_submit.py:490} INFO - } ]
[2023-05-27T10:53:24.732-0500] {spark_submit.py:490} INFO - }
[2023-05-27T10:53:24.732-0500] {spark_submit.py:490} INFO - and corresponding Parquet message type:
[2023-05-27T10:53:24.732-0500] {spark_submit.py:490} INFO - message spark_schema {
[2023-05-27T10:53:24.732-0500] {spark_submit.py:490} INFO - optional binary Date (STRING);
[2023-05-27T10:53:24.733-0500] {spark_submit.py:490} INFO - optional float Open;
[2023-05-27T10:53:24.733-0500] {spark_submit.py:490} INFO - optional float High;
[2023-05-27T10:53:24.733-0500] {spark_submit.py:490} INFO - optional float Low;
[2023-05-27T10:53:24.734-0500] {spark_submit.py:490} INFO - optional float Close;
[2023-05-27T10:53:24.734-0500] {spark_submit.py:490} INFO - optional float AdjClose;
[2023-05-27T10:53:24.734-0500] {spark_submit.py:490} INFO - optional int32 Volume;
[2023-05-27T10:53:24.734-0500] {spark_submit.py:490} INFO - optional binary Symbol (STRING);
[2023-05-27T10:53:24.735-0500] {spark_submit.py:490} INFO - optional binary Security Name (STRING);
[2023-05-27T10:53:24.735-0500] {spark_submit.py:490} INFO - }
[2023-05-27T10:53:24.735-0500] {spark_submit.py:490} INFO - 
[2023-05-27T10:53:24.736-0500] {spark_submit.py:490} INFO - 
[2023-05-27T10:53:24.736-0500] {spark_submit.py:490} INFO - 23/05/27 10:53:24 INFO ParquetWriteSupport: Initialized Parquet WriteSupport with Catalyst schema:
[2023-05-27T10:53:24.736-0500] {spark_submit.py:490} INFO - {
[2023-05-27T10:53:24.736-0500] {spark_submit.py:490} INFO - "type" : "struct",
[2023-05-27T10:53:24.737-0500] {spark_submit.py:490} INFO - "fields" : [ {
[2023-05-27T10:53:24.737-0500] {spark_submit.py:490} INFO - "name" : "Date",
[2023-05-27T10:53:24.737-0500] {spark_submit.py:490} INFO - "type" : "string",
[2023-05-27T10:53:24.738-0500] {spark_submit.py:490} INFO - "nullable" : true,
[2023-05-27T10:53:24.738-0500] {spark_submit.py:490} INFO - "metadata" : { }
[2023-05-27T10:53:24.739-0500] {spark_submit.py:490} INFO - }, {
[2023-05-27T10:53:24.739-0500] {spark_submit.py:490} INFO - "name" : "Open",
[2023-05-27T10:53:24.739-0500] {spark_submit.py:490} INFO - "type" : "float",
[2023-05-27T10:53:24.740-0500] {spark_submit.py:490} INFO - "nullable" : true,
[2023-05-27T10:53:24.740-0500] {spark_submit.py:490} INFO - "metadata" : { }
[2023-05-27T10:53:24.740-0500] {spark_submit.py:490} INFO - }, {
[2023-05-27T10:53:24.740-0500] {spark_submit.py:490} INFO - "name" : "High",
[2023-05-27T10:53:24.741-0500] {spark_submit.py:490} INFO - "type" : "float",
[2023-05-27T10:53:24.741-0500] {spark_submit.py:490} INFO - "nullable" : true,
[2023-05-27T10:53:24.741-0500] {spark_submit.py:490} INFO - "metadata" : { }
[2023-05-27T10:53:24.742-0500] {spark_submit.py:490} INFO - }, {
[2023-05-27T10:53:24.742-0500] {spark_submit.py:490} INFO - "name" : "Low",
[2023-05-27T10:53:24.742-0500] {spark_submit.py:490} INFO - "type" : "float",
[2023-05-27T10:53:24.743-0500] {spark_submit.py:490} INFO - "nullable" : true,
[2023-05-27T10:53:24.743-0500] {spark_submit.py:490} INFO - "metadata" : { }
[2023-05-27T10:53:24.743-0500] {spark_submit.py:490} INFO - }, {
[2023-05-27T10:53:24.743-0500] {spark_submit.py:490} INFO - "name" : "Close",
[2023-05-27T10:53:24.744-0500] {spark_submit.py:490} INFO - "type" : "float",
[2023-05-27T10:53:24.744-0500] {spark_submit.py:490} INFO - "nullable" : true,
[2023-05-27T10:53:24.744-0500] {spark_submit.py:490} INFO - "metadata" : { }
[2023-05-27T10:53:24.745-0500] {spark_submit.py:490} INFO - }, {
[2023-05-27T10:53:24.745-0500] {spark_submit.py:490} INFO - "name" : "AdjClose",
[2023-05-27T10:53:24.745-0500] {spark_submit.py:490} INFO - "type" : "float",
[2023-05-27T10:53:24.745-0500] {spark_submit.py:490} INFO - "nullable" : true,
[2023-05-27T10:53:24.746-0500] {spark_submit.py:490} INFO - "metadata" : { }
[2023-05-27T10:53:24.746-0500] {spark_submit.py:490} INFO - }, {
[2023-05-27T10:53:24.746-0500] {spark_submit.py:490} INFO - "name" : "Volume",
[2023-05-27T10:53:24.747-0500] {spark_submit.py:490} INFO - "type" : "integer",
[2023-05-27T10:53:24.747-0500] {spark_submit.py:490} INFO - "nullable" : true,
[2023-05-27T10:53:24.747-0500] {spark_submit.py:490} INFO - "metadata" : { }
[2023-05-27T10:53:24.747-0500] {spark_submit.py:490} INFO - }, {
[2023-05-27T10:53:24.748-0500] {spark_submit.py:490} INFO - "name" : "Symbol",
[2023-05-27T10:53:24.748-0500] {spark_submit.py:490} INFO - "type" : "string",
[2023-05-27T10:53:24.748-0500] {spark_submit.py:490} INFO - "nullable" : true,
[2023-05-27T10:53:24.749-0500] {spark_submit.py:490} INFO - "metadata" : { }
[2023-05-27T10:53:24.749-0500] {spark_submit.py:490} INFO - }, {
[2023-05-27T10:53:24.749-0500] {spark_submit.py:490} INFO - "name" : "Security Name",
[2023-05-27T10:53:24.749-0500] {spark_submit.py:490} INFO - "type" : "string",
[2023-05-27T10:53:24.750-0500] {spark_submit.py:490} INFO - "nullable" : true,
[2023-05-27T10:53:24.750-0500] {spark_submit.py:490} INFO - "metadata" : { }
[2023-05-27T10:53:24.750-0500] {spark_submit.py:490} INFO - } ]
[2023-05-27T10:53:24.751-0500] {spark_submit.py:490} INFO - }
[2023-05-27T10:53:24.751-0500] {spark_submit.py:490} INFO - and corresponding Parquet message type:
[2023-05-27T10:53:24.751-0500] {spark_submit.py:490} INFO - message spark_schema {
[2023-05-27T10:53:24.751-0500] {spark_submit.py:490} INFO - optional binary Date (STRING);
[2023-05-27T10:53:24.752-0500] {spark_submit.py:490} INFO - optional float Open;
[2023-05-27T10:53:24.752-0500] {spark_submit.py:490} INFO - optional float High;
[2023-05-27T10:53:24.752-0500] {spark_submit.py:490} INFO - optional float Low;
[2023-05-27T10:53:24.753-0500] {spark_submit.py:490} INFO - optional float Close;
[2023-05-27T10:53:24.753-0500] {spark_submit.py:490} INFO - optional float AdjClose;
[2023-05-27T10:53:24.753-0500] {spark_submit.py:490} INFO - optional int32 Volume;
[2023-05-27T10:53:24.753-0500] {spark_submit.py:490} INFO - optional binary Symbol (STRING);
[2023-05-27T10:53:24.754-0500] {spark_submit.py:490} INFO - optional binary Security Name (STRING);
[2023-05-27T10:53:24.754-0500] {spark_submit.py:490} INFO - }
[2023-05-27T10:53:24.754-0500] {spark_submit.py:490} INFO - 
[2023-05-27T10:53:24.755-0500] {spark_submit.py:490} INFO - 
[2023-05-27T10:53:24.755-0500] {spark_submit.py:490} INFO - 23/05/27 10:53:24 INFO CodecPool: Got brand-new compressor [.snappy]
[2023-05-27T10:53:24.755-0500] {spark_submit.py:490} INFO - 23/05/27 10:53:24 INFO CodecPool: Got brand-new compressor [.snappy]
[2023-05-27T10:53:24.755-0500] {spark_submit.py:490} INFO - 23/05/27 10:53:24 INFO CodecPool: Got brand-new compressor [.snappy]
[2023-05-27T10:53:24.884-0500] {spark_submit.py:490} INFO - 23/05/27 10:53:24 INFO FileScanRDD: Reading File path: file:///Users/sujatabaral/airflow/stock-data/etfs/AAXJ.csv, range: 0-311558, partition values: [empty row]
[2023-05-27T10:53:25.180-0500] {spark_submit.py:490} INFO - 23/05/27 10:53:25 INFO FileOutputCommitter: Saved output of task 'attempt_202305271053241291259055893356147_0002_m_000001_3' to file:/Users/sujatabaral/airflow/etf-data-out/landing_etfs.parquet/_temporary/0/task_202305271053241291259055893356147_0002_m_000001
[2023-05-27T10:53:25.181-0500] {spark_submit.py:490} INFO - 23/05/27 10:53:25 INFO FileOutputCommitter: Saved output of task 'attempt_202305271053241291259055893356147_0002_m_000000_2' to file:/Users/sujatabaral/airflow/etf-data-out/landing_etfs.parquet/_temporary/0/task_202305271053241291259055893356147_0002_m_000000
[2023-05-27T10:53:25.181-0500] {spark_submit.py:490} INFO - 23/05/27 10:53:25 INFO FileOutputCommitter: Saved output of task 'attempt_202305271053241291259055893356147_0002_m_000002_4' to file:/Users/sujatabaral/airflow/etf-data-out/landing_etfs.parquet/_temporary/0/task_202305271053241291259055893356147_0002_m_000002
[2023-05-27T10:53:25.181-0500] {spark_submit.py:490} INFO - 23/05/27 10:53:25 INFO SparkHadoopMapRedUtil: attempt_202305271053241291259055893356147_0002_m_000001_3: Committed. Elapsed time: 1 ms.
[2023-05-27T10:53:25.181-0500] {spark_submit.py:490} INFO - 23/05/27 10:53:25 INFO SparkHadoopMapRedUtil: attempt_202305271053241291259055893356147_0002_m_000002_4: Committed. Elapsed time: 1 ms.
[2023-05-27T10:53:25.182-0500] {spark_submit.py:490} INFO - 23/05/27 10:53:25 INFO SparkHadoopMapRedUtil: attempt_202305271053241291259055893356147_0002_m_000000_2: Committed. Elapsed time: 1 ms.
[2023-05-27T10:53:25.196-0500] {spark_submit.py:490} INFO - 23/05/27 10:53:25 INFO Executor: Finished task 2.0 in stage 2.0 (TID 4). 2712 bytes result sent to driver
[2023-05-27T10:53:25.196-0500] {spark_submit.py:490} INFO - 23/05/27 10:53:25 INFO Executor: Finished task 1.0 in stage 2.0 (TID 3). 2712 bytes result sent to driver
[2023-05-27T10:53:25.197-0500] {spark_submit.py:490} INFO - 23/05/27 10:53:25 INFO Executor: Finished task 0.0 in stage 2.0 (TID 2). 2712 bytes result sent to driver
[2023-05-27T10:53:25.198-0500] {spark_submit.py:490} INFO - 23/05/27 10:53:25 INFO TaskSetManager: Finished task 1.0 in stage 2.0 (TID 3) in 601 ms on sujatas-mbp-2 (executor driver) (1/3)
[2023-05-27T10:53:25.198-0500] {spark_submit.py:490} INFO - 23/05/27 10:53:25 INFO TaskSetManager: Finished task 0.0 in stage 2.0 (TID 2) in 602 ms on sujatas-mbp-2 (executor driver) (2/3)
[2023-05-27T10:53:25.199-0500] {spark_submit.py:490} INFO - 23/05/27 10:53:25 INFO TaskSetManager: Finished task 2.0 in stage 2.0 (TID 4) in 602 ms on sujatas-mbp-2 (executor driver) (3/3)
[2023-05-27T10:53:25.199-0500] {spark_submit.py:490} INFO - 23/05/27 10:53:25 INFO TaskSchedulerImpl: Removed TaskSet 2.0, whose tasks have all completed, from pool
[2023-05-27T10:53:25.200-0500] {spark_submit.py:490} INFO - 23/05/27 10:53:25 INFO DAGScheduler: ResultStage 2 (save at NativeMethodAccessorImpl.java:0) finished in 0.646 s
[2023-05-27T10:53:25.200-0500] {spark_submit.py:490} INFO - 23/05/27 10:53:25 INFO DAGScheduler: Job 2 is finished. Cancelling potential speculative or zombie tasks for this job
[2023-05-27T10:53:25.201-0500] {spark_submit.py:490} INFO - 23/05/27 10:53:25 INFO TaskSchedulerImpl: Killing all running tasks in stage 2: Stage finished
[2023-05-27T10:53:25.201-0500] {spark_submit.py:490} INFO - 23/05/27 10:53:25 INFO DAGScheduler: Job 2 finished: save at NativeMethodAccessorImpl.java:0, took 0.648756 s
[2023-05-27T10:53:25.201-0500] {spark_submit.py:490} INFO - 23/05/27 10:53:25 INFO FileFormatWriter: Start to commit write Job 503bb346-04ca-41b6-b4a4-8d7d729bfaf7.
[2023-05-27T10:53:25.219-0500] {spark_submit.py:490} INFO - 23/05/27 10:53:25 INFO FileFormatWriter: Write Job 503bb346-04ca-41b6-b4a4-8d7d729bfaf7 committed. Elapsed time: 16 ms.
[2023-05-27T10:53:25.221-0500] {spark_submit.py:490} INFO - 23/05/27 10:53:25 INFO FileFormatWriter: Finished processing stats for write job 503bb346-04ca-41b6-b4a4-8d7d729bfaf7.
[2023-05-27T10:53:25.257-0500] {spark_submit.py:490} INFO - 23/05/27 10:53:25 INFO SparkContext: Invoking stop() from shutdown hook
[2023-05-27T10:53:25.257-0500] {spark_submit.py:490} INFO - 23/05/27 10:53:25 INFO SparkContext: SparkContext is stopping with exitCode 0.
[2023-05-27T10:53:25.264-0500] {spark_submit.py:490} INFO - 23/05/27 10:53:25 INFO SparkUI: Stopped Spark web UI at http://sujatas-mbp-2:4041
[2023-05-27T10:53:25.272-0500] {spark_submit.py:490} INFO - 23/05/27 10:53:25 INFO MapOutputTrackerMasterEndpoint: MapOutputTrackerMasterEndpoint stopped!
[2023-05-27T10:53:25.284-0500] {spark_submit.py:490} INFO - 23/05/27 10:53:25 INFO MemoryStore: MemoryStore cleared
[2023-05-27T10:53:25.284-0500] {spark_submit.py:490} INFO - 23/05/27 10:53:25 INFO BlockManager: BlockManager stopped
[2023-05-27T10:53:25.286-0500] {spark_submit.py:490} INFO - 23/05/27 10:53:25 INFO BlockManagerMaster: BlockManagerMaster stopped
[2023-05-27T10:53:25.287-0500] {spark_submit.py:490} INFO - 23/05/27 10:53:25 INFO OutputCommitCoordinator$OutputCommitCoordinatorEndpoint: OutputCommitCoordinator stopped!
[2023-05-27T10:53:25.294-0500] {spark_submit.py:490} INFO - 23/05/27 10:53:25 INFO SparkContext: Successfully stopped SparkContext
[2023-05-27T10:53:25.294-0500] {spark_submit.py:490} INFO - 23/05/27 10:53:25 INFO ShutdownHookManager: Shutdown hook called
[2023-05-27T10:53:25.295-0500] {spark_submit.py:490} INFO - 23/05/27 10:53:25 INFO ShutdownHookManager: Deleting directory /private/var/folders/rj/4j_wg7hj631gk16sz5z2gtzc0000gn/T/spark-ef9f823e-1f82-44ed-a6f7-2bb48d19975b
[2023-05-27T10:53:25.299-0500] {spark_submit.py:490} INFO - 23/05/27 10:53:25 INFO ShutdownHookManager: Deleting directory /private/var/folders/rj/4j_wg7hj631gk16sz5z2gtzc0000gn/T/spark-3bafb802-f167-4c63-8001-b650bae11553/pyspark-c00e352d-0e98-4fc5-b030-b6572ce5b6df
[2023-05-27T10:53:25.303-0500] {spark_submit.py:490} INFO - 23/05/27 10:53:25 INFO ShutdownHookManager: Deleting directory /private/var/folders/rj/4j_wg7hj631gk16sz5z2gtzc0000gn/T/spark-3bafb802-f167-4c63-8001-b650bae11553
[2023-05-27T10:53:25.366-0500] {taskinstance.py:1345} INFO - Marking task as SUCCESS. dag_id=stock_etf_analysis_dag_v_06, task_id=stage1_etfs_transform_task, execution_date=20230527T155250, start_date=20230527T155318, end_date=20230527T155325
[2023-05-27T10:53:25.423-0500] {local_task_job_runner.py:225} INFO - Task exited with return code 0
[2023-05-27T10:53:25.463-0500] {taskinstance.py:2651} INFO - 1 downstream tasks scheduled from follow-on schedule check
